[+] Containers:
 |- [+] Container: /Game/TopDown/Maps/TopDownMap
 |   |- [+] ActorDescs:
 |   |   |- Guid:03E02BEB468F4A956089D7895C4F3C16 BaseClass:/Game/Content/BP_Tile.BP_Tile_C NativeClass:/Script/Engine.Actor Name:BP_Tile_C_UAID_581122D494562EB401_2086952351 Label:BP_Tile16 SpatiallyLoaded:1 Bounds:IsValid=true, Min=(X=-250.000 Y=250.000 Z=-100.050), Max=(X=-150.000 Y=350.000 Z=32.000) RuntimeGrid:None EditorOnly:0 RuntimeOnly:0 HLODRelevant:0
 |   |   |- Guid:06E66582406FB150B4950EB336045822 BaseClass:/Game/TopDown/Blueprints/BP_Grid.BP_Grid_C NativeClass:/Script/Engine.Actor Name:BP_Grid_C_UAID_581122D49456D9B301_1663855378 Label:BP_Grid SpatiallyLoaded:1 Bounds:IsValid=true, Min=(X=-50.000 Y=-50.000 Z=-100.050), Max=(X=850.000 Y=850.000 Z=0.100) RuntimeGrid:None EditorOnly:0 RuntimeOnly:0 HLODRelevant:0
 |   |   |- Guid:0775F134442E857C35AB5D8F63C741E2 BaseClass:/Game/Content/BP_Tile.BP_Tile_C NativeClass:/Script/Engine.Actor Name:BP_Tile_C_UAID_581122D494562EB401_2069538338 Label:BP_Tile3 SpatiallyLoaded:1 Bounds:IsValid=true, Min=(X=-550.000 Y=450.000 Z=-100.050), Max=(X=-450.000 Y=550.000 Z=32.000) RuntimeGrid:None EditorOnly:0 RuntimeOnly:0 HLODRelevant:0
 |   |   |- Guid:089D7CC149D3336F4B8136B1CF82B001 BaseClass:/Game/Content/BP_Tile.BP_Tile_C NativeClass:/Script/Engine.Actor Name:BP_Tile_C_UAID_581122D494566FB401_2133522787 Label:BP_Tile32 SpatiallyLoaded:1 Bounds:IsValid=true, Min=(X=-651.738 Y=1335.663 Z=-100.050), Max=(X=-386.573 Y=1600.827 Z=32.000) RuntimeGrid:None EditorOnly:0 RuntimeOnly:0 HLODRelevant:0
 |   |   |- Guid:091A37B14B94D2C22A66948358A68862 BaseClass:/Game/Content/BP_Tile.BP_Tile_C NativeClass:/Script/Engine.Actor Name:BP_Tile_C_UAID_581122D494566FB401_2135875790 Label:BP_Tile35 SpatiallyLoaded:1 Bounds:IsValid=true, Min=(X=-248.460 Y=1201.995 Z=-100.050), Max=(X=16.705 Y=1467.160 Z=32.000) RuntimeGrid:None EditorOnly:0 RuntimeOnly:0 HLODRelevant:0
 |   |   |- Guid:0B237D41447550D9A0F6ED9D9EDFB009 BaseClass:/Game/Content/BP_Tile.BP_Tile_C NativeClass:/Script/Engine.Actor Name:BP_Tile_C_UAID_581122D494562EB401_2080068345 Label:BP_Tile10 SpatiallyLoaded:1 Bounds:IsValid=true, Min=(X=-450.000 Y=650.000 Z=-100.050), Max=(X=-350.000 Y=750.000 Z=32.000) RuntimeGrid:None EditorOnly:0 RuntimeOnly:0 HLODRelevant:0
 |   |   |- Guid:0C88A72140F815991DA363979AFF0570 BaseClass:/Game/TopDown/Blueprints/WorldData.WorldData_C NativeClass:/Script/Engine.Actor Name:WorldData_C_UAID_581122D49456D3B301_1966586319 Label:WorldData SpatiallyLoaded:1 Bounds:IsValid=true, Min=(X=2.000 Y=2.000 Z=18.000), Max=(X=98.000 Y=98.000 Z=82.000) RuntimeGrid:None EditorOnly:0 RuntimeOnly:0 HLODRelevant:0
 |   |   |- Guid:0DB319824B538D10BF93CC948EB553A1 BaseClass:/Game/Content/BP_Tile.BP_Tile_C NativeClass:/Script/Engine.Actor Name:BP_Tile_C_UAID_581122D494562EB401_2071824339 Label:BP_Tile4 SpatiallyLoaded:1 Bounds:IsValid=true, Min=(X=-550.000 Y=550.000 Z=-100.050), Max=(X=-450.000 Y=650.000 Z=32.000) RuntimeGrid:None EditorOnly:0 RuntimeOnly:0 HLODRelevant:0
 |   |   |- Guid:1252CB63453A37D28E0B3180E225D5DF BaseClass:/Game/Content/BP_Tile.BP_Tile_C NativeClass:/Script/Engine.Actor Name:BP_Tile_C_UAID_581122D494562EB401_2083948348 Label:BP_Tile13 SpatiallyLoaded:1 Bounds:IsValid=true, Min=(X=-350.000 Y=450.000 Z=-100.050), Max=(X=-250.000 Y=550.000 Z=32.000) RuntimeGrid:None EditorOnly:0 RuntimeOnly:0 HLODRelevant:0
 |   |   |- Guid:147C8D134B12D635012D5F8C57D2C96F BaseClass: NativeClass:/Script/Engine.PostProcessVolume Name:PostProcessVolume_1 Label:PostProcessVolume SpatiallyLoaded:0 Bounds:IsValid=true, Min=(X=0.000 Y=0.000 Z=400.000), Max=(X=200.000 Y=200.000 Z=600.000) RuntimeGrid:None EditorOnly:0 RuntimeOnly:0 HLODRelevant:0 FolderPath:Lighting FolderGuid:4C9334684BA61B42C769F799D2576455
 |   |   |- Guid:1742DF43475F097453197AA79C7473D9 BaseClass: NativeClass:/Script/Engine.SkyLight Name:SkyLight_1 Label:SkyLight SpatiallyLoaded:0 Bounds:IsValid=true, Min=(X=0.000 Y=0.000 Z=690.000), Max=(X=0.000 Y=0.000 Z=690.000) RuntimeGrid:None EditorOnly:0 RuntimeOnly:0 HLODRelevant:0 FolderPath:Lighting FolderGuid:4C9334684BA61B42C769F799D2576455
 |   |   |- Guid:2ADFF6B9418629A3B763AF8771496C44 BaseClass:/Game/Content/BP_Tile.BP_Tile_C NativeClass:/Script/Engine.Actor Name:BP_Tile_C_UAID_581122D494566FB401_2135878792 Label:BP_Tile37 SpatiallyLoaded:1 Bounds:IsValid=true, Min=(X=-517.615 Y=1470.240 Z=-100.050), Max=(X=-252.450 Y=1735.405 Z=32.000) RuntimeGrid:None EditorOnly:0 RuntimeOnly:0 HLODRelevant:0
 |   |   |- Guid:2B5E5DFE444A6A0E158B53A743A99A29 BaseClass:/Game/Content/BP_Tile.BP_Tile_C NativeClass:/Script/Engine.Actor Name:BP_Tile_C_UAID_581122D494562EB401_2086957355 Label:BP_Tile20 SpatiallyLoaded:1 Bounds:IsValid=true, Min=(X=-250.000 Y=650.000 Z=-100.050), Max=(X=-150.000 Y=750.000 Z=32.000) RuntimeGrid:None EditorOnly:0 RuntimeOnly:0 HLODRelevant:0
 |   |   |- Guid:2DF0D95440BE0EDA81652F860DC7268E BaseClass: NativeClass:/Script/Engine.WorldDataLayers Name:WorldDataLayers Label:WorldDataLayers SpatiallyLoaded:0 Bounds:IsValid=true, Min=(X=0.000 Y=0.000 Z=0.000), Max=(X=0.000 Y=0.000 Z=0.000) RuntimeGrid:None EditorOnly:0 RuntimeOnly:0 HLODRelevant:0
 |   |   |- Guid:370DEEB143D8AD8BBBC86B984FE61C03 BaseClass:/Game/Content/BP_Tile.BP_Tile_C NativeClass:/Script/Engine.Actor Name:BP_Tile_C_UAID_581122D494562EB401_2086956354 Label:BP_Tile19 SpatiallyLoaded:1 Bounds:IsValid=true, Min=(X=-250.000 Y=550.000 Z=-100.050), Max=(X=-150.000 Y=650.000 Z=32.000) RuntimeGrid:None EditorOnly:0 RuntimeOnly:0 HLODRelevant:0
 |   |   |- Guid:37DB5EBE4E2D8A354E6A90940281E536 BaseClass:/Game/Content/BP_Tile.BP_Tile_C NativeClass:/Script/Engine.Actor Name:BP_Tile_C_UAID_581122D494562EB401_2080066343 Label:BP_Tile8 SpatiallyLoaded:1 Bounds:IsValid=true, Min=(X=-450.000 Y=450.000 Z=-100.050), Max=(X=-350.000 Y=550.000 Z=32.000) RuntimeGrid:None EditorOnly:0 RuntimeOnly:0 HLODRelevant:0
 |   |   |- Guid:38A22FEF47BD808E2F86658AD4D7E28F BaseClass:/Game/Content/BP_Tile.BP_Tile_C NativeClass:/Script/Engine.Actor Name:BP_Tile_C_UAID_581122D494562EB401_2080063341 Label:BP_Tile6 SpatiallyLoaded:1 Bounds:IsValid=true, Min=(X=-450.000 Y=250.000 Z=-100.050), Max=(X=-350.000 Y=350.000 Z=32.000) RuntimeGrid:None EditorOnly:0 RuntimeOnly:0 HLODRelevant:0
 |   |   |- Guid:3F04CD08456E8A6176A829BA344C861A BaseClass:/Game/Content/BP_Tile.BP_Tile_C NativeClass:/Script/Engine.Actor Name:BP_Tile_C_UAID_581122D494566FB401_2121107782 Label:BP_Tile28 SpatiallyLoaded:1 Bounds:IsValid=true, Min=(X=-920.438 Y=1335.208 Z=-100.050), Max=(X=-655.273 Y=1600.372 Z=32.000) RuntimeGrid:None EditorOnly:0 RuntimeOnly:0 HLODRelevant:0
 |   |   |- Guid:46547124439FC4E77DBD00A81077F055 BaseClass:/Game/Content/BP_Tile.BP_Tile_C NativeClass:/Script/Engine.Actor Name:BP_Tile_C_UAID_581122D494566FB401_1905309775 Label:BP_Tile21 SpatiallyLoaded:1 Bounds:IsValid=true, Min=(X=-650.000 Y=550.000 Z=-100.050), Max=(X=-550.000 Y=650.000 Z=32.000) RuntimeGrid:None EditorOnly:0 RuntimeOnly:0 HLODRelevant:0
 |   |   |- Guid:48DFAEC84C8170F8300E1FA050D8EA8B BaseClass:/Game/Content/BP_Tile.BP_Tile_C NativeClass:/Script/Engine.Actor Name:BP_Tile_C_UAID_581122D494562EB401_2083947347 Label:BP_Tile12 SpatiallyLoaded:1 Bounds:IsValid=true, Min=(X=-350.000 Y=350.000 Z=-100.050), Max=(X=-250.000 Y=450.000 Z=32.000) RuntimeGrid:None EditorOnly:0 RuntimeOnly:0 HLODRelevant:0
 |   |   |- Guid:52EDCE6B4F55AC12DB6846BBDF9CE3D7 BaseClass:/Game/Content/BP_Tile.BP_Tile_C NativeClass:/Script/Engine.Actor Name:BP_Tile_C_UAID_581122D494562EB401_2065475337 Label:BP_Tile2 SpatiallyLoaded:1 Bounds:IsValid=true, Min=(X=-550.000 Y=350.000 Z=-100.050), Max=(X=-450.000 Y=450.000 Z=32.000) RuntimeGrid:None EditorOnly:0 RuntimeOnly:0 HLODRelevant:0
 |   |   |- Guid:53EA1A524CB47558AFD12D88422E1751 BaseClass:/Game/Content/BP_Tile.BP_Tile_C NativeClass:/Script/Engine.Actor Name:BP_Tile_C_UAID_581122D494566FB401_2135877791 Label:BP_Tile36 SpatiallyLoaded:1 Bounds:IsValid=true, Min=(X=-383.037 Y=1336.118 Z=-100.050), Max=(X=-117.873 Y=1601.283 Z=32.000) RuntimeGrid:None EditorOnly:0 RuntimeOnly:0 HLODRelevant:0
 |   |   |- Guid:586281B740631CF9C6465DBC428CB4A8 BaseClass:/Game/Content/BP_Tile.BP_Tile_C NativeClass:/Script/Engine.Actor Name:BP_Tile_C_UAID_581122D494566FB401_1905314777 Label:BP_Tile23 SpatiallyLoaded:1 Bounds:IsValid=true, Min=(X=-516.705 Y=932.840 Z=-100.050), Max=(X=-251.540 Y=1198.005 Z=32.000) RuntimeGrid:None EditorOnly:0 RuntimeOnly:0 HLODRelevant:0
 |   |   |- Guid:608B87AE4CB8FDF21C32EFAD0352AAF4 BaseClass:/Game/Content/BP_Tile.BP_Tile_C NativeClass:/Script/Engine.Actor Name:BP_Tile_C_UAID_581122D494566FB401_2143722800 Label:BP_Tile45 SpatiallyLoaded:1 Bounds:IsValid=true, Min=(X=19.785 Y=1471.151 Z=-100.050), Max=(X=284.950 Y=1736.315 Z=32.000) RuntimeGrid:None EditorOnly:0 RuntimeOnly:0 HLODRelevant:0
 |   |   |- Guid:6252C7D64ACF162A73EE65B11FE214D1 BaseClass: NativeClass:/Script/Engine.SkyAtmosphere Name:SkyAtmosphere_1 Label:SkyAtmosphere SpatiallyLoaded:0 Bounds:IsValid=true, Min=(X=0.000 Y=0.000 Z=1020.000), Max=(X=0.000 Y=0.000 Z=1020.000) RuntimeGrid:None EditorOnly:0 RuntimeOnly:0 HLODRelevant:0 FolderPath:Lighting FolderGuid:4C9334684BA61B42C769F799D2576455
 |   |   |- Guid:66BCBF874D2A22ADC6523B95EE812CA3 BaseClass: NativeClass:/Script/Engine.StaticMeshActor Name:StaticMeshActor_UAID_A4AE111137DC5CFB00_1660657071 Label:SM_SkySphere SpatiallyLoaded:0 Bounds:IsValid=true, Min=(X=-1638400.000 Y=-1638400.000 Z=-1638400.000), Max=(X=1638400.000 Y=1638400.000 Z=1638400.000) RuntimeGrid:None EditorOnly:0 RuntimeOnly:0 HLODRelevant:1 FolderPath:Lighting FolderGuid:4C9334684BA61B42C769F799D2576455
 |   |   |- Guid:6FBDDC8D4C3CD8D012C9F7810227D65B BaseClass:/Game/Content/BP_Tile.BP_Tile_C NativeClass:/Script/Engine.Actor Name:BP_Tile_C_UAID_581122D494562EB401_2083946346 Label:BP_Tile11 SpatiallyLoaded:1 Bounds:IsValid=true, Min=(X=-350.000 Y=250.000 Z=-100.050), Max=(X=-250.000 Y=350.000 Z=32.000) RuntimeGrid:None EditorOnly:0 RuntimeOnly:0 HLODRelevant:0
 |   |   |- Guid:77F893B3468595EE782136AD620D7EF4 BaseClass: NativeClass:/Script/Engine.VolumetricCloud Name:VolumetricCloud_0 Label:VolumetricCloud SpatiallyLoaded:0 Bounds:IsValid=true, Min=(X=0.000 Y=0.000 Z=820.000), Max=(X=0.000 Y=0.000 Z=820.000) RuntimeGrid:None EditorOnly:0 RuntimeOnly:0 HLODRelevant:0 FolderPath:Lighting FolderGuid:4C9334684BA61B42C769F799D2576455
 |   |   |- Guid:78C45D49475D65EA526BB58A106168A7 BaseClass:/Game/Content/BP_Tile.BP_Tile_C NativeClass:/Script/Engine.Actor Name:BP_Tile_C_UAID_581122D494566FB401_2133517785 Label:BP_Tile30 SpatiallyLoaded:1 Bounds:IsValid=true, Min=(X=-382.582 Y=1067.418 Z=-100.050), Max=(X=-117.418 Y=1332.582 Z=32.000) RuntimeGrid:None EditorOnly:0 RuntimeOnly:0 HLODRelevant:0
 |   |   |- Guid:7EA827A74CD73A2EDF4BD5A5DBFBDE39 BaseClass:/Game/Content/BP_Tile.BP_Tile_C NativeClass:/Script/Engine.Actor Name:BP_Tile_C_UAID_581122D494566FB401_2140706795 Label:BP_Tile40 SpatiallyLoaded:1 Bounds:IsValid=true, Min=(X=-114.337 Y=1336.573 Z=-100.050), Max=(X=150.827 Y=1601.738 Z=32.000) RuntimeGrid:None EditorOnly:0 RuntimeOnly:0 HLODRelevant:0
 |   |   |- Guid:8095FF6E4AE050E6DADF58BD10812E64 BaseClass:/Game/Content/BP_Tile.BP_Tile_C NativeClass:/Script/Engine.Actor Name:BP_Tile_C_UAID_581122D494566FB401_2143724801 Label:BP_Tile46 SpatiallyLoaded:1 Bounds:IsValid=true, Min=(X=-114.792 Y=1605.273 Z=-100.050), Max=(X=150.372 Y=1870.438 Z=32.000) RuntimeGrid:None EditorOnly:0 RuntimeOnly:0 HLODRelevant:0
 |   |   |- Guid:828C47544F64D73CA2B1789D22163793 BaseClass:/Game/Content/BP_Tile.BP_Tile_C NativeClass:/Script/Engine.Actor Name:BP_Tile_C_UAID_581122D494566FB401_2112320780 Label:BP_Tile26 SpatiallyLoaded:1 Bounds:IsValid=true, Min=(X=-651.283 Y=1066.963 Z=-100.050), Max=(X=-386.118 Y=1332.127 Z=32.000) RuntimeGrid:None EditorOnly:0 RuntimeOnly:0 HLODRelevant:0
 |   |   |- Guid:83F629A34710EEF24F49D4AC2A2D5671 BaseClass:/Game/Content/BP_Tile.BP_Tile_C NativeClass:/Script/Engine.Actor Name:BP_Tile_C_UAID_581122D494562EB401_2086955353 Label:BP_Tile18 SpatiallyLoaded:1 Bounds:IsValid=true, Min=(X=-250.000 Y=450.000 Z=-100.050), Max=(X=-150.000 Y=550.000 Z=32.000) RuntimeGrid:None EditorOnly:0 RuntimeOnly:0 HLODRelevant:0
 |   |   |- Guid:8B0AF3544E733F4A863A16962FF6957F BaseClass:/Game/Content/BP_Tile.BP_Tile_C NativeClass:/Script/Engine.Actor Name:BP_Tile_C_UAID_581122D494566FB401_2140711798 Label:BP_Tile43 SpatiallyLoaded:1 Bounds:IsValid=true, Min=(X=-518.070 Y=1738.941 Z=-100.050), Max=(X=-252.906 Y=2004.105 Z=32.000) RuntimeGrid:None EditorOnly:0 RuntimeOnly:0 HLODRelevant:0
 |   |   |- Guid:8B8045794720649198A85C960D3716D2 BaseClass:/Game/Content/BP_Tile.BP_Tile_C NativeClass:/Script/Engine.Actor Name:BP_Tile_C_UAID_581122D494566FB401_2118590781 Label:BP_Tile27 SpatiallyLoaded:1 Bounds:IsValid=true, Min=(X=-785.860 Y=1201.085 Z=-100.050), Max=(X=-520.696 Y=1466.250 Z=32.000) RuntimeGrid:None EditorOnly:0 RuntimeOnly:0 HLODRelevant:0
 |   |   |- Guid:91E19F354BE3F4B5BB061CA90E65D9F9 BaseClass:/Game/Content/BP_Tile.BP_Tile_C NativeClass:/Script/Engine.Actor Name:BP_Tile_C_UAID_581122D494566FB401_1905316779 Label:BP_Tile25 SpatiallyLoaded:1 Bounds:IsValid=true, Min=(X=-650.000 Y=350.000 Z=-100.050), Max=(X=-550.000 Y=450.000 Z=32.000) RuntimeGrid:None EditorOnly:0 RuntimeOnly:0 HLODRelevant:0
 |   |   |- Guid:99A002634DA368C31F253EA4C5100EFF BaseClass:/Game/Content/BP_Tile.BP_Tile_C NativeClass:/Script/Engine.Actor Name:BP_Tile_C_UAID_581122D494562EB401_2086953352 Label:BP_Tile17 SpatiallyLoaded:1 Bounds:IsValid=true, Min=(X=-250.000 Y=350.000 Z=-100.050), Max=(X=-150.000 Y=450.000 Z=32.000) RuntimeGrid:None EditorOnly:0 RuntimeOnly:0 HLODRelevant:0
 |   |   |- Guid:9C65B5BC464F233BAC36D5B53B464C89 BaseClass:/Game/Content/BP_Tile.BP_Tile_C NativeClass:/Script/Engine.Actor Name:BP_Tile_C_UAID_581122D494566FB401_2140710797 Label:BP_Tile42 SpatiallyLoaded:1 Bounds:IsValid=true, Min=(X=-383.493 Y=1604.818 Z=-100.050), Max=(X=-118.328 Y=1869.983 Z=32.000) RuntimeGrid:None EditorOnly:0 RuntimeOnly:0 HLODRelevant:0
 |   |   |- Guid:9E74E62145B0EEEB3FC65C804EEABFA4 BaseClass:/Game/Content/BP_Tile.BP_Tile_C NativeClass:/Script/Engine.Actor Name:BP_Tile_C_UAID_581122D494566FB401_2133524789 Label:BP_Tile34 SpatiallyLoaded:1 Bounds:IsValid=true, Min=(X=-920.893 Y=1603.908 Z=-100.050), Max=(X=-655.728 Y=1869.072 Z=32.000) RuntimeGrid:None EditorOnly:0 RuntimeOnly:0 HLODRelevant:0
 |   |   |- Guid:A3F14CD5414890C21232B0BD72FD22A3 BaseClass:/Game/Content/BP_Tile.BP_Tile_C NativeClass:/Script/Engine.Actor Name:BP_Tile_C_UAID_581122D494566FB401_2135879793 Label:BP_Tile38 SpatiallyLoaded:1 Bounds:IsValid=true, Min=(X=-652.193 Y=1604.363 Z=-100.050), Max=(X=-387.028 Y=1869.528 Z=32.000) RuntimeGrid:None EditorOnly:0 RuntimeOnly:0 HLODRelevant:0
 |   |   |- Guid:A5AC948045CCE14BC91A8882BCC86CF7 BaseClass:/Game/Content/BP_Tile.BP_Tile_C NativeClass:/Script/Engine.Actor Name:BP_Tile_C_UAID_581122D494566FB401_2123415783 Label:BP_Tile29 SpatiallyLoaded:1 Bounds:IsValid=true, Min=(X=-1055.016 Y=1469.330 Z=-100.050), Max=(X=-789.851 Y=1734.495 Z=32.000) RuntimeGrid:None EditorOnly:0 RuntimeOnly:0 HLODRelevant:0
 |   |   |- Guid:AB5B22EA4536A8D8CB5D3085FE8E6E09 BaseClass:/Game/Content/BP_Tile.BP_Tile_C NativeClass:/Script/Engine.Actor Name:BP_Tile_C_UAID_581122D494562EB401_2080067344 Label:BP_Tile9 SpatiallyLoaded:1 Bounds:IsValid=true, Min=(X=-450.000 Y=550.000 Z=-100.050), Max=(X=-350.000 Y=650.000 Z=32.000) RuntimeGrid:None EditorOnly:0 RuntimeOnly:0 HLODRelevant:0
 |   |   |- Guid:AD2AC9794B7F9211042F1583770CB6D0 BaseClass:/Game/Content/BP_Tile.BP_Tile_C NativeClass:/Script/Engine.Actor Name:BP_Tile_C_UAID_581122D494562EB401_2074068340 Label:BP_Tile5 SpatiallyLoaded:1 Bounds:IsValid=true, Min=(X=-550.000 Y=650.000 Z=-100.050), Max=(X=-450.000 Y=750.000 Z=32.000) RuntimeGrid:None EditorOnly:0 RuntimeOnly:0 HLODRelevant:0
 |   |   |- Guid:AECEEEE741E6DE68F6843FA49564A956 BaseClass: NativeClass:/Script/Engine.DirectionalLight Name:DirectionalLight_1 Label:DirectionalLight SpatiallyLoaded:0 Bounds:IsValid=true, Min=(X=-1048576.000 Y=-1048576.000 Z=-1048576.000), Max=(X=1048576.000 Y=1048576.000 Z=1048576.000) RuntimeGrid:None EditorOnly:0 RuntimeOnly:0 HLODRelevant:0 FolderPath:Lighting FolderGuid:4C9334684BA61B42C769F799D2576455
 |   |   |- Guid:B876E63647DBCCB6DB183F8544FFCB39 BaseClass:/Game/Content/BP_Tile.BP_Tile_C NativeClass:/Script/Engine.Actor Name:BP_Tile_C_UAID_581122D494562EB401_2083950350 Label:BP_Tile15 SpatiallyLoaded:1 Bounds:IsValid=true, Min=(X=-350.000 Y=650.000 Z=-100.050), Max=(X=-250.000 Y=750.000 Z=32.000) RuntimeGrid:None EditorOnly:0 RuntimeOnly:0 HLODRelevant:0
 |   |   |- Guid:BF5CCD84443CB3E5F91B90835E39E2B9 BaseClass:/Game/Content/BP_Tile.BP_Tile_C NativeClass:/Script/Engine.Actor Name:BP_Tile_C_UAID_581122D494566FB401_2143726802 Label:BP_Tile47 SpatiallyLoaded:1 Bounds:IsValid=true, Min=(X=-249.370 Y=1739.396 Z=-100.050), Max=(X=15.795 Y=2004.560 Z=32.000) RuntimeGrid:None EditorOnly:0 RuntimeOnly:0 HLODRelevant:0
 |   |   |- Guid:C8F43CBB48B94F3E6A442F821279417C BaseClass:/Game/Content/BP_Tile.BP_Tile_C NativeClass:/Script/Engine.Actor Name:BP_Tile_C_UAID_581122D494566FB401_2133521786 Label:BP_Tile31 SpatiallyLoaded:1 Bounds:IsValid=true, Min=(X=-517.160 Y=1201.540 Z=-100.050), Max=(X=-251.995 Y=1466.705 Z=32.000) RuntimeGrid:None EditorOnly:0 RuntimeOnly:0 HLODRelevant:0
 |   |   |- Guid:C9C014E54A5BFB9591E3ED8A6131DEA4 BaseClass:/Game/Content/BP_Tile.BP_Tile_C NativeClass:/Script/Engine.Actor Name:BP_Tile_C_UAID_581122D494566FB401_2135879794 Label:BP_Tile39 SpatiallyLoaded:1 Bounds:IsValid=true, Min=(X=-786.770 Y=1738.485 Z=-100.050), Max=(X=-521.606 Y=2003.650 Z=32.000) RuntimeGrid:None EditorOnly:0 RuntimeOnly:0 HLODRelevant:0
 |   |   |- Guid:CBEF3CE645394969E66A25B4361CFCE4 BaseClass:/Game/Content/BP_Tile.BP_Tile_C NativeClass:/Script/Engine.Actor Name:BP_Tile_C_UAID_581122D494562EB401_2083950349 Label:BP_Tile14 SpatiallyLoaded:1 Bounds:IsValid=true, Min=(X=-350.000 Y=550.000 Z=-100.050), Max=(X=-250.000 Y=650.000 Z=32.000) RuntimeGrid:None EditorOnly:0 RuntimeOnly:0 HLODRelevant:0
 |   |   |- Guid:CCDD89584E0A9025F52AEDA51D60CA54 BaseClass: NativeClass:/Script/NavigationSystem.NavMeshBoundsVolume Name:NavMeshBoundsVolume_1 Label:NavMeshBoundsVolume SpatiallyLoaded:0 Bounds:IsValid=true, Min=(X=-1060.000 Y=-430.000 Z=-230.000), Max=(X=2140.000 Y=3270.000 Z=270.000) RuntimeGrid:None EditorOnly:0 RuntimeOnly:0 HLODRelevant:0 FolderPath:Navigation FolderGuid:AE45D61F453CC144CF8289862C276E89
 |   |   |- Guid:CE8D6F09419BF78F0CEAFF8EEA5AEDFA BaseClass:/Game/Content/BP_Tile.BP_Tile_C NativeClass:/Script/Engine.Actor Name:BP_Tile_C_UAID_581122D494566FB401_2140712799 Label:BP_Tile44 SpatiallyLoaded:1 Bounds:IsValid=true, Min=(X=-652.648 Y=1873.063 Z=-100.050), Max=(X=-387.483 Y=2138.228 Z=32.000) RuntimeGrid:None EditorOnly:0 RuntimeOnly:0 HLODRelevant:0
 |   |   |- Guid:D24D61B944EF71BE7BC469B7EB239299 BaseClass: NativeClass:/Script/Engine.ExponentialHeightFog Name:ExponentialHeightFog_1 Label:ExponentialHeightFog SpatiallyLoaded:0 Bounds:IsValid=true, Min=(X=-5600.000 Y=-50.000 Z=-6850.000), Max=(X=-5600.000 Y=-50.000 Z=-6850.000) RuntimeGrid:None EditorOnly:0 RuntimeOnly:0 HLODRelevant:0 FolderPath:Lighting FolderGuid:4C9334684BA61B42C769F799D2576455
 |   |   |- Guid:D72A555A49A86F0E4A754D9F04823F8A BaseClass:/Game/Content/BP_Tile.BP_Tile_C NativeClass:/Script/Engine.Actor Name:BP_Tile_C_UAID_581122D494566FB401_1905315778 Label:BP_Tile24 SpatiallyLoaded:1 Bounds:IsValid=true, Min=(X=-650.000 Y=450.000 Z=-100.050), Max=(X=-550.000 Y=550.000 Z=32.000) RuntimeGrid:None EditorOnly:0 RuntimeOnly:0 HLODRelevant:0
 |   |   |- Guid:E3E5DC6E457E54FDE007A58913023A9F BaseClass:/Game/Content/BP_Tile.BP_Tile_C NativeClass:/Script/Engine.Actor Name:BP_Tile_C_UAID_581122D494566FB401_2133523788 Label:BP_Tile33 SpatiallyLoaded:1 Bounds:IsValid=true, Min=(X=-786.315 Y=1469.785 Z=-100.050), Max=(X=-521.151 Y=1734.950 Z=32.000) RuntimeGrid:None EditorOnly:0 RuntimeOnly:0 HLODRelevant:0
 |   |   |- Guid:ED9A2F9E4BD62BF0D6263B97322740F7 BaseClass:/Game/Content/BP_Tile.BP_Tile_C NativeClass:/Script/Engine.Actor Name:BP_Tile_C_UAID_581122D494566FB401_2143728804 Label:BP_Tile49 SpatiallyLoaded:1 Bounds:IsValid=true, Min=(X=-518.525 Y=2007.641 Z=-100.050), Max=(X=-253.361 Y=2272.805 Z=32.000) RuntimeGrid:None EditorOnly:0 RuntimeOnly:0 HLODRelevant:0
 |   |   |- Guid:EEC78DB14AF10C99E1E16C90552BA1D5 BaseClass:/Game/Content/BP_Tile.BP_Tile_C NativeClass:/Script/Engine.Actor Name:BP_Tile_C_UAID_581122D494562EB401_2032104336 Label:BP_Tile SpatiallyLoaded:1 Bounds:IsValid=true, Min=(X=-550.000 Y=250.000 Z=-100.050), Max=(X=-450.000 Y=350.000 Z=32.000) RuntimeGrid:None EditorOnly:0 RuntimeOnly:0 HLODRelevant:0
 |   |   |- Guid:F33CC5014C49925B3A9D52A063AF483F BaseClass: NativeClass:/Script/Engine.PlayerStart Name:PlayerStart_0 Label:PlayerStart SpatiallyLoaded:0 Bounds:IsValid=true, Min=(X=-680.000 Y=1455.000 Z=114.389), Max=(X=-600.000 Y=1525.000 Z=298.389) RuntimeGrid:None EditorOnly:0 RuntimeOnly:0 HLODRelevant:0
 |   |   |- Guid:FDA21BC3495345C479567A8938A73A71 BaseClass:/Game/Content/BP_Tile.BP_Tile_C NativeClass:/Script/Engine.Actor Name:BP_Tile_C_UAID_581122D494562EB401_2080065342 Label:BP_Tile7 SpatiallyLoaded:1 Bounds:IsValid=true, Min=(X=-450.000 Y=350.000 Z=-100.050), Max=(X=-350.000 Y=450.000 Z=32.000) RuntimeGrid:None EditorOnly:0 RuntimeOnly:0 HLODRelevant:0
 |   |   |- Guid:FE7BD0A543114D9FF64A5DA5F27DDD66 BaseClass:/Game/Content/BP_Tile.BP_Tile_C NativeClass:/Script/Engine.Actor Name:BP_Tile_C_UAID_581122D494566FB401_1905313776 Label:BP_Tile22 SpatiallyLoaded:1 Bounds:IsValid=true, Min=(X=-650.000 Y=250.000 Z=-100.050), Max=(X=-550.000 Y=350.000 Z=32.000) RuntimeGrid:None EditorOnly:0 RuntimeOnly:0 HLODRelevant:0
 |   |   |- Guid:FEE6DFB64C5E381BD932DB95965780FE BaseClass:/Game/Content/BP_Tile.BP_Tile_C NativeClass:/Script/Engine.Actor Name:BP_Tile_C_UAID_581122D494566FB401_2143727803 Label:BP_Tile48 SpatiallyLoaded:1 Bounds:IsValid=true, Min=(X=-383.948 Y=1873.518 Z=-100.050), Max=(X=-118.783 Y=2138.683 Z=32.000) RuntimeGrid:None EditorOnly:0 RuntimeOnly:0 HLODRelevant:0
 |   |   |- Guid:FFC8C28E425BA2A5A073C199918F9846 BaseClass:/Game/Content/BP_Tile.BP_Tile_C NativeClass:/Script/Engine.Actor Name:BP_Tile_C_UAID_581122D494566FB401_2140709796 Label:BP_Tile41 SpatiallyLoaded:1 Bounds:IsValid=true, Min=(X=-248.915 Y=1470.696 Z=-100.050), Max=(X=16.250 Y=1735.860 Z=32.000) RuntimeGrid:None EditorOnly:0 RuntimeOnly:0 HLODRelevant:0
 |   |- [+] Clusters:
 |   |   |- [+] [  0]
 |   |   |   |- Guid:AB5B22EA4536A8D8CB5D3085FE8E6E09 BaseClass:/Game/Content/BP_Tile.BP_Tile_C NativeClass:/Script/Engine.Actor Name:BP_Tile_C_UAID_581122D494562EB401_2080067344 Label:BP_Tile9 SpatiallyLoaded:1 Bounds:IsValid=true, Min=(X=-450.000 Y=550.000 Z=-100.050), Max=(X=-350.000 Y=650.000 Z=32.000) RuntimeGrid:None EditorOnly:0 RuntimeOnly:0 HLODRelevant:0
 |   |   |- [+] [  1]
 |   |   |   |- Guid:CBEF3CE645394969E66A25B4361CFCE4 BaseClass:/Game/Content/BP_Tile.BP_Tile_C NativeClass:/Script/Engine.Actor Name:BP_Tile_C_UAID_581122D494562EB401_2083950349 Label:BP_Tile14 SpatiallyLoaded:1 Bounds:IsValid=true, Min=(X=-350.000 Y=550.000 Z=-100.050), Max=(X=-250.000 Y=650.000 Z=32.000) RuntimeGrid:None EditorOnly:0 RuntimeOnly:0 HLODRelevant:0
 |   |   |- [+] [  2]
 |   |   |   |- Guid:CCDD89584E0A9025F52AEDA51D60CA54 BaseClass: NativeClass:/Script/NavigationSystem.NavMeshBoundsVolume Name:NavMeshBoundsVolume_1 Label:NavMeshBoundsVolume SpatiallyLoaded:0 Bounds:IsValid=true, Min=(X=-1060.000 Y=-430.000 Z=-230.000), Max=(X=2140.000 Y=3270.000 Z=270.000) RuntimeGrid:None EditorOnly:0 RuntimeOnly:0 HLODRelevant:0 FolderPath:Navigation FolderGuid:AE45D61F453CC144CF8289862C276E89
 |   |   |- [+] [  3]
 |   |   |   |- Guid:0DB319824B538D10BF93CC948EB553A1 BaseClass:/Game/Content/BP_Tile.BP_Tile_C NativeClass:/Script/Engine.Actor Name:BP_Tile_C_UAID_581122D494562EB401_2071824339 Label:BP_Tile4 SpatiallyLoaded:1 Bounds:IsValid=true, Min=(X=-550.000 Y=550.000 Z=-100.050), Max=(X=-450.000 Y=650.000 Z=32.000) RuntimeGrid:None EditorOnly:0 RuntimeOnly:0 HLODRelevant:0
 |   |   |- [+] [  4]
 |   |   |   |- Guid:0B237D41447550D9A0F6ED9D9EDFB009 BaseClass:/Game/Content/BP_Tile.BP_Tile_C NativeClass:/Script/Engine.Actor Name:BP_Tile_C_UAID_581122D494562EB401_2080068345 Label:BP_Tile10 SpatiallyLoaded:1 Bounds:IsValid=true, Min=(X=-450.000 Y=650.000 Z=-100.050), Max=(X=-350.000 Y=750.000 Z=32.000) RuntimeGrid:None EditorOnly:0 RuntimeOnly:0 HLODRelevant:0
 |   |   |- [+] [  5]
 |   |   |   |- Guid:EEC78DB14AF10C99E1E16C90552BA1D5 BaseClass:/Game/Content/BP_Tile.BP_Tile_C NativeClass:/Script/Engine.Actor Name:BP_Tile_C_UAID_581122D494562EB401_2032104336 Label:BP_Tile SpatiallyLoaded:1 Bounds:IsValid=true, Min=(X=-550.000 Y=250.000 Z=-100.050), Max=(X=-450.000 Y=350.000 Z=32.000) RuntimeGrid:None EditorOnly:0 RuntimeOnly:0 HLODRelevant:0
 |   |   |- [+] [  6]
 |   |   |   |- Guid:0C88A72140F815991DA363979AFF0570 BaseClass:/Game/TopDown/Blueprints/WorldData.WorldData_C NativeClass:/Script/Engine.Actor Name:WorldData_C_UAID_581122D49456D3B301_1966586319 Label:WorldData SpatiallyLoaded:1 Bounds:IsValid=true, Min=(X=2.000 Y=2.000 Z=18.000), Max=(X=98.000 Y=98.000 Z=82.000) RuntimeGrid:None EditorOnly:0 RuntimeOnly:0 HLODRelevant:0
 |   |   |- [+] [  7]
 |   |   |   |- Guid:83F629A34710EEF24F49D4AC2A2D5671 BaseClass:/Game/Content/BP_Tile.BP_Tile_C NativeClass:/Script/Engine.Actor Name:BP_Tile_C_UAID_581122D494562EB401_2086955353 Label:BP_Tile18 SpatiallyLoaded:1 Bounds:IsValid=true, Min=(X=-250.000 Y=450.000 Z=-100.050), Max=(X=-150.000 Y=550.000 Z=32.000) RuntimeGrid:None EditorOnly:0 RuntimeOnly:0 HLODRelevant:0
 |   |   |- [+] [  8]
 |   |   |   |- Guid:B876E63647DBCCB6DB183F8544FFCB39 BaseClass:/Game/Content/BP_Tile.BP_Tile_C NativeClass:/Script/Engine.Actor Name:BP_Tile_C_UAID_581122D494562EB401_2083950350 Label:BP_Tile15 SpatiallyLoaded:1 Bounds:IsValid=true, Min=(X=-350.000 Y=650.000 Z=-100.050), Max=(X=-250.000 Y=750.000 Z=32.000) RuntimeGrid:None EditorOnly:0 RuntimeOnly:0 HLODRelevant:0
 |   |   |- [+] [  9]
 |   |   |   |- Guid:6252C7D64ACF162A73EE65B11FE214D1 BaseClass: NativeClass:/Script/Engine.SkyAtmosphere Name:SkyAtmosphere_1 Label:SkyAtmosphere SpatiallyLoaded:0 Bounds:IsValid=true, Min=(X=0.000 Y=0.000 Z=1020.000), Max=(X=0.000 Y=0.000 Z=1020.000) RuntimeGrid:None EditorOnly:0 RuntimeOnly:0 HLODRelevant:0 FolderPath:Lighting FolderGuid:4C9334684BA61B42C769F799D2576455
 |   |   |- [+] [ 10]
 |   |   |   |- Guid:37DB5EBE4E2D8A354E6A90940281E536 BaseClass:/Game/Content/BP_Tile.BP_Tile_C NativeClass:/Script/Engine.Actor Name:BP_Tile_C_UAID_581122D494562EB401_2080066343 Label:BP_Tile8 SpatiallyLoaded:1 Bounds:IsValid=true, Min=(X=-450.000 Y=450.000 Z=-100.050), Max=(X=-350.000 Y=550.000 Z=32.000) RuntimeGrid:None EditorOnly:0 RuntimeOnly:0 HLODRelevant:0
 |   |   |- [+] [ 11]
 |   |   |   |- Guid:D24D61B944EF71BE7BC469B7EB239299 BaseClass: NativeClass:/Script/Engine.ExponentialHeightFog Name:ExponentialHeightFog_1 Label:ExponentialHeightFog SpatiallyLoaded:0 Bounds:IsValid=true, Min=(X=-5600.000 Y=-50.000 Z=-6850.000), Max=(X=-5600.000 Y=-50.000 Z=-6850.000) RuntimeGrid:None EditorOnly:0 RuntimeOnly:0 HLODRelevant:0 FolderPath:Lighting FolderGuid:4C9334684BA61B42C769F799D2576455
 |   |   |- [+] [ 12]
 |   |   |   |- Guid:AD2AC9794B7F9211042F1583770CB6D0 BaseClass:/Game/Content/BP_Tile.BP_Tile_C NativeClass:/Script/Engine.Actor Name:BP_Tile_C_UAID_581122D494562EB401_2074068340 Label:BP_Tile5 SpatiallyLoaded:1 Bounds:IsValid=true, Min=(X=-550.000 Y=650.000 Z=-100.050), Max=(X=-450.000 Y=750.000 Z=32.000) RuntimeGrid:None EditorOnly:0 RuntimeOnly:0 HLODRelevant:0
 |   |   |- [+] [ 13]
 |   |   |   |- Guid:77F893B3468595EE782136AD620D7EF4 BaseClass: NativeClass:/Script/Engine.VolumetricCloud Name:VolumetricCloud_0 Label:VolumetricCloud SpatiallyLoaded:0 Bounds:IsValid=true, Min=(X=0.000 Y=0.000 Z=820.000), Max=(X=0.000 Y=0.000 Z=820.000) RuntimeGrid:None EditorOnly:0 RuntimeOnly:0 HLODRelevant:0 FolderPath:Lighting FolderGuid:4C9334684BA61B42C769F799D2576455
 |   |   |- [+] [ 14]
 |   |   |   |- Guid:F33CC5014C49925B3A9D52A063AF483F BaseClass: NativeClass:/Script/Engine.PlayerStart Name:PlayerStart_0 Label:PlayerStart SpatiallyLoaded:0 Bounds:IsValid=true, Min=(X=-680.000 Y=1455.000 Z=114.389), Max=(X=-600.000 Y=1525.000 Z=298.389) RuntimeGrid:None EditorOnly:0 RuntimeOnly:0 HLODRelevant:0
 |   |   |- [+] [ 15]
 |   |   |   |- Guid:147C8D134B12D635012D5F8C57D2C96F BaseClass: NativeClass:/Script/Engine.PostProcessVolume Name:PostProcessVolume_1 Label:PostProcessVolume SpatiallyLoaded:0 Bounds:IsValid=true, Min=(X=0.000 Y=0.000 Z=400.000), Max=(X=200.000 Y=200.000 Z=600.000) RuntimeGrid:None EditorOnly:0 RuntimeOnly:0 HLODRelevant:0 FolderPath:Lighting FolderGuid:4C9334684BA61B42C769F799D2576455
 |   |   |- [+] [ 16]
 |   |   |   |- Guid:0775F134442E857C35AB5D8F63C741E2 BaseClass:/Game/Content/BP_Tile.BP_Tile_C NativeClass:/Script/Engine.Actor Name:BP_Tile_C_UAID_581122D494562EB401_2069538338 Label:BP_Tile3 SpatiallyLoaded:1 Bounds:IsValid=true, Min=(X=-550.000 Y=450.000 Z=-100.050), Max=(X=-450.000 Y=550.000 Z=32.000) RuntimeGrid:None EditorOnly:0 RuntimeOnly:0 HLODRelevant:0
 |   |   |- [+] [ 17]
 |   |   |   |- Guid:38A22FEF47BD808E2F86658AD4D7E28F BaseClass:/Game/Content/BP_Tile.BP_Tile_C NativeClass:/Script/Engine.Actor Name:BP_Tile_C_UAID_581122D494562EB401_2080063341 Label:BP_Tile6 SpatiallyLoaded:1 Bounds:IsValid=true, Min=(X=-450.000 Y=250.000 Z=-100.050), Max=(X=-350.000 Y=350.000 Z=32.000) RuntimeGrid:None EditorOnly:0 RuntimeOnly:0 HLODRelevant:0
 |   |   |- [+] [ 18]
 |   |   |   |- Guid:FDA21BC3495345C479567A8938A73A71 BaseClass:/Game/Content/BP_Tile.BP_Tile_C NativeClass:/Script/Engine.Actor Name:BP_Tile_C_UAID_581122D494562EB401_2080065342 Label:BP_Tile7 SpatiallyLoaded:1 Bounds:IsValid=true, Min=(X=-450.000 Y=350.000 Z=-100.050), Max=(X=-350.000 Y=450.000 Z=32.000) RuntimeGrid:None EditorOnly:0 RuntimeOnly:0 HLODRelevant:0
 |   |   |- [+] [ 19]
 |   |   |   |- Guid:370DEEB143D8AD8BBBC86B984FE61C03 BaseClass:/Game/Content/BP_Tile.BP_Tile_C NativeClass:/Script/Engine.Actor Name:BP_Tile_C_UAID_581122D494562EB401_2086956354 Label:BP_Tile19 SpatiallyLoaded:1 Bounds:IsValid=true, Min=(X=-250.000 Y=550.000 Z=-100.050), Max=(X=-150.000 Y=650.000 Z=32.000) RuntimeGrid:None EditorOnly:0 RuntimeOnly:0 HLODRelevant:0
 |   |   |- [+] [ 20]
 |   |   |   |- Guid:1252CB63453A37D28E0B3180E225D5DF BaseClass:/Game/Content/BP_Tile.BP_Tile_C NativeClass:/Script/Engine.Actor Name:BP_Tile_C_UAID_581122D494562EB401_2083948348 Label:BP_Tile13 SpatiallyLoaded:1 Bounds:IsValid=true, Min=(X=-350.000 Y=450.000 Z=-100.050), Max=(X=-250.000 Y=550.000 Z=32.000) RuntimeGrid:None EditorOnly:0 RuntimeOnly:0 HLODRelevant:0
 |   |   |- [+] [ 21]
 |   |   |   |- Guid:52EDCE6B4F55AC12DB6846BBDF9CE3D7 BaseClass:/Game/Content/BP_Tile.BP_Tile_C NativeClass:/Script/Engine.Actor Name:BP_Tile_C_UAID_581122D494562EB401_2065475337 Label:BP_Tile2 SpatiallyLoaded:1 Bounds:IsValid=true, Min=(X=-550.000 Y=350.000 Z=-100.050), Max=(X=-450.000 Y=450.000 Z=32.000) RuntimeGrid:None EditorOnly:0 RuntimeOnly:0 HLODRelevant:0
 |   |   |- [+] [ 22]
 |   |   |   |- Guid:2B5E5DFE444A6A0E158B53A743A99A29 BaseClass:/Game/Content/BP_Tile.BP_Tile_C NativeClass:/Script/Engine.Actor Name:BP_Tile_C_UAID_581122D494562EB401_2086957355 Label:BP_Tile20 SpatiallyLoaded:1 Bounds:IsValid=true, Min=(X=-250.000 Y=650.000 Z=-100.050), Max=(X=-150.000 Y=750.000 Z=32.000) RuntimeGrid:None EditorOnly:0 RuntimeOnly:0 HLODRelevant:0
 |   |   |- [+] [ 23]
 |   |   |   |- Guid:AECEEEE741E6DE68F6843FA49564A956 BaseClass: NativeClass:/Script/Engine.DirectionalLight Name:DirectionalLight_1 Label:DirectionalLight SpatiallyLoaded:0 Bounds:IsValid=true, Min=(X=-1048576.000 Y=-1048576.000 Z=-1048576.000), Max=(X=1048576.000 Y=1048576.000 Z=1048576.000) RuntimeGrid:None EditorOnly:0 RuntimeOnly:0 HLODRelevant:0 FolderPath:Lighting FolderGuid:4C9334684BA61B42C769F799D2576455
 |   |   |- [+] [ 24]
 |   |   |   |- Guid:2DF0D95440BE0EDA81652F860DC7268E BaseClass: NativeClass:/Script/Engine.WorldDataLayers Name:WorldDataLayers Label:WorldDataLayers SpatiallyLoaded:0 Bounds:IsValid=true, Min=(X=0.000 Y=0.000 Z=0.000), Max=(X=0.000 Y=0.000 Z=0.000) RuntimeGrid:None EditorOnly:0 RuntimeOnly:0 HLODRelevant:0
 |   |   |- [+] [ 25]
 |   |   |   |- Guid:06E66582406FB150B4950EB336045822 BaseClass:/Game/TopDown/Blueprints/BP_Grid.BP_Grid_C NativeClass:/Script/Engine.Actor Name:BP_Grid_C_UAID_581122D49456D9B301_1663855378 Label:BP_Grid SpatiallyLoaded:1 Bounds:IsValid=true, Min=(X=-50.000 Y=-50.000 Z=-100.050), Max=(X=850.000 Y=850.000 Z=0.100) RuntimeGrid:None EditorOnly:0 RuntimeOnly:0 HLODRelevant:0
 |   |   |- [+] [ 26]
 |   |   |   |- Guid:03E02BEB468F4A956089D7895C4F3C16 BaseClass:/Game/Content/BP_Tile.BP_Tile_C NativeClass:/Script/Engine.Actor Name:BP_Tile_C_UAID_581122D494562EB401_2086952351 Label:BP_Tile16 SpatiallyLoaded:1 Bounds:IsValid=true, Min=(X=-250.000 Y=250.000 Z=-100.050), Max=(X=-150.000 Y=350.000 Z=32.000) RuntimeGrid:None EditorOnly:0 RuntimeOnly:0 HLODRelevant:0
 |   |   |- [+] [ 27]
 |   |   |   |- Guid:66BCBF874D2A22ADC6523B95EE812CA3 BaseClass: NativeClass:/Script/Engine.StaticMeshActor Name:StaticMeshActor_UAID_A4AE111137DC5CFB00_1660657071 Label:SM_SkySphere SpatiallyLoaded:0 Bounds:IsValid=true, Min=(X=-1638400.000 Y=-1638400.000 Z=-1638400.000), Max=(X=1638400.000 Y=1638400.000 Z=1638400.000) RuntimeGrid:None EditorOnly:0 RuntimeOnly:0 HLODRelevant:1 FolderPath:Lighting FolderGuid:4C9334684BA61B42C769F799D2576455
 |   |   |- [+] [ 28]
 |   |   |   |- Guid:99A002634DA368C31F253EA4C5100EFF BaseClass:/Game/Content/BP_Tile.BP_Tile_C NativeClass:/Script/Engine.Actor Name:BP_Tile_C_UAID_581122D494562EB401_2086953352 Label:BP_Tile17 SpatiallyLoaded:1 Bounds:IsValid=true, Min=(X=-250.000 Y=350.000 Z=-100.050), Max=(X=-150.000 Y=450.000 Z=32.000) RuntimeGrid:None EditorOnly:0 RuntimeOnly:0 HLODRelevant:0
 |   |   |- [+] [ 29]
 |   |   |   |- Guid:6FBDDC8D4C3CD8D012C9F7810227D65B BaseClass:/Game/Content/BP_Tile.BP_Tile_C NativeClass:/Script/Engine.Actor Name:BP_Tile_C_UAID_581122D494562EB401_2083946346 Label:BP_Tile11 SpatiallyLoaded:1 Bounds:IsValid=true, Min=(X=-350.000 Y=250.000 Z=-100.050), Max=(X=-250.000 Y=350.000 Z=32.000) RuntimeGrid:None EditorOnly:0 RuntimeOnly:0 HLODRelevant:0
 |   |   |- [+] [ 30]
 |   |   |   |- Guid:48DFAEC84C8170F8300E1FA050D8EA8B BaseClass:/Game/Content/BP_Tile.BP_Tile_C NativeClass:/Script/Engine.Actor Name:BP_Tile_C_UAID_581122D494562EB401_2083947347 Label:BP_Tile12 SpatiallyLoaded:1 Bounds:IsValid=true, Min=(X=-350.000 Y=350.000 Z=-100.050), Max=(X=-250.000 Y=450.000 Z=32.000) RuntimeGrid:None EditorOnly:0 RuntimeOnly:0 HLODRelevant:0
 |   |   |- [+] [ 31]
 |   |   |   |- Guid:1742DF43475F097453197AA79C7473D9 BaseClass: NativeClass:/Script/Engine.SkyLight Name:SkyLight_1 Label:SkyLight SpatiallyLoaded:0 Bounds:IsValid=true, Min=(X=0.000 Y=0.000 Z=690.000), Max=(X=0.000 Y=0.000 Z=690.000) RuntimeGrid:None EditorOnly:0 RuntimeOnly:0 HLODRelevant:0 FolderPath:Lighting FolderGuid:4C9334684BA61B42C769F799D2576455
 |   |   |- [+] [ 32]
 |   |   |   |- Guid:46547124439FC4E77DBD00A81077F055 BaseClass:/Game/Content/BP_Tile.BP_Tile_C NativeClass:/Script/Engine.Actor Name:BP_Tile_C_UAID_581122D494566FB401_1905309775 Label:BP_Tile21 SpatiallyLoaded:1 Bounds:IsValid=true, Min=(X=-650.000 Y=550.000 Z=-100.050), Max=(X=-550.000 Y=650.000 Z=32.000) RuntimeGrid:None EditorOnly:0 RuntimeOnly:0 HLODRelevant:0
 |   |   |- [+] [ 33]
 |   |   |   |- Guid:FE7BD0A543114D9FF64A5DA5F27DDD66 BaseClass:/Game/Content/BP_Tile.BP_Tile_C NativeClass:/Script/Engine.Actor Name:BP_Tile_C_UAID_581122D494566FB401_1905313776 Label:BP_Tile22 SpatiallyLoaded:1 Bounds:IsValid=true, Min=(X=-650.000 Y=250.000 Z=-100.050), Max=(X=-550.000 Y=350.000 Z=32.000) RuntimeGrid:None EditorOnly:0 RuntimeOnly:0 HLODRelevant:0
 |   |   |- [+] [ 34]
 |   |   |   |- Guid:586281B740631CF9C6465DBC428CB4A8 BaseClass:/Game/Content/BP_Tile.BP_Tile_C NativeClass:/Script/Engine.Actor Name:BP_Tile_C_UAID_581122D494566FB401_1905314777 Label:BP_Tile23 SpatiallyLoaded:1 Bounds:IsValid=true, Min=(X=-516.705 Y=932.840 Z=-100.050), Max=(X=-251.540 Y=1198.005 Z=32.000) RuntimeGrid:None EditorOnly:0 RuntimeOnly:0 HLODRelevant:0
 |   |   |- [+] [ 35]
 |   |   |   |- Guid:D72A555A49A86F0E4A754D9F04823F8A BaseClass:/Game/Content/BP_Tile.BP_Tile_C NativeClass:/Script/Engine.Actor Name:BP_Tile_C_UAID_581122D494566FB401_1905315778 Label:BP_Tile24 SpatiallyLoaded:1 Bounds:IsValid=true, Min=(X=-650.000 Y=450.000 Z=-100.050), Max=(X=-550.000 Y=550.000 Z=32.000) RuntimeGrid:None EditorOnly:0 RuntimeOnly:0 HLODRelevant:0
 |   |   |- [+] [ 36]
 |   |   |   |- Guid:91E19F354BE3F4B5BB061CA90E65D9F9 BaseClass:/Game/Content/BP_Tile.BP_Tile_C NativeClass:/Script/Engine.Actor Name:BP_Tile_C_UAID_581122D494566FB401_1905316779 Label:BP_Tile25 SpatiallyLoaded:1 Bounds:IsValid=true, Min=(X=-650.000 Y=350.000 Z=-100.050), Max=(X=-550.000 Y=450.000 Z=32.000) RuntimeGrid:None EditorOnly:0 RuntimeOnly:0 HLODRelevant:0
 |   |   |- [+] [ 37]
 |   |   |   |- Guid:828C47544F64D73CA2B1789D22163793 BaseClass:/Game/Content/BP_Tile.BP_Tile_C NativeClass:/Script/Engine.Actor Name:BP_Tile_C_UAID_581122D494566FB401_2112320780 Label:BP_Tile26 SpatiallyLoaded:1 Bounds:IsValid=true, Min=(X=-651.283 Y=1066.963 Z=-100.050), Max=(X=-386.118 Y=1332.127 Z=32.000) RuntimeGrid:None EditorOnly:0 RuntimeOnly:0 HLODRelevant:0
 |   |   |- [+] [ 38]
 |   |   |   |- Guid:8B8045794720649198A85C960D3716D2 BaseClass:/Game/Content/BP_Tile.BP_Tile_C NativeClass:/Script/Engine.Actor Name:BP_Tile_C_UAID_581122D494566FB401_2118590781 Label:BP_Tile27 SpatiallyLoaded:1 Bounds:IsValid=true, Min=(X=-785.860 Y=1201.085 Z=-100.050), Max=(X=-520.696 Y=1466.250 Z=32.000) RuntimeGrid:None EditorOnly:0 RuntimeOnly:0 HLODRelevant:0
 |   |   |- [+] [ 39]
 |   |   |   |- Guid:3F04CD08456E8A6176A829BA344C861A BaseClass:/Game/Content/BP_Tile.BP_Tile_C NativeClass:/Script/Engine.Actor Name:BP_Tile_C_UAID_581122D494566FB401_2121107782 Label:BP_Tile28 SpatiallyLoaded:1 Bounds:IsValid=true, Min=(X=-920.438 Y=1335.208 Z=-100.050), Max=(X=-655.273 Y=1600.372 Z=32.000) RuntimeGrid:None EditorOnly:0 RuntimeOnly:0 HLODRelevant:0
 |   |   |- [+] [ 40]
 |   |   |   |- Guid:A5AC948045CCE14BC91A8882BCC86CF7 BaseClass:/Game/Content/BP_Tile.BP_Tile_C NativeClass:/Script/Engine.Actor Name:BP_Tile_C_UAID_581122D494566FB401_2123415783 Label:BP_Tile29 SpatiallyLoaded:1 Bounds:IsValid=true, Min=(X=-1055.016 Y=1469.330 Z=-100.050), Max=(X=-789.851 Y=1734.495 Z=32.000) RuntimeGrid:None EditorOnly:0 RuntimeOnly:0 HLODRelevant:0
 |   |   |- [+] [ 41]
 |   |   |   |- Guid:78C45D49475D65EA526BB58A106168A7 BaseClass:/Game/Content/BP_Tile.BP_Tile_C NativeClass:/Script/Engine.Actor Name:BP_Tile_C_UAID_581122D494566FB401_2133517785 Label:BP_Tile30 SpatiallyLoaded:1 Bounds:IsValid=true, Min=(X=-382.582 Y=1067.418 Z=-100.050), Max=(X=-117.418 Y=1332.582 Z=32.000) RuntimeGrid:None EditorOnly:0 RuntimeOnly:0 HLODRelevant:0
 |   |   |- [+] [ 42]
 |   |   |   |- Guid:C8F43CBB48B94F3E6A442F821279417C BaseClass:/Game/Content/BP_Tile.BP_Tile_C NativeClass:/Script/Engine.Actor Name:BP_Tile_C_UAID_581122D494566FB401_2133521786 Label:BP_Tile31 SpatiallyLoaded:1 Bounds:IsValid=true, Min=(X=-517.160 Y=1201.540 Z=-100.050), Max=(X=-251.995 Y=1466.705 Z=32.000) RuntimeGrid:None EditorOnly:0 RuntimeOnly:0 HLODRelevant:0
 |   |   |- [+] [ 43]
 |   |   |   |- Guid:089D7CC149D3336F4B8136B1CF82B001 BaseClass:/Game/Content/BP_Tile.BP_Tile_C NativeClass:/Script/Engine.Actor Name:BP_Tile_C_UAID_581122D494566FB401_2133522787 Label:BP_Tile32 SpatiallyLoaded:1 Bounds:IsValid=true, Min=(X=-651.738 Y=1335.663 Z=-100.050), Max=(X=-386.573 Y=1600.827 Z=32.000) RuntimeGrid:None EditorOnly:0 RuntimeOnly:0 HLODRelevant:0
 |   |   |- [+] [ 44]
 |   |   |   |- Guid:E3E5DC6E457E54FDE007A58913023A9F BaseClass:/Game/Content/BP_Tile.BP_Tile_C NativeClass:/Script/Engine.Actor Name:BP_Tile_C_UAID_581122D494566FB401_2133523788 Label:BP_Tile33 SpatiallyLoaded:1 Bounds:IsValid=true, Min=(X=-786.315 Y=1469.785 Z=-100.050), Max=(X=-521.151 Y=1734.950 Z=32.000) RuntimeGrid:None EditorOnly:0 RuntimeOnly:0 HLODRelevant:0
 |   |   |- [+] [ 45]
 |   |   |   |- Guid:9E74E62145B0EEEB3FC65C804EEABFA4 BaseClass:/Game/Content/BP_Tile.BP_Tile_C NativeClass:/Script/Engine.Actor Name:BP_Tile_C_UAID_581122D494566FB401_2133524789 Label:BP_Tile34 SpatiallyLoaded:1 Bounds:IsValid=true, Min=(X=-920.893 Y=1603.908 Z=-100.050), Max=(X=-655.728 Y=1869.072 Z=32.000) RuntimeGrid:None EditorOnly:0 RuntimeOnly:0 HLODRelevant:0
 |   |   |- [+] [ 46]
 |   |   |   |- Guid:091A37B14B94D2C22A66948358A68862 BaseClass:/Game/Content/BP_Tile.BP_Tile_C NativeClass:/Script/Engine.Actor Name:BP_Tile_C_UAID_581122D494566FB401_2135875790 Label:BP_Tile35 SpatiallyLoaded:1 Bounds:IsValid=true, Min=(X=-248.460 Y=1201.995 Z=-100.050), Max=(X=16.705 Y=1467.160 Z=32.000) RuntimeGrid:None EditorOnly:0 RuntimeOnly:0 HLODRelevant:0
 |   |   |- [+] [ 47]
 |   |   |   |- Guid:53EA1A524CB47558AFD12D88422E1751 BaseClass:/Game/Content/BP_Tile.BP_Tile_C NativeClass:/Script/Engine.Actor Name:BP_Tile_C_UAID_581122D494566FB401_2135877791 Label:BP_Tile36 SpatiallyLoaded:1 Bounds:IsValid=true, Min=(X=-383.037 Y=1336.118 Z=-100.050), Max=(X=-117.873 Y=1601.283 Z=32.000) RuntimeGrid:None EditorOnly:0 RuntimeOnly:0 HLODRelevant:0
 |   |   |- [+] [ 48]
 |   |   |   |- Guid:2ADFF6B9418629A3B763AF8771496C44 BaseClass:/Game/Content/BP_Tile.BP_Tile_C NativeClass:/Script/Engine.Actor Name:BP_Tile_C_UAID_581122D494566FB401_2135878792 Label:BP_Tile37 SpatiallyLoaded:1 Bounds:IsValid=true, Min=(X=-517.615 Y=1470.240 Z=-100.050), Max=(X=-252.450 Y=1735.405 Z=32.000) RuntimeGrid:None EditorOnly:0 RuntimeOnly:0 HLODRelevant:0
 |   |   |- [+] [ 49]
 |   |   |   |- Guid:A3F14CD5414890C21232B0BD72FD22A3 BaseClass:/Game/Content/BP_Tile.BP_Tile_C NativeClass:/Script/Engine.Actor Name:BP_Tile_C_UAID_581122D494566FB401_2135879793 Label:BP_Tile38 SpatiallyLoaded:1 Bounds:IsValid=true, Min=(X=-652.193 Y=1604.363 Z=-100.050), Max=(X=-387.028 Y=1869.528 Z=32.000) RuntimeGrid:None EditorOnly:0 RuntimeOnly:0 HLODRelevant:0
 |   |   |- [+] [ 50]
 |   |   |   |- Guid:C9C014E54A5BFB9591E3ED8A6131DEA4 BaseClass:/Game/Content/BP_Tile.BP_Tile_C NativeClass:/Script/Engine.Actor Name:BP_Tile_C_UAID_581122D494566FB401_2135879794 Label:BP_Tile39 SpatiallyLoaded:1 Bounds:IsValid=true, Min=(X=-786.770 Y=1738.485 Z=-100.050), Max=(X=-521.606 Y=2003.650 Z=32.000) RuntimeGrid:None EditorOnly:0 RuntimeOnly:0 HLODRelevant:0
 |   |   |- [+] [ 51]
 |   |   |   |- Guid:7EA827A74CD73A2EDF4BD5A5DBFBDE39 BaseClass:/Game/Content/BP_Tile.BP_Tile_C NativeClass:/Script/Engine.Actor Name:BP_Tile_C_UAID_581122D494566FB401_2140706795 Label:BP_Tile40 SpatiallyLoaded:1 Bounds:IsValid=true, Min=(X=-114.337 Y=1336.573 Z=-100.050), Max=(X=150.827 Y=1601.738 Z=32.000) RuntimeGrid:None EditorOnly:0 RuntimeOnly:0 HLODRelevant:0
 |   |   |- [+] [ 52]
 |   |   |   |- Guid:FFC8C28E425BA2A5A073C199918F9846 BaseClass:/Game/Content/BP_Tile.BP_Tile_C NativeClass:/Script/Engine.Actor Name:BP_Tile_C_UAID_581122D494566FB401_2140709796 Label:BP_Tile41 SpatiallyLoaded:1 Bounds:IsValid=true, Min=(X=-248.915 Y=1470.696 Z=-100.050), Max=(X=16.250 Y=1735.860 Z=32.000) RuntimeGrid:None EditorOnly:0 RuntimeOnly:0 HLODRelevant:0
 |   |   |- [+] [ 53]
 |   |   |   |- Guid:9C65B5BC464F233BAC36D5B53B464C89 BaseClass:/Game/Content/BP_Tile.BP_Tile_C NativeClass:/Script/Engine.Actor Name:BP_Tile_C_UAID_581122D494566FB401_2140710797 Label:BP_Tile42 SpatiallyLoaded:1 Bounds:IsValid=true, Min=(X=-383.493 Y=1604.818 Z=-100.050), Max=(X=-118.328 Y=1869.983 Z=32.000) RuntimeGrid:None EditorOnly:0 RuntimeOnly:0 HLODRelevant:0
 |   |   |- [+] [ 54]
 |   |   |   |- Guid:8B0AF3544E733F4A863A16962FF6957F BaseClass:/Game/Content/BP_Tile.BP_Tile_C NativeClass:/Script/Engine.Actor Name:BP_Tile_C_UAID_581122D494566FB401_2140711798 Label:BP_Tile43 SpatiallyLoaded:1 Bounds:IsValid=true, Min=(X=-518.070 Y=1738.941 Z=-100.050), Max=(X=-252.906 Y=2004.105 Z=32.000) RuntimeGrid:None EditorOnly:0 RuntimeOnly:0 HLODRelevant:0
 |   |   |- [+] [ 55]
 |   |   |   |- Guid:CE8D6F09419BF78F0CEAFF8EEA5AEDFA BaseClass:/Game/Content/BP_Tile.BP_Tile_C NativeClass:/Script/Engine.Actor Name:BP_Tile_C_UAID_581122D494566FB401_2140712799 Label:BP_Tile44 SpatiallyLoaded:1 Bounds:IsValid=true, Min=(X=-652.648 Y=1873.063 Z=-100.050), Max=(X=-387.483 Y=2138.228 Z=32.000) RuntimeGrid:None EditorOnly:0 RuntimeOnly:0 HLODRelevant:0
 |   |   |- [+] [ 56]
 |   |   |   |- Guid:608B87AE4CB8FDF21C32EFAD0352AAF4 BaseClass:/Game/Content/BP_Tile.BP_Tile_C NativeClass:/Script/Engine.Actor Name:BP_Tile_C_UAID_581122D494566FB401_2143722800 Label:BP_Tile45 SpatiallyLoaded:1 Bounds:IsValid=true, Min=(X=19.785 Y=1471.151 Z=-100.050), Max=(X=284.950 Y=1736.315 Z=32.000) RuntimeGrid:None EditorOnly:0 RuntimeOnly:0 HLODRelevant:0
 |   |   |- [+] [ 57]
 |   |   |   |- Guid:8095FF6E4AE050E6DADF58BD10812E64 BaseClass:/Game/Content/BP_Tile.BP_Tile_C NativeClass:/Script/Engine.Actor Name:BP_Tile_C_UAID_581122D494566FB401_2143724801 Label:BP_Tile46 SpatiallyLoaded:1 Bounds:IsValid=true, Min=(X=-114.792 Y=1605.273 Z=-100.050), Max=(X=150.372 Y=1870.438 Z=32.000) RuntimeGrid:None EditorOnly:0 RuntimeOnly:0 HLODRelevant:0
 |   |   |- [+] [ 58]
 |   |   |   |- Guid:BF5CCD84443CB3E5F91B90835E39E2B9 BaseClass:/Game/Content/BP_Tile.BP_Tile_C NativeClass:/Script/Engine.Actor Name:BP_Tile_C_UAID_581122D494566FB401_2143726802 Label:BP_Tile47 SpatiallyLoaded:1 Bounds:IsValid=true, Min=(X=-249.370 Y=1739.396 Z=-100.050), Max=(X=15.795 Y=2004.560 Z=32.000) RuntimeGrid:None EditorOnly:0 RuntimeOnly:0 HLODRelevant:0
 |   |   |- [+] [ 59]
 |   |   |   |- Guid:FEE6DFB64C5E381BD932DB95965780FE BaseClass:/Game/Content/BP_Tile.BP_Tile_C NativeClass:/Script/Engine.Actor Name:BP_Tile_C_UAID_581122D494566FB401_2143727803 Label:BP_Tile48 SpatiallyLoaded:1 Bounds:IsValid=true, Min=(X=-383.948 Y=1873.518 Z=-100.050), Max=(X=-118.783 Y=2138.683 Z=32.000) RuntimeGrid:None EditorOnly:0 RuntimeOnly:0 HLODRelevant:0
 |   |   |- [+] [ 60]
 |   |   |   |- Guid:ED9A2F9E4BD62BF0D6263B97322740F7 BaseClass:/Game/Content/BP_Tile.BP_Tile_C NativeClass:/Script/Engine.Actor Name:BP_Tile_C_UAID_581122D494566FB401_2143728804 Label:BP_Tile49 SpatiallyLoaded:1 Bounds:IsValid=true, Min=(X=-518.525 Y=2007.641 Z=-100.050), Max=(X=-253.361 Y=2272.805 Z=32.000) RuntimeGrid:None EditorOnly:0 RuntimeOnly:0 HLODRelevant:0
 |- ContainerInstances:
 |- [+] MainContainer:
 |   |-        ID: 0x0000000000000000
 |   |-    Bounds: IsValid=false, Min=(X=0.000 Y=0.000 Z=0.000), Max=(X=0.000 Y=0.000 Z=0.000)
 |   |- Transform: 0.000000,0.000000,0.000000|0.000000,0.000000,-0.000000|1.000000,1.000000,1.000000
 |   |- Container: /Game/TopDown/Maps/TopDownMap
----------------------------------------------------------------------------------------------------------------
TopDownMap - Persistent Level
----------------------------------------------------------------------------------------------------------------
Always loaded Actor Count: 70 

----------------------------------------------------------------------------------------------------------------
TopDownMap - Runtime Spatial Hash - Streaming Grid - MainGrid
----------------------------------------------------------------------------------------------------------------
            Origin: X=0.000 Y=0.000 Z=0.000
         Cell Size: 12800
      World Bounds: IsValid=false, Min=(X=0.000 Y=0.000 Z=0.000), Max=(X=0.000 Y=0.000 Z=0.000)
     Loading Range: 25600.00
Block Slow Loading: No
 ClientOnlyVisible: No

[+] Grid Levels: 1
 |- Level  0: Cell Count    0 | Cell Size   12800 | Actor Count    0 (0.0%)

[+] Content of Grid Level 0

