[+] Containers:
 |- [+] Container: /Game/TopDown/Maps/TopDownMap
 |   |- [+] ActorDescs:
 |   |   |- Guid:03E02BEB468F4A956089D7895C4F3C16 BaseClass:/Game/Content/BP_Tile.BP_Tile_C NativeClass:/Script/Engine.Actor Name:BP_Tile_C_UAID_581122D494562EB401_2086952351 Label:BP_Tile16 SpatiallyLoaded:1 Bounds:IsValid=true, Min=(X=-250.000 Y=250.000 Z=-100.050), Max=(X=-150.000 Y=350.000 Z=32.000) RuntimeGrid:None EditorOnly:0 RuntimeOnly:0 HLODRelevant:0
 |   |   |- Guid:06E66582406FB150B4950EB336045822 BaseClass:/Game/TopDown/Blueprints/BP_Grid.BP_Grid_C NativeClass:/Script/Engine.Actor Name:BP_Grid_C_UAID_581122D49456D9B301_1663855378 Label:BP_Grid SpatiallyLoaded:1 Bounds:IsValid=true, Min=(X=-70.000 Y=-70.000 Z=0.000), Max=(X=-70.000 Y=-70.000 Z=0.000) RuntimeGrid:None EditorOnly:0 RuntimeOnly:0 HLODRelevant:0
 |   |   |- Guid:0775F134442E857C35AB5D8F63C741E2 BaseClass:/Game/Content/BP_Tile.BP_Tile_C NativeClass:/Script/Engine.Actor Name:BP_Tile_C_UAID_581122D494562EB401_2069538338 Label:BP_Tile3 SpatiallyLoaded:1 Bounds:IsValid=true, Min=(X=-550.000 Y=450.000 Z=-100.050), Max=(X=-450.000 Y=550.000 Z=32.000) RuntimeGrid:None EditorOnly:0 RuntimeOnly:0 HLODRelevant:0
 |   |   |- Guid:0B237D41447550D9A0F6ED9D9EDFB009 BaseClass:/Game/Content/BP_Tile.BP_Tile_C NativeClass:/Script/Engine.Actor Name:BP_Tile_C_UAID_581122D494562EB401_2080068345 Label:BP_Tile10 SpatiallyLoaded:1 Bounds:IsValid=true, Min=(X=-450.000 Y=650.000 Z=-100.050), Max=(X=-350.000 Y=750.000 Z=32.000) RuntimeGrid:None EditorOnly:0 RuntimeOnly:0 HLODRelevant:0
 |   |   |- Guid:0C88A72140F815991DA363979AFF0570 BaseClass:/Game/TopDown/Blueprints/WorldData.WorldData_C NativeClass:/Script/Engine.Actor Name:WorldData_C_UAID_581122D49456D3B301_1966586319 Label:WorldData SpatiallyLoaded:1 Bounds:IsValid=true, Min=(X=2.000 Y=2.000 Z=18.000), Max=(X=98.000 Y=98.000 Z=82.000) RuntimeGrid:None EditorOnly:0 RuntimeOnly:0 HLODRelevant:0
 |   |   |- Guid:0DB319824B538D10BF93CC948EB553A1 BaseClass:/Game/Content/BP_Tile.BP_Tile_C NativeClass:/Script/Engine.Actor Name:BP_Tile_C_UAID_581122D494562EB401_2071824339 Label:BP_Tile4 SpatiallyLoaded:1 Bounds:IsValid=true, Min=(X=-550.000 Y=550.000 Z=-100.050), Max=(X=-450.000 Y=650.000 Z=32.000) RuntimeGrid:None EditorOnly:0 RuntimeOnly:0 HLODRelevant:0
 |   |   |- Guid:1252CB63453A37D28E0B3180E225D5DF BaseClass:/Game/Content/BP_Tile.BP_Tile_C NativeClass:/Script/Engine.Actor Name:BP_Tile_C_UAID_581122D494562EB401_2083948348 Label:BP_Tile13 SpatiallyLoaded:1 Bounds:IsValid=true, Min=(X=-350.000 Y=450.000 Z=-100.050), Max=(X=-250.000 Y=550.000 Z=32.000) RuntimeGrid:None EditorOnly:0 RuntimeOnly:0 HLODRelevant:0
 |   |   |- Guid:147C8D134B12D635012D5F8C57D2C96F BaseClass: NativeClass:/Script/Engine.PostProcessVolume Name:PostProcessVolume_1 Label:PostProcessVolume SpatiallyLoaded:0 Bounds:IsValid=true, Min=(X=0.000 Y=0.000 Z=400.000), Max=(X=200.000 Y=200.000 Z=600.000) RuntimeGrid:None EditorOnly:0 RuntimeOnly:0 HLODRelevant:0 FolderPath:Lighting FolderGuid:4C9334684BA61B42C769F799D2576455
 |   |   |- Guid:1742DF43475F097453197AA79C7473D9 BaseClass: NativeClass:/Script/Engine.SkyLight Name:SkyLight_1 Label:SkyLight SpatiallyLoaded:0 Bounds:IsValid=true, Min=(X=0.000 Y=0.000 Z=690.000), Max=(X=0.000 Y=0.000 Z=690.000) RuntimeGrid:None EditorOnly:0 RuntimeOnly:0 HLODRelevant:0 FolderPath:Lighting FolderGuid:4C9334684BA61B42C769F799D2576455
 |   |   |- Guid:2B5E5DFE444A6A0E158B53A743A99A29 BaseClass:/Game/Content/BP_Tile.BP_Tile_C NativeClass:/Script/Engine.Actor Name:BP_Tile_C_UAID_581122D494562EB401_2086957355 Label:BP_Tile20 SpatiallyLoaded:1 Bounds:IsValid=true, Min=(X=-250.000 Y=650.000 Z=-100.050), Max=(X=-150.000 Y=750.000 Z=32.000) RuntimeGrid:None EditorOnly:0 RuntimeOnly:0 HLODRelevant:0
 |   |   |- Guid:2DF0D95440BE0EDA81652F860DC7268E BaseClass: NativeClass:/Script/Engine.WorldDataLayers Name:WorldDataLayers Label:WorldDataLayers SpatiallyLoaded:0 Bounds:IsValid=true, Min=(X=0.000 Y=0.000 Z=0.000), Max=(X=0.000 Y=0.000 Z=0.000) RuntimeGrid:None EditorOnly:0 RuntimeOnly:0 HLODRelevant:0
 |   |   |- Guid:370DEEB143D8AD8BBBC86B984FE61C03 BaseClass:/Game/Content/BP_Tile.BP_Tile_C NativeClass:/Script/Engine.Actor Name:BP_Tile_C_UAID_581122D494562EB401_2086956354 Label:BP_Tile19 SpatiallyLoaded:1 Bounds:IsValid=true, Min=(X=-250.000 Y=550.000 Z=-100.050), Max=(X=-150.000 Y=650.000 Z=32.000) RuntimeGrid:None EditorOnly:0 RuntimeOnly:0 HLODRelevant:0
 |   |   |- Guid:37DB5EBE4E2D8A354E6A90940281E536 BaseClass:/Game/Content/BP_Tile.BP_Tile_C NativeClass:/Script/Engine.Actor Name:BP_Tile_C_UAID_581122D494562EB401_2080066343 Label:BP_Tile8 SpatiallyLoaded:1 Bounds:IsValid=true, Min=(X=-450.000 Y=450.000 Z=-100.050), Max=(X=-350.000 Y=550.000 Z=32.000) RuntimeGrid:None EditorOnly:0 RuntimeOnly:0 HLODRelevant:0
 |   |   |- Guid:38A22FEF47BD808E2F86658AD4D7E28F BaseClass:/Game/Content/BP_Tile.BP_Tile_C NativeClass:/Script/Engine.Actor Name:BP_Tile_C_UAID_581122D494562EB401_2080063341 Label:BP_Tile6 SpatiallyLoaded:1 Bounds:IsValid=true, Min=(X=-450.000 Y=250.000 Z=-100.050), Max=(X=-350.000 Y=350.000 Z=32.000) RuntimeGrid:None EditorOnly:0 RuntimeOnly:0 HLODRelevant:0
 |   |   |- Guid:48DFAEC84C8170F8300E1FA050D8EA8B BaseClass:/Game/Content/BP_Tile.BP_Tile_C NativeClass:/Script/Engine.Actor Name:BP_Tile_C_UAID_581122D494562EB401_2083947347 Label:BP_Tile12 SpatiallyLoaded:1 Bounds:IsValid=true, Min=(X=-350.000 Y=350.000 Z=-100.050), Max=(X=-250.000 Y=450.000 Z=32.000) RuntimeGrid:None EditorOnly:0 RuntimeOnly:0 HLODRelevant:0
 |   |   |- Guid:52EDCE6B4F55AC12DB6846BBDF9CE3D7 BaseClass:/Game/Content/BP_Tile.BP_Tile_C NativeClass:/Script/Engine.Actor Name:BP_Tile_C_UAID_581122D494562EB401_2065475337 Label:BP_Tile2 SpatiallyLoaded:1 Bounds:IsValid=true, Min=(X=-550.000 Y=350.000 Z=-100.050), Max=(X=-450.000 Y=450.000 Z=32.000) RuntimeGrid:None EditorOnly:0 RuntimeOnly:0 HLODRelevant:0
 |   |   |- Guid:6252C7D64ACF162A73EE65B11FE214D1 BaseClass: NativeClass:/Script/Engine.SkyAtmosphere Name:SkyAtmosphere_1 Label:SkyAtmosphere SpatiallyLoaded:0 Bounds:IsValid=true, Min=(X=0.000 Y=0.000 Z=1020.000), Max=(X=0.000 Y=0.000 Z=1020.000) RuntimeGrid:None EditorOnly:0 RuntimeOnly:0 HLODRelevant:0 FolderPath:Lighting FolderGuid:4C9334684BA61B42C769F799D2576455
 |   |   |- Guid:66BCBF874D2A22ADC6523B95EE812CA3 BaseClass: NativeClass:/Script/Engine.StaticMeshActor Name:StaticMeshActor_UAID_A4AE111137DC5CFB00_1660657071 Label:SM_SkySphere SpatiallyLoaded:0 Bounds:IsValid=true, Min=(X=-1638400.000 Y=-1638400.000 Z=-1638400.000), Max=(X=1638400.000 Y=1638400.000 Z=1638400.000) RuntimeGrid:None EditorOnly:0 RuntimeOnly:0 HLODRelevant:1 FolderPath:Lighting FolderGuid:4C9334684BA61B42C769F799D2576455
 |   |   |- Guid:6FBDDC8D4C3CD8D012C9F7810227D65B BaseClass:/Game/Content/BP_Tile.BP_Tile_C NativeClass:/Script/Engine.Actor Name:BP_Tile_C_UAID_581122D494562EB401_2083946346 Label:BP_Tile11 SpatiallyLoaded:1 Bounds:IsValid=true, Min=(X=-350.000 Y=250.000 Z=-100.050), Max=(X=-250.000 Y=350.000 Z=32.000) RuntimeGrid:None EditorOnly:0 RuntimeOnly:0 HLODRelevant:0
 |   |   |- Guid:77F893B3468595EE782136AD620D7EF4 BaseClass: NativeClass:/Script/Engine.VolumetricCloud Name:VolumetricCloud_0 Label:VolumetricCloud SpatiallyLoaded:0 Bounds:IsValid=true, Min=(X=0.000 Y=0.000 Z=820.000), Max=(X=0.000 Y=0.000 Z=820.000) RuntimeGrid:None EditorOnly:0 RuntimeOnly:0 HLODRelevant:0 FolderPath:Lighting FolderGuid:4C9334684BA61B42C769F799D2576455
 |   |   |- Guid:83F629A34710EEF24F49D4AC2A2D5671 BaseClass:/Game/Content/BP_Tile.BP_Tile_C NativeClass:/Script/Engine.Actor Name:BP_Tile_C_UAID_581122D494562EB401_2086955353 Label:BP_Tile18 SpatiallyLoaded:1 Bounds:IsValid=true, Min=(X=-250.000 Y=450.000 Z=-100.050), Max=(X=-150.000 Y=550.000 Z=32.000) RuntimeGrid:None EditorOnly:0 RuntimeOnly:0 HLODRelevant:0
 |   |   |- Guid:99A002634DA368C31F253EA4C5100EFF BaseClass:/Game/Content/BP_Tile.BP_Tile_C NativeClass:/Script/Engine.Actor Name:BP_Tile_C_UAID_581122D494562EB401_2086953352 Label:BP_Tile17 SpatiallyLoaded:1 Bounds:IsValid=true, Min=(X=-250.000 Y=350.000 Z=-100.050), Max=(X=-150.000 Y=450.000 Z=32.000) RuntimeGrid:None EditorOnly:0 RuntimeOnly:0 HLODRelevant:0
 |   |   |- Guid:AB5B22EA4536A8D8CB5D3085FE8E6E09 BaseClass:/Game/Content/BP_Tile.BP_Tile_C NativeClass:/Script/Engine.Actor Name:BP_Tile_C_UAID_581122D494562EB401_2080067344 Label:BP_Tile9 SpatiallyLoaded:1 Bounds:IsValid=true, Min=(X=-450.000 Y=550.000 Z=-100.050), Max=(X=-350.000 Y=650.000 Z=32.000) RuntimeGrid:None EditorOnly:0 RuntimeOnly:0 HLODRelevant:0
 |   |   |- Guid:AD2AC9794B7F9211042F1583770CB6D0 BaseClass:/Game/Content/BP_Tile.BP_Tile_C NativeClass:/Script/Engine.Actor Name:BP_Tile_C_UAID_581122D494562EB401_2074068340 Label:BP_Tile5 SpatiallyLoaded:1 Bounds:IsValid=true, Min=(X=-550.000 Y=650.000 Z=-100.050), Max=(X=-450.000 Y=750.000 Z=32.000) RuntimeGrid:None EditorOnly:0 RuntimeOnly:0 HLODRelevant:0
 |   |   |- Guid:AECEEEE741E6DE68F6843FA49564A956 BaseClass: NativeClass:/Script/Engine.DirectionalLight Name:DirectionalLight_1 Label:DirectionalLight SpatiallyLoaded:0 Bounds:IsValid=true, Min=(X=-1048576.000 Y=-1048576.000 Z=-1048576.000), Max=(X=1048576.000 Y=1048576.000 Z=1048576.000) RuntimeGrid:None EditorOnly:0 RuntimeOnly:0 HLODRelevant:0 FolderPath:Lighting FolderGuid:4C9334684BA61B42C769F799D2576455
 |   |   |- Guid:B876E63647DBCCB6DB183F8544FFCB39 BaseClass:/Game/Content/BP_Tile.BP_Tile_C NativeClass:/Script/Engine.Actor Name:BP_Tile_C_UAID_581122D494562EB401_2083950350 Label:BP_Tile15 SpatiallyLoaded:1 Bounds:IsValid=true, Min=(X=-350.000 Y=650.000 Z=-100.050), Max=(X=-250.000 Y=750.000 Z=32.000) RuntimeGrid:None EditorOnly:0 RuntimeOnly:0 HLODRelevant:0
 |   |   |- Guid:CBEF3CE645394969E66A25B4361CFCE4 BaseClass:/Game/Content/BP_Tile.BP_Tile_C NativeClass:/Script/Engine.Actor Name:BP_Tile_C_UAID_581122D494562EB401_2083950349 Label:BP_Tile14 SpatiallyLoaded:1 Bounds:IsValid=true, Min=(X=-350.000 Y=550.000 Z=-100.050), Max=(X=-250.000 Y=650.000 Z=32.000) RuntimeGrid:None EditorOnly:0 RuntimeOnly:0 HLODRelevant:0
 |   |   |- Guid:CCDD89584E0A9025F52AEDA51D60CA54 BaseClass: NativeClass:/Script/NavigationSystem.NavMeshBoundsVolume Name:NavMeshBoundsVolume_1 Label:NavMeshBoundsVolume SpatiallyLoaded:0 Bounds:IsValid=true, Min=(X=-1060.000 Y=-430.000 Z=-230.000), Max=(X=2140.000 Y=3270.000 Z=270.000) RuntimeGrid:None EditorOnly:0 RuntimeOnly:0 HLODRelevant:0 FolderPath:Navigation FolderGuid:AE45D61F453CC144CF8289862C276E89
 |   |   |- Guid:D24D61B944EF71BE7BC469B7EB239299 BaseClass: NativeClass:/Script/Engine.ExponentialHeightFog Name:ExponentialHeightFog_1 Label:ExponentialHeightFog SpatiallyLoaded:0 Bounds:IsValid=true, Min=(X=-5600.000 Y=-50.000 Z=-6850.000), Max=(X=-5600.000 Y=-50.000 Z=-6850.000) RuntimeGrid:None EditorOnly:0 RuntimeOnly:0 HLODRelevant:0 FolderPath:Lighting FolderGuid:4C9334684BA61B42C769F799D2576455
 |   |   |- Guid:EEC78DB14AF10C99E1E16C90552BA1D5 BaseClass:/Game/Content/BP_Tile.BP_Tile_C NativeClass:/Script/Engine.Actor Name:BP_Tile_C_UAID_581122D494562EB401_2032104336 Label:BP_Tile SpatiallyLoaded:1 Bounds:IsValid=true, Min=(X=-550.000 Y=250.000 Z=-100.050), Max=(X=-450.000 Y=350.000 Z=32.000) RuntimeGrid:None EditorOnly:0 RuntimeOnly:0 HLODRelevant:0
 |   |   |- Guid:F33CC5014C49925B3A9D52A063AF483F BaseClass: NativeClass:/Script/Engine.PlayerStart Name:PlayerStart_0 Label:PlayerStart SpatiallyLoaded:0 Bounds:IsValid=true, Min=(X=-40.000 Y=-40.000 Z=114.389), Max=(X=40.000 Y=40.000 Z=298.389) RuntimeGrid:None EditorOnly:0 RuntimeOnly:0 HLODRelevant:0
 |   |   |- Guid:FDA21BC3495345C479567A8938A73A71 BaseClass:/Game/Content/BP_Tile.BP_Tile_C NativeClass:/Script/Engine.Actor Name:BP_Tile_C_UAID_581122D494562EB401_2080065342 Label:BP_Tile7 SpatiallyLoaded:1 Bounds:IsValid=true, Min=(X=-450.000 Y=350.000 Z=-100.050), Max=(X=-350.000 Y=450.000 Z=32.000) RuntimeGrid:None EditorOnly:0 RuntimeOnly:0 HLODRelevant:0
 |   |- [+] Clusters:
 |   |   |- [+] [  0]
 |   |   |   |- Guid:CCDD89584E0A9025F52AEDA51D60CA54 BaseClass: NativeClass:/Script/NavigationSystem.NavMeshBoundsVolume Name:NavMeshBoundsVolume_1 Label:NavMeshBoundsVolume SpatiallyLoaded:0 Bounds:IsValid=true, Min=(X=-1060.000 Y=-430.000 Z=-230.000), Max=(X=2140.000 Y=3270.000 Z=270.000) RuntimeGrid:None EditorOnly:0 RuntimeOnly:0 HLODRelevant:0 FolderPath:Navigation FolderGuid:AE45D61F453CC144CF8289862C276E89
 |   |   |- [+] [  1]
 |   |   |   |- Guid:0DB319824B538D10BF93CC948EB553A1 BaseClass:/Game/Content/BP_Tile.BP_Tile_C NativeClass:/Script/Engine.Actor Name:BP_Tile_C_UAID_581122D494562EB401_2071824339 Label:BP_Tile4 SpatiallyLoaded:1 Bounds:IsValid=true, Min=(X=-550.000 Y=550.000 Z=-100.050), Max=(X=-450.000 Y=650.000 Z=32.000) RuntimeGrid:None EditorOnly:0 RuntimeOnly:0 HLODRelevant:0
 |   |   |- [+] [  2]
 |   |   |   |- Guid:AB5B22EA4536A8D8CB5D3085FE8E6E09 BaseClass:/Game/Content/BP_Tile.BP_Tile_C NativeClass:/Script/Engine.Actor Name:BP_Tile_C_UAID_581122D494562EB401_2080067344 Label:BP_Tile9 SpatiallyLoaded:1 Bounds:IsValid=true, Min=(X=-450.000 Y=550.000 Z=-100.050), Max=(X=-350.000 Y=650.000 Z=32.000) RuntimeGrid:None EditorOnly:0 RuntimeOnly:0 HLODRelevant:0
 |   |   |- [+] [  3]
 |   |   |   |- Guid:CBEF3CE645394969E66A25B4361CFCE4 BaseClass:/Game/Content/BP_Tile.BP_Tile_C NativeClass:/Script/Engine.Actor Name:BP_Tile_C_UAID_581122D494562EB401_2083950349 Label:BP_Tile14 SpatiallyLoaded:1 Bounds:IsValid=true, Min=(X=-350.000 Y=550.000 Z=-100.050), Max=(X=-250.000 Y=650.000 Z=32.000) RuntimeGrid:None EditorOnly:0 RuntimeOnly:0 HLODRelevant:0
 |   |   |- [+] [  4]
 |   |   |   |- Guid:0B237D41447550D9A0F6ED9D9EDFB009 BaseClass:/Game/Content/BP_Tile.BP_Tile_C NativeClass:/Script/Engine.Actor Name:BP_Tile_C_UAID_581122D494562EB401_2080068345 Label:BP_Tile10 SpatiallyLoaded:1 Bounds:IsValid=true, Min=(X=-450.000 Y=650.000 Z=-100.050), Max=(X=-350.000 Y=750.000 Z=32.000) RuntimeGrid:None EditorOnly:0 RuntimeOnly:0 HLODRelevant:0
 |   |   |- [+] [  5]
 |   |   |   |- Guid:0C88A72140F815991DA363979AFF0570 BaseClass:/Game/TopDown/Blueprints/WorldData.WorldData_C NativeClass:/Script/Engine.Actor Name:WorldData_C_UAID_581122D49456D3B301_1966586319 Label:WorldData SpatiallyLoaded:1 Bounds:IsValid=true, Min=(X=2.000 Y=2.000 Z=18.000), Max=(X=98.000 Y=98.000 Z=82.000) RuntimeGrid:None EditorOnly:0 RuntimeOnly:0 HLODRelevant:0
 |   |   |- [+] [  6]
 |   |   |   |- Guid:EEC78DB14AF10C99E1E16C90552BA1D5 BaseClass:/Game/Content/BP_Tile.BP_Tile_C NativeClass:/Script/Engine.Actor Name:BP_Tile_C_UAID_581122D494562EB401_2032104336 Label:BP_Tile SpatiallyLoaded:1 Bounds:IsValid=true, Min=(X=-550.000 Y=250.000 Z=-100.050), Max=(X=-450.000 Y=350.000 Z=32.000) RuntimeGrid:None EditorOnly:0 RuntimeOnly:0 HLODRelevant:0
 |   |   |- [+] [  7]
 |   |   |   |- Guid:83F629A34710EEF24F49D4AC2A2D5671 BaseClass:/Game/Content/BP_Tile.BP_Tile_C NativeClass:/Script/Engine.Actor Name:BP_Tile_C_UAID_581122D494562EB401_2086955353 Label:BP_Tile18 SpatiallyLoaded:1 Bounds:IsValid=true, Min=(X=-250.000 Y=450.000 Z=-100.050), Max=(X=-150.000 Y=550.000 Z=32.000) RuntimeGrid:None EditorOnly:0 RuntimeOnly:0 HLODRelevant:0
 |   |   |- [+] [  8]
 |   |   |   |- Guid:B876E63647DBCCB6DB183F8544FFCB39 BaseClass:/Game/Content/BP_Tile.BP_Tile_C NativeClass:/Script/Engine.Actor Name:BP_Tile_C_UAID_581122D494562EB401_2083950350 Label:BP_Tile15 SpatiallyLoaded:1 Bounds:IsValid=true, Min=(X=-350.000 Y=650.000 Z=-100.050), Max=(X=-250.000 Y=750.000 Z=32.000) RuntimeGrid:None EditorOnly:0 RuntimeOnly:0 HLODRelevant:0
 |   |   |- [+] [  9]
 |   |   |   |- Guid:6252C7D64ACF162A73EE65B11FE214D1 BaseClass: NativeClass:/Script/Engine.SkyAtmosphere Name:SkyAtmosphere_1 Label:SkyAtmosphere SpatiallyLoaded:0 Bounds:IsValid=true, Min=(X=0.000 Y=0.000 Z=1020.000), Max=(X=0.000 Y=0.000 Z=1020.000) RuntimeGrid:None EditorOnly:0 RuntimeOnly:0 HLODRelevant:0 FolderPath:Lighting FolderGuid:4C9334684BA61B42C769F799D2576455
 |   |   |- [+] [ 10]
 |   |   |   |- Guid:D24D61B944EF71BE7BC469B7EB239299 BaseClass: NativeClass:/Script/Engine.ExponentialHeightFog Name:ExponentialHeightFog_1 Label:ExponentialHeightFog SpatiallyLoaded:0 Bounds:IsValid=true, Min=(X=-5600.000 Y=-50.000 Z=-6850.000), Max=(X=-5600.000 Y=-50.000 Z=-6850.000) RuntimeGrid:None EditorOnly:0 RuntimeOnly:0 HLODRelevant:0 FolderPath:Lighting FolderGuid:4C9334684BA61B42C769F799D2576455
 |   |   |- [+] [ 11]
 |   |   |   |- Guid:77F893B3468595EE782136AD620D7EF4 BaseClass: NativeClass:/Script/Engine.VolumetricCloud Name:VolumetricCloud_0 Label:VolumetricCloud SpatiallyLoaded:0 Bounds:IsValid=true, Min=(X=0.000 Y=0.000 Z=820.000), Max=(X=0.000 Y=0.000 Z=820.000) RuntimeGrid:None EditorOnly:0 RuntimeOnly:0 HLODRelevant:0 FolderPath:Lighting FolderGuid:4C9334684BA61B42C769F799D2576455
 |   |   |- [+] [ 12]
 |   |   |   |- Guid:F33CC5014C49925B3A9D52A063AF483F BaseClass: NativeClass:/Script/Engine.PlayerStart Name:PlayerStart_0 Label:PlayerStart SpatiallyLoaded:0 Bounds:IsValid=true, Min=(X=-40.000 Y=-40.000 Z=114.389), Max=(X=40.000 Y=40.000 Z=298.389) RuntimeGrid:None EditorOnly:0 RuntimeOnly:0 HLODRelevant:0
 |   |   |- [+] [ 13]
 |   |   |   |- Guid:147C8D134B12D635012D5F8C57D2C96F BaseClass: NativeClass:/Script/Engine.PostProcessVolume Name:PostProcessVolume_1 Label:PostProcessVolume SpatiallyLoaded:0 Bounds:IsValid=true, Min=(X=0.000 Y=0.000 Z=400.000), Max=(X=200.000 Y=200.000 Z=600.000) RuntimeGrid:None EditorOnly:0 RuntimeOnly:0 HLODRelevant:0 FolderPath:Lighting FolderGuid:4C9334684BA61B42C769F799D2576455
 |   |   |- [+] [ 14]
 |   |   |   |- Guid:AD2AC9794B7F9211042F1583770CB6D0 BaseClass:/Game/Content/BP_Tile.BP_Tile_C NativeClass:/Script/Engine.Actor Name:BP_Tile_C_UAID_581122D494562EB401_2074068340 Label:BP_Tile5 SpatiallyLoaded:1 Bounds:IsValid=true, Min=(X=-550.000 Y=650.000 Z=-100.050), Max=(X=-450.000 Y=750.000 Z=32.000) RuntimeGrid:None EditorOnly:0 RuntimeOnly:0 HLODRelevant:0
 |   |   |- [+] [ 15]
 |   |   |   |- Guid:37DB5EBE4E2D8A354E6A90940281E536 BaseClass:/Game/Content/BP_Tile.BP_Tile_C NativeClass:/Script/Engine.Actor Name:BP_Tile_C_UAID_581122D494562EB401_2080066343 Label:BP_Tile8 SpatiallyLoaded:1 Bounds:IsValid=true, Min=(X=-450.000 Y=450.000 Z=-100.050), Max=(X=-350.000 Y=550.000 Z=32.000) RuntimeGrid:None EditorOnly:0 RuntimeOnly:0 HLODRelevant:0
 |   |   |- [+] [ 16]
 |   |   |   |- Guid:0775F134442E857C35AB5D8F63C741E2 BaseClass:/Game/Content/BP_Tile.BP_Tile_C NativeClass:/Script/Engine.Actor Name:BP_Tile_C_UAID_581122D494562EB401_2069538338 Label:BP_Tile3 SpatiallyLoaded:1 Bounds:IsValid=true, Min=(X=-550.000 Y=450.000 Z=-100.050), Max=(X=-450.000 Y=550.000 Z=32.000) RuntimeGrid:None EditorOnly:0 RuntimeOnly:0 HLODRelevant:0
 |   |   |- [+] [ 17]
 |   |   |   |- Guid:38A22FEF47BD808E2F86658AD4D7E28F BaseClass:/Game/Content/BP_Tile.BP_Tile_C NativeClass:/Script/Engine.Actor Name:BP_Tile_C_UAID_581122D494562EB401_2080063341 Label:BP_Tile6 SpatiallyLoaded:1 Bounds:IsValid=true, Min=(X=-450.000 Y=250.000 Z=-100.050), Max=(X=-350.000 Y=350.000 Z=32.000) RuntimeGrid:None EditorOnly:0 RuntimeOnly:0 HLODRelevant:0
 |   |   |- [+] [ 18]
 |   |   |   |- Guid:FDA21BC3495345C479567A8938A73A71 BaseClass:/Game/Content/BP_Tile.BP_Tile_C NativeClass:/Script/Engine.Actor Name:BP_Tile_C_UAID_581122D494562EB401_2080065342 Label:BP_Tile7 SpatiallyLoaded:1 Bounds:IsValid=true, Min=(X=-450.000 Y=350.000 Z=-100.050), Max=(X=-350.000 Y=450.000 Z=32.000) RuntimeGrid:None EditorOnly:0 RuntimeOnly:0 HLODRelevant:0
 |   |   |- [+] [ 19]
 |   |   |   |- Guid:370DEEB143D8AD8BBBC86B984FE61C03 BaseClass:/Game/Content/BP_Tile.BP_Tile_C NativeClass:/Script/Engine.Actor Name:BP_Tile_C_UAID_581122D494562EB401_2086956354 Label:BP_Tile19 SpatiallyLoaded:1 Bounds:IsValid=true, Min=(X=-250.000 Y=550.000 Z=-100.050), Max=(X=-150.000 Y=650.000 Z=32.000) RuntimeGrid:None EditorOnly:0 RuntimeOnly:0 HLODRelevant:0
 |   |   |- [+] [ 20]
 |   |   |   |- Guid:1252CB63453A37D28E0B3180E225D5DF BaseClass:/Game/Content/BP_Tile.BP_Tile_C NativeClass:/Script/Engine.Actor Name:BP_Tile_C_UAID_581122D494562EB401_2083948348 Label:BP_Tile13 SpatiallyLoaded:1 Bounds:IsValid=true, Min=(X=-350.000 Y=450.000 Z=-100.050), Max=(X=-250.000 Y=550.000 Z=32.000) RuntimeGrid:None EditorOnly:0 RuntimeOnly:0 HLODRelevant:0
 |   |   |- [+] [ 21]
 |   |   |   |- Guid:52EDCE6B4F55AC12DB6846BBDF9CE3D7 BaseClass:/Game/Content/BP_Tile.BP_Tile_C NativeClass:/Script/Engine.Actor Name:BP_Tile_C_UAID_581122D494562EB401_2065475337 Label:BP_Tile2 SpatiallyLoaded:1 Bounds:IsValid=true, Min=(X=-550.000 Y=350.000 Z=-100.050), Max=(X=-450.000 Y=450.000 Z=32.000) RuntimeGrid:None EditorOnly:0 RuntimeOnly:0 HLODRelevant:0
 |   |   |- [+] [ 22]
 |   |   |   |- Guid:2B5E5DFE444A6A0E158B53A743A99A29 BaseClass:/Game/Content/BP_Tile.BP_Tile_C NativeClass:/Script/Engine.Actor Name:BP_Tile_C_UAID_581122D494562EB401_2086957355 Label:BP_Tile20 SpatiallyLoaded:1 Bounds:IsValid=true, Min=(X=-250.000 Y=650.000 Z=-100.050), Max=(X=-150.000 Y=750.000 Z=32.000) RuntimeGrid:None EditorOnly:0 RuntimeOnly:0 HLODRelevant:0
 |   |   |- [+] [ 23]
 |   |   |   |- Guid:AECEEEE741E6DE68F6843FA49564A956 BaseClass: NativeClass:/Script/Engine.DirectionalLight Name:DirectionalLight_1 Label:DirectionalLight SpatiallyLoaded:0 Bounds:IsValid=true, Min=(X=-1048576.000 Y=-1048576.000 Z=-1048576.000), Max=(X=1048576.000 Y=1048576.000 Z=1048576.000) RuntimeGrid:None EditorOnly:0 RuntimeOnly:0 HLODRelevant:0 FolderPath:Lighting FolderGuid:4C9334684BA61B42C769F799D2576455
 |   |   |- [+] [ 24]
 |   |   |   |- Guid:2DF0D95440BE0EDA81652F860DC7268E BaseClass: NativeClass:/Script/Engine.WorldDataLayers Name:WorldDataLayers Label:WorldDataLayers SpatiallyLoaded:0 Bounds:IsValid=true, Min=(X=0.000 Y=0.000 Z=0.000), Max=(X=0.000 Y=0.000 Z=0.000) RuntimeGrid:None EditorOnly:0 RuntimeOnly:0 HLODRelevant:0
 |   |   |- [+] [ 25]
 |   |   |   |- Guid:06E66582406FB150B4950EB336045822 BaseClass:/Game/TopDown/Blueprints/BP_Grid.BP_Grid_C NativeClass:/Script/Engine.Actor Name:BP_Grid_C_UAID_581122D49456D9B301_1663855378 Label:BP_Grid SpatiallyLoaded:1 Bounds:IsValid=true, Min=(X=-70.000 Y=-70.000 Z=0.000), Max=(X=-70.000 Y=-70.000 Z=0.000) RuntimeGrid:None EditorOnly:0 RuntimeOnly:0 HLODRelevant:0
 |   |   |- [+] [ 26]
 |   |   |   |- Guid:66BCBF874D2A22ADC6523B95EE812CA3 BaseClass: NativeClass:/Script/Engine.StaticMeshActor Name:StaticMeshActor_UAID_A4AE111137DC5CFB00_1660657071 Label:SM_SkySphere SpatiallyLoaded:0 Bounds:IsValid=true, Min=(X=-1638400.000 Y=-1638400.000 Z=-1638400.000), Max=(X=1638400.000 Y=1638400.000 Z=1638400.000) RuntimeGrid:None EditorOnly:0 RuntimeOnly:0 HLODRelevant:1 FolderPath:Lighting FolderGuid:4C9334684BA61B42C769F799D2576455
 |   |   |- [+] [ 27]
 |   |   |   |- Guid:03E02BEB468F4A956089D7895C4F3C16 BaseClass:/Game/Content/BP_Tile.BP_Tile_C NativeClass:/Script/Engine.Actor Name:BP_Tile_C_UAID_581122D494562EB401_2086952351 Label:BP_Tile16 SpatiallyLoaded:1 Bounds:IsValid=true, Min=(X=-250.000 Y=250.000 Z=-100.050), Max=(X=-150.000 Y=350.000 Z=32.000) RuntimeGrid:None EditorOnly:0 RuntimeOnly:0 HLODRelevant:0
 |   |   |- [+] [ 28]
 |   |   |   |- Guid:99A002634DA368C31F253EA4C5100EFF BaseClass:/Game/Content/BP_Tile.BP_Tile_C NativeClass:/Script/Engine.Actor Name:BP_Tile_C_UAID_581122D494562EB401_2086953352 Label:BP_Tile17 SpatiallyLoaded:1 Bounds:IsValid=true, Min=(X=-250.000 Y=350.000 Z=-100.050), Max=(X=-150.000 Y=450.000 Z=32.000) RuntimeGrid:None EditorOnly:0 RuntimeOnly:0 HLODRelevant:0
 |   |   |- [+] [ 29]
 |   |   |   |- Guid:1742DF43475F097453197AA79C7473D9 BaseClass: NativeClass:/Script/Engine.SkyLight Name:SkyLight_1 Label:SkyLight SpatiallyLoaded:0 Bounds:IsValid=true, Min=(X=0.000 Y=0.000 Z=690.000), Max=(X=0.000 Y=0.000 Z=690.000) RuntimeGrid:None EditorOnly:0 RuntimeOnly:0 HLODRelevant:0 FolderPath:Lighting FolderGuid:4C9334684BA61B42C769F799D2576455
 |   |   |- [+] [ 30]
 |   |   |   |- Guid:6FBDDC8D4C3CD8D012C9F7810227D65B BaseClass:/Game/Content/BP_Tile.BP_Tile_C NativeClass:/Script/Engine.Actor Name:BP_Tile_C_UAID_581122D494562EB401_2083946346 Label:BP_Tile11 SpatiallyLoaded:1 Bounds:IsValid=true, Min=(X=-350.000 Y=250.000 Z=-100.050), Max=(X=-250.000 Y=350.000 Z=32.000) RuntimeGrid:None EditorOnly:0 RuntimeOnly:0 HLODRelevant:0
 |   |   |- [+] [ 31]
 |   |   |   |- Guid:48DFAEC84C8170F8300E1FA050D8EA8B BaseClass:/Game/Content/BP_Tile.BP_Tile_C NativeClass:/Script/Engine.Actor Name:BP_Tile_C_UAID_581122D494562EB401_2083947347 Label:BP_Tile12 SpatiallyLoaded:1 Bounds:IsValid=true, Min=(X=-350.000 Y=350.000 Z=-100.050), Max=(X=-250.000 Y=450.000 Z=32.000) RuntimeGrid:None EditorOnly:0 RuntimeOnly:0 HLODRelevant:0
 |- ContainerInstances:
 |- [+] MainContainer:
 |   |-        ID: 0x0000000000000000
 |   |-    Bounds: IsValid=false, Min=(X=0.000 Y=0.000 Z=0.000), Max=(X=0.000 Y=0.000 Z=0.000)
 |   |- Transform: 0.000000,0.000000,0.000000|0.000000,0.000000,-0.000000|1.000000,1.000000,1.000000
 |   |- Container: /Game/TopDown/Maps/TopDownMap
----------------------------------------------------------------------------------------------------------------
TopDownMap - Persistent Level
----------------------------------------------------------------------------------------------------------------
Always loaded Actor Count: 61 

----------------------------------------------------------------------------------------------------------------
TopDownMap - Runtime Spatial Hash - Streaming Grid - MainGrid
----------------------------------------------------------------------------------------------------------------
            Origin: X=0.000 Y=0.000 Z=0.000
         Cell Size: 12800
      World Bounds: IsValid=false, Min=(X=0.000 Y=0.000 Z=0.000), Max=(X=0.000 Y=0.000 Z=0.000)
     Loading Range: 25600.00
Block Slow Loading: No
 ClientOnlyVisible: No

[+] Grid Levels: 1
 |- Level  0: Cell Count    0 | Cell Size   12800 | Actor Count    0 (0.0%)

[+] Content of Grid Level 0

