[+] Containers:
 |- [+] Container: /Game/TopDown/Maps/TopDownMap
 |   |- [+] ActorDescs:
 |   |   |- Guid:000D2EDF44A3768DB61A41A76401A8BB BaseClass:/Game/Content/BP_Tileblack.BP_Tileblack_C NativeClass:/Script/Engine.Actor Name:BP_Tileblack_C_UAID_581122D4945670B401_2013651002 Label:BP_Tileblack11 SpatiallyLoaded:1 Bounds:IsValid=true, Min=(X=-1111.862 Y=937.134 Z=-100.050), Max=(X=-846.697 Y=1202.299 Z=32.000) RuntimeGrid:None EditorOnly:0 RuntimeOnly:0 HLODRelevant:0
 |   |   |- Guid:06E66582406FB150B4950EB336045822 BaseClass:/Game/TopDown/Blueprints/BP_Grid.BP_Grid_C NativeClass:/Script/Engine.Actor Name:BP_Grid_C_UAID_581122D49456D9B301_1663855378 Label:BP_Grid SpatiallyLoaded:1 Bounds:IsValid=true, Min=(X=-70.000 Y=-70.000 Z=0.000), Max=(X=-70.000 Y=-70.000 Z=0.000) RuntimeGrid:None EditorOnly:0 RuntimeOnly:0 HLODRelevant:0
 |   |   |- Guid:0C88A72140F815991DA363979AFF0570 BaseClass:/Game/TopDown/Blueprints/WorldData.WorldData_C NativeClass:/Script/Engine.Actor Name:WorldData_C_UAID_581122D49456D3B301_1966586319 Label:WorldData SpatiallyLoaded:1 Bounds:IsValid=true, Min=(X=2.000 Y=2.000 Z=18.000), Max=(X=98.000 Y=98.000 Z=82.000) RuntimeGrid:None EditorOnly:0 RuntimeOnly:0 HLODRelevant:0
 |   |   |- Guid:0EDEF9E047C5D5C92DAE768072A15D4E BaseClass:/Game/Content/BP_Tile.BP_Tile_C NativeClass:/Script/Engine.Actor Name:BP_Tile_C_UAID_581122D4945670B401_1834314983 Label:BP_Tile50 SpatiallyLoaded:1 Bounds:IsValid=true, Min=(X=-714.174 Y=1069.460 Z=-100.050), Max=(X=-449.009 Y=1334.625 Z=32.000) RuntimeGrid:None EditorOnly:0 RuntimeOnly:0 HLODRelevant:0
 |   |   |- Guid:147C8D134B12D635012D5F8C57D2C96F BaseClass: NativeClass:/Script/Engine.PostProcessVolume Name:PostProcessVolume_1 Label:PostProcessVolume SpatiallyLoaded:0 Bounds:IsValid=true, Min=(X=0.000 Y=0.000 Z=400.000), Max=(X=200.000 Y=200.000 Z=600.000) RuntimeGrid:None EditorOnly:0 RuntimeOnly:0 HLODRelevant:0 FolderPath:Lighting FolderGuid:4C9334684BA61B42C769F799D2576455
 |   |   |- Guid:1742DF43475F097453197AA79C7473D9 BaseClass: NativeClass:/Script/Engine.SkyLight Name:SkyLight_1 Label:SkyLight SpatiallyLoaded:0 Bounds:IsValid=true, Min=(X=0.000 Y=0.000 Z=690.000), Max=(X=0.000 Y=0.000 Z=690.000) RuntimeGrid:None EditorOnly:0 RuntimeOnly:0 HLODRelevant:0 FolderPath:Lighting FolderGuid:4C9334684BA61B42C769F799D2576455
 |   |   |- Guid:2D3C227E48ECB0B7F5EFB694E667F4A4 BaseClass:/Game/Content/BP_Tile.BP_Tile_C NativeClass:/Script/Engine.Actor Name:BP_Tile_C_UAID_581122D4945670B401_1992867000 Label:BP_Tile58 SpatiallyLoaded:1 Bounds:IsValid=true, Min=(X=-184.040 Y=804.621 Z=-100.050), Max=(X=81.125 Y=1069.786 Z=32.000) RuntimeGrid:None EditorOnly:0 RuntimeOnly:0 HLODRelevant:0
 |   |   |- Guid:2DF0D95440BE0EDA81652F860DC7268E BaseClass: NativeClass:/Script/Engine.WorldDataLayers Name:WorldDataLayers Label:WorldDataLayers SpatiallyLoaded:0 Bounds:IsValid=true, Min=(X=0.000 Y=0.000 Z=0.000), Max=(X=0.000 Y=0.000 Z=0.000) RuntimeGrid:None EditorOnly:0 RuntimeOnly:0 HLODRelevant:0
 |   |   |- Guid:333A3DEE4056C651B9605F88EE5F8C81 BaseClass:/Game/Content/BP_Tile.BP_Tile_C NativeClass:/Script/Engine.Actor Name:BP_Tile_C_UAID_581122D4945670B401_1992860994 Label:BP_Tile55 SpatiallyLoaded:1 Bounds:IsValid=true, Min=(X=-448.916 Y=804.203 Z=-100.050), Max=(X=-183.751 Y=1069.368 Z=32.000) RuntimeGrid:None EditorOnly:0 RuntimeOnly:0 HLODRelevant:0
 |   |   |- Guid:35EA4DE04C7215F2DA589C837DBA4950 BaseClass:/Game/Content/BP_Tileblack.BP_Tileblack_C NativeClass:/Script/Engine.Actor Name:BP_Tileblack_C_UAID_581122D4945670B401_1834317984 Label:BP_Tileblack2 SpatiallyLoaded:1 Bounds:IsValid=true, Min=(X=-582.203 Y=1202.842 Z=-100.050), Max=(X=-317.038 Y=1468.007 Z=32.000) RuntimeGrid:None EditorOnly:0 RuntimeOnly:0 HLODRelevant:0
 |   |   |- Guid:43FF9DB846DDE7F0B354CEBDBB0A5675 BaseClass:/Game/Content/BP_Tileblack.BP_Tileblack_C NativeClass:/Script/Engine.Actor Name:BP_Tileblack_C_UAID_581122D4945670B401_1992865999 Label:BP_Tileblack9 SpatiallyLoaded:1 Bounds:IsValid=true, Min=(X=-316.529 Y=672.131 Z=-100.050), Max=(X=-51.364 Y=937.296 Z=32.000) RuntimeGrid:None EditorOnly:0 RuntimeOnly:0 HLODRelevant:0
 |   |   |- Guid:4E1F89294AF52339E487B69F87F491A4 BaseClass:/Game/Content/BP_Tileblack.BP_Tileblack_C NativeClass:/Script/Engine.Actor Name:BP_Tileblack_C_UAID_581122D4945670B401_1969253991 Label:BP_Tileblack5 SpatiallyLoaded:1 Bounds:IsValid=true, Min=(X=-317.302 Y=1203.286 Z=-100.050), Max=(X=-52.137 Y=1468.451 Z=32.000) RuntimeGrid:None EditorOnly:0 RuntimeOnly:0 HLODRelevant:0
 |   |   |- Guid:5EAC66B9423EA445775028BB6DFADA77 BaseClass:/Game/Content/BP_Tileblack.BP_Tileblack_C NativeClass:/Script/Engine.Actor Name:BP_Tileblack_C_UAID_581122D4945670B401_1558212982 Label:BP_Tileblack SpatiallyLoaded:1 Bounds:IsValid=true, Min=(X=-846.663 Y=936.971 Z=-100.050), Max=(X=-581.498 Y=1202.136 Z=32.000) RuntimeGrid:None EditorOnly:0 RuntimeOnly:0 HLODRelevant:0
 |   |   |- Guid:6252C7D64ACF162A73EE65B11FE214D1 BaseClass: NativeClass:/Script/Engine.SkyAtmosphere Name:SkyAtmosphere_1 Label:SkyAtmosphere SpatiallyLoaded:0 Bounds:IsValid=true, Min=(X=0.000 Y=0.000 Z=1020.000), Max=(X=0.000 Y=0.000 Z=1020.000) RuntimeGrid:None EditorOnly:0 RuntimeOnly:0 HLODRelevant:0 FolderPath:Lighting FolderGuid:4C9334684BA61B42C769F799D2576455
 |   |   |- Guid:64EE8C3C4CF01A2E720A37B693EC725F BaseClass:/Game/Content/BP_Tile.BP_Tile_C NativeClass:/Script/Engine.Actor Name:BP_Tile_C_UAID_581122D4945670B401_1854252985 Label:BP_Tile51 SpatiallyLoaded:1 Bounds:IsValid=true, Min=(X=-449.714 Y=1335.331 Z=-100.050), Max=(X=-184.549 Y=1600.496 Z=32.000) RuntimeGrid:None EditorOnly:0 RuntimeOnly:0 HLODRelevant:0
 |   |   |- Guid:66BCBF874D2A22ADC6523B95EE812CA3 BaseClass: NativeClass:/Script/Engine.StaticMeshActor Name:StaticMeshActor_UAID_A4AE111137DC5CFB00_1660657071 Label:SM_SkySphere SpatiallyLoaded:0 Bounds:IsValid=true, Min=(X=-1638400.000 Y=-1638400.000 Z=-1638400.000), Max=(X=1638400.000 Y=1638400.000 Z=1638400.000) RuntimeGrid:None EditorOnly:0 RuntimeOnly:0 HLODRelevant:1 FolderPath:Lighting FolderGuid:4C9334684BA61B42C769F799D2576455
 |   |   |- Guid:688F2159403F950BF682E88B15E3A917 BaseClass:/Game/Content/BP_Tile.BP_Tile_C NativeClass:/Script/Engine.Actor Name:BP_Tile_C_UAID_581122D4945670B401_1992862996 Label:BP_Tile56 SpatiallyLoaded:1 Bounds:IsValid=true, Min=(X=-184.456 Y=1070.073 Z=-100.050), Max=(X=80.709 Y=1335.238 Z=32.000) RuntimeGrid:None EditorOnly:0 RuntimeOnly:0 HLODRelevant:0
 |   |   |- Guid:6F154C23460681D32133D9BE20144124 BaseClass:/Game/Content/BP_Tile.BP_Tile_C NativeClass:/Script/Engine.Actor Name:BP_Tile_C_UAID_581122D4945670B401_1860751990 Label:BP_Tile54 SpatiallyLoaded:1 Bounds:IsValid=true, Min=(X=-449.298 Y=1069.878 Z=-100.050), Max=(X=-184.133 Y=1335.043 Z=32.000) RuntimeGrid:None EditorOnly:0 RuntimeOnly:0 HLODRelevant:0
 |   |   |- Guid:767FD2694EBE7F0471C270AA072E88B4 BaseClass:/Game/Content/BP_Tile.BP_Tile_C NativeClass:/Script/Engine.Actor Name:BP_Tile_C_UAID_581122D4945670B401_2013655005 Label:BP_Tile60 SpatiallyLoaded:1 Bounds:IsValid=true, Min=(X=-714.913 Y=1335.493 Z=-100.050), Max=(X=-449.748 Y=1600.658 Z=32.000) RuntimeGrid:None EditorOnly:0 RuntimeOnly:0 HLODRelevant:0
 |   |   |- Guid:77F893B3468595EE782136AD620D7EF4 BaseClass: NativeClass:/Script/Engine.VolumetricCloud Name:VolumetricCloud_0 Label:VolumetricCloud SpatiallyLoaded:0 Bounds:IsValid=true, Min=(X=0.000 Y=0.000 Z=820.000), Max=(X=0.000 Y=0.000 Z=820.000) RuntimeGrid:None EditorOnly:0 RuntimeOnly:0 HLODRelevant:0 FolderPath:Lighting FolderGuid:4C9334684BA61B42C769F799D2576455
 |   |   |- Guid:8C52BC684F6F8371AB0B04A6CAC2DDF2 BaseClass:/Game/Content/BP_Tileblack.BP_Tileblack_C NativeClass:/Script/Engine.Actor Name:BP_Tileblack_C_UAID_581122D4945670B401_1992861995 Label:BP_Tileblack7 SpatiallyLoaded:1 Bounds:IsValid=true, Min=(X=-316.240 Y=936.878 Z=-100.050), Max=(X=-51.075 Y=1202.043 Z=32.000) RuntimeGrid:None EditorOnly:0 RuntimeOnly:0 HLODRelevant:0
 |   |   |- Guid:8C5356BF490AFED1A05A0F934B62BB3D BaseClass:/Game/Content/BP_Tileblack.BP_Tileblack_C NativeClass:/Script/Engine.Actor Name:BP_Tileblack_C_UAID_581122D4945670B401_1992863997 Label:BP_Tileblack8 SpatiallyLoaded:1 Bounds:IsValid=true, Min=(X=-581.694 Y=406.966 Z=-100.050), Max=(X=-316.529 Y=672.131 Z=32.000) RuntimeGrid:None EditorOnly:0 RuntimeOnly:0 HLODRelevant:0
 |   |   |- Guid:923C95A9431647BC58B09888F6D93165 BaseClass:/Game/Content/BP_Tile.BP_Tile_C NativeClass:/Script/Engine.Actor Name:BP_Tile_C_UAID_581122D4945670B401_2013653003 Label:BP_Tile59 SpatiallyLoaded:1 Bounds:IsValid=true, Min=(X=-979.372 Y=1069.623 Z=-100.050), Max=(X=-714.207 Y=1334.788 Z=32.000) RuntimeGrid:None EditorOnly:0 RuntimeOnly:0 HLODRelevant:0
 |   |   |- Guid:96FCF07440AFC4D0410E208CA40E2CE3 BaseClass:/Game/Content/BP_Tileblack.BP_Tileblack_C NativeClass:/Script/Engine.Actor Name:BP_Tileblack_C_UAID_581122D4945670B401_1992858993 Label:BP_Tileblack6 SpatiallyLoaded:1 Bounds:IsValid=true, Min=(X=-581.405 Y=671.713 Z=-100.050), Max=(X=-316.240 Y=936.878 Z=32.000) RuntimeGrid:None EditorOnly:0 RuntimeOnly:0 HLODRelevant:0
 |   |   |- Guid:9F2774D647D90459F82D77A61A1404B8 BaseClass:/Game/Content/BP_Tileblack.BP_Tileblack_C NativeClass:/Script/Engine.Actor Name:BP_Tileblack_C_UAID_581122D4945670B401_1860748987 Label:BP_Tileblack3 SpatiallyLoaded:1 Bounds:IsValid=true, Min=(X=-846.952 Y=672.224 Z=-100.050), Max=(X=-581.787 Y=937.389 Z=32.000) RuntimeGrid:None EditorOnly:0 RuntimeOnly:0 HLODRelevant:0
 |   |   |- Guid:A26D9A42483BB0DC13B22E97A2839EB6 BaseClass:/Game/Content/BP_Tile.BP_Tile_C NativeClass:/Script/Engine.Actor Name:BP_Tile_C_UAID_581122D4945670B401_1992856992 Label:BP_Tile52 SpatiallyLoaded:1 Bounds:IsValid=true, Min=(X=-714.081 Y=539.038 Z=-100.050), Max=(X=-448.916 Y=804.203 Z=32.000) RuntimeGrid:None EditorOnly:0 RuntimeOnly:0 HLODRelevant:0
 |   |   |- Guid:A2D94D8942D0AC2AF7A242A812020FC2 BaseClass:/Game/Content/BP_Tileblack.BP_Tileblack_C NativeClass:/Script/Engine.Actor Name:BP_Tileblack_C_UAID_581122D4945670B401_2013656006 Label:BP_Tileblack13 SpatiallyLoaded:1 Bounds:IsValid=true, Min=(X=-582.211 Y=1468.195 Z=-100.050), Max=(X=-317.046 Y=1733.360 Z=32.000) RuntimeGrid:None EditorOnly:0 RuntimeOnly:0 HLODRelevant:0
 |   |   |- Guid:AECEEEE741E6DE68F6843FA49564A956 BaseClass: NativeClass:/Script/Engine.DirectionalLight Name:DirectionalLight_1 Label:DirectionalLight SpatiallyLoaded:0 Bounds:IsValid=true, Min=(X=-1048576.000 Y=-1048576.000 Z=-1048576.000), Max=(X=1048576.000 Y=1048576.000 Z=1048576.000) RuntimeGrid:None EditorOnly:0 RuntimeOnly:0 HLODRelevant:0 FolderPath:Lighting FolderGuid:4C9334684BA61B42C769F799D2576455
 |   |   |- Guid:B0F53FD34D1335EEBAF32395966F92F9 BaseClass:/Game/Content/BP_Tileblack.BP_Tileblack_C NativeClass:/Script/Engine.Actor Name:BP_Tileblack_C_UAID_581122D4945670B401_1860750989 Label:BP_Tileblack4 SpatiallyLoaded:1 Bounds:IsValid=true, Min=(X=-581.787 Y=937.389 Z=-100.050), Max=(X=-316.622 Y=1202.554 Z=32.000) RuntimeGrid:None EditorOnly:0 RuntimeOnly:0 HLODRelevant:0
 |   |   |- Guid:B6F1E3DB480FEAD23B4F819D6DB61E14 BaseClass:/Game/Content/BP_Tile.BP_Tile_C NativeClass:/Script/Engine.Actor Name:BP_Tile_C_UAID_581122D4945670B401_1860749988 Label:BP_Tile53 SpatiallyLoaded:1 Bounds:IsValid=true, Min=(X=-714.463 Y=804.713 Z=-100.050), Max=(X=-449.298 Y=1069.878 Z=32.000) RuntimeGrid:None EditorOnly:0 RuntimeOnly:0 HLODRelevant:0
 |   |   |- Guid:B7C194764996BD0CE42A27825C790318 BaseClass:/Game/Content/BP_Tile.BP_Tile_C NativeClass:/Script/Engine.Actor Name:BP_Tile_C_UAID_581122D4945670B401_1992864998 Label:BP_Tile57 SpatiallyLoaded:1 Bounds:IsValid=true, Min=(X=-449.205 Y=539.456 Z=-100.050), Max=(X=-184.040 Y=804.621 Z=32.000) RuntimeGrid:None EditorOnly:0 RuntimeOnly:0 HLODRelevant:0
 |   |   |- Guid:CCDD89584E0A9025F52AEDA51D60CA54 BaseClass: NativeClass:/Script/NavigationSystem.NavMeshBoundsVolume Name:NavMeshBoundsVolume_1 Label:NavMeshBoundsVolume SpatiallyLoaded:0 Bounds:IsValid=true, Min=(X=-1060.000 Y=-430.000 Z=-230.000), Max=(X=2140.000 Y=3270.000 Z=270.000) RuntimeGrid:None EditorOnly:0 RuntimeOnly:0 HLODRelevant:0 FolderPath:Navigation FolderGuid:AE45D61F453CC144CF8289862C276E89
 |   |   |- Guid:D1EFBEAB40E28D849011EAAEC32C5FD9 BaseClass:/Game/Content/BP_Tileblack.BP_Tileblack_C NativeClass:/Script/Engine.Actor Name:BP_Tileblack_C_UAID_581122D4945670B401_2013654004 Label:BP_Tileblack12 SpatiallyLoaded:1 Bounds:IsValid=true, Min=(X=-846.697 Y=1202.299 Z=-100.050), Max=(X=-581.531 Y=1467.464 Z=32.000) RuntimeGrid:None EditorOnly:0 RuntimeOnly:0 HLODRelevant:0
 |   |   |- Guid:D24D61B944EF71BE7BC469B7EB239299 BaseClass: NativeClass:/Script/Engine.ExponentialHeightFog Name:ExponentialHeightFog_1 Label:ExponentialHeightFog SpatiallyLoaded:0 Bounds:IsValid=true, Min=(X=-5600.000 Y=-50.000 Z=-6850.000), Max=(X=-5600.000 Y=-50.000 Z=-6850.000) RuntimeGrid:None EditorOnly:0 RuntimeOnly:0 HLODRelevant:0 FolderPath:Lighting FolderGuid:4C9334684BA61B42C769F799D2576455
 |   |   |- Guid:DDB633D440BB3BBC58022C8115E3697C BaseClass:/Game/Content/BP_Tileblack.BP_Tileblack_C NativeClass:/Script/Engine.Actor Name:BP_Tileblack_C_UAID_581122D4945670B401_1992868001 Label:BP_Tileblack10 SpatiallyLoaded:1 Bounds:IsValid=true, Min=(X=-52.044 Y=938.028 Z=-100.050), Max=(X=213.121 Y=1203.193 Z=32.000) RuntimeGrid:None EditorOnly:0 RuntimeOnly:0 HLODRelevant:0
 |   |   |- Guid:ED9A2F9E4BD62BF0D6263B97322740F7 BaseClass:/Game/Content/BP_Tile.BP_Tile_C NativeClass:/Script/Engine.Actor Name:BP_Tile_C_UAID_581122D494566FB401_2143728804 Label:BP_Tile49 SpatiallyLoaded:1 Bounds:IsValid=true, Min=(X=-979.339 Y=804.295 Z=-100.050), Max=(X=-714.174 Y=1069.460 Z=32.000) RuntimeGrid:None EditorOnly:0 RuntimeOnly:0 HLODRelevant:0
 |   |   |- Guid:F33CC5014C49925B3A9D52A063AF483F BaseClass: NativeClass:/Script/Engine.PlayerStart Name:PlayerStart_0 Label:PlayerStart SpatiallyLoaded:0 Bounds:IsValid=true, Min=(X=-680.000 Y=1815.554 Z=114.389), Max=(X=-600.000 Y=1885.554 Z=298.389) RuntimeGrid:None EditorOnly:0 RuntimeOnly:0 HLODRelevant:0
 |   |- [+] Clusters:
 |   |   |- [+] [  0]
 |   |   |   |- Guid:333A3DEE4056C651B9605F88EE5F8C81 BaseClass:/Game/Content/BP_Tile.BP_Tile_C NativeClass:/Script/Engine.Actor Name:BP_Tile_C_UAID_581122D4945670B401_1992860994 Label:BP_Tile55 SpatiallyLoaded:1 Bounds:IsValid=true, Min=(X=-448.916 Y=804.203 Z=-100.050), Max=(X=-183.751 Y=1069.368 Z=32.000) RuntimeGrid:None EditorOnly:0 RuntimeOnly:0 HLODRelevant:0
 |   |   |- [+] [  1]
 |   |   |   |- Guid:CCDD89584E0A9025F52AEDA51D60CA54 BaseClass: NativeClass:/Script/NavigationSystem.NavMeshBoundsVolume Name:NavMeshBoundsVolume_1 Label:NavMeshBoundsVolume SpatiallyLoaded:0 Bounds:IsValid=true, Min=(X=-1060.000 Y=-430.000 Z=-230.000), Max=(X=2140.000 Y=3270.000 Z=270.000) RuntimeGrid:None EditorOnly:0 RuntimeOnly:0 HLODRelevant:0 FolderPath:Navigation FolderGuid:AE45D61F453CC144CF8289862C276E89
 |   |   |- [+] [  2]
 |   |   |   |- Guid:0EDEF9E047C5D5C92DAE768072A15D4E BaseClass:/Game/Content/BP_Tile.BP_Tile_C NativeClass:/Script/Engine.Actor Name:BP_Tile_C_UAID_581122D4945670B401_1834314983 Label:BP_Tile50 SpatiallyLoaded:1 Bounds:IsValid=true, Min=(X=-714.174 Y=1069.460 Z=-100.050), Max=(X=-449.009 Y=1334.625 Z=32.000) RuntimeGrid:None EditorOnly:0 RuntimeOnly:0 HLODRelevant:0
 |   |   |- [+] [  3]
 |   |   |   |- Guid:2D3C227E48ECB0B7F5EFB694E667F4A4 BaseClass:/Game/Content/BP_Tile.BP_Tile_C NativeClass:/Script/Engine.Actor Name:BP_Tile_C_UAID_581122D4945670B401_1992867000 Label:BP_Tile58 SpatiallyLoaded:1 Bounds:IsValid=true, Min=(X=-184.040 Y=804.621 Z=-100.050), Max=(X=81.125 Y=1069.786 Z=32.000) RuntimeGrid:None EditorOnly:0 RuntimeOnly:0 HLODRelevant:0
 |   |   |- [+] [  4]
 |   |   |   |- Guid:767FD2694EBE7F0471C270AA072E88B4 BaseClass:/Game/Content/BP_Tile.BP_Tile_C NativeClass:/Script/Engine.Actor Name:BP_Tile_C_UAID_581122D4945670B401_2013655005 Label:BP_Tile60 SpatiallyLoaded:1 Bounds:IsValid=true, Min=(X=-714.913 Y=1335.493 Z=-100.050), Max=(X=-449.748 Y=1600.658 Z=32.000) RuntimeGrid:None EditorOnly:0 RuntimeOnly:0 HLODRelevant:0
 |   |   |- [+] [  5]
 |   |   |   |- Guid:0C88A72140F815991DA363979AFF0570 BaseClass:/Game/TopDown/Blueprints/WorldData.WorldData_C NativeClass:/Script/Engine.Actor Name:WorldData_C_UAID_581122D49456D3B301_1966586319 Label:WorldData SpatiallyLoaded:1 Bounds:IsValid=true, Min=(X=2.000 Y=2.000 Z=18.000), Max=(X=98.000 Y=98.000 Z=82.000) RuntimeGrid:None EditorOnly:0 RuntimeOnly:0 HLODRelevant:0
 |   |   |- [+] [  6]
 |   |   |   |- Guid:5EAC66B9423EA445775028BB6DFADA77 BaseClass:/Game/Content/BP_Tileblack.BP_Tileblack_C NativeClass:/Script/Engine.Actor Name:BP_Tileblack_C_UAID_581122D4945670B401_1558212982 Label:BP_Tileblack SpatiallyLoaded:1 Bounds:IsValid=true, Min=(X=-846.663 Y=936.971 Z=-100.050), Max=(X=-581.498 Y=1202.136 Z=32.000) RuntimeGrid:None EditorOnly:0 RuntimeOnly:0 HLODRelevant:0
 |   |   |- [+] [  7]
 |   |   |   |- Guid:8C52BC684F6F8371AB0B04A6CAC2DDF2 BaseClass:/Game/Content/BP_Tileblack.BP_Tileblack_C NativeClass:/Script/Engine.Actor Name:BP_Tileblack_C_UAID_581122D4945670B401_1992861995 Label:BP_Tileblack7 SpatiallyLoaded:1 Bounds:IsValid=true, Min=(X=-316.240 Y=936.878 Z=-100.050), Max=(X=-51.075 Y=1202.043 Z=32.000) RuntimeGrid:None EditorOnly:0 RuntimeOnly:0 HLODRelevant:0
 |   |   |- [+] [  8]
 |   |   |   |- Guid:A26D9A42483BB0DC13B22E97A2839EB6 BaseClass:/Game/Content/BP_Tile.BP_Tile_C NativeClass:/Script/Engine.Actor Name:BP_Tile_C_UAID_581122D4945670B401_1992856992 Label:BP_Tile52 SpatiallyLoaded:1 Bounds:IsValid=true, Min=(X=-714.081 Y=539.038 Z=-100.050), Max=(X=-448.916 Y=804.203 Z=32.000) RuntimeGrid:None EditorOnly:0 RuntimeOnly:0 HLODRelevant:0
 |   |   |- [+] [  9]
 |   |   |   |- Guid:6252C7D64ACF162A73EE65B11FE214D1 BaseClass: NativeClass:/Script/Engine.SkyAtmosphere Name:SkyAtmosphere_1 Label:SkyAtmosphere SpatiallyLoaded:0 Bounds:IsValid=true, Min=(X=0.000 Y=0.000 Z=1020.000), Max=(X=0.000 Y=0.000 Z=1020.000) RuntimeGrid:None EditorOnly:0 RuntimeOnly:0 HLODRelevant:0 FolderPath:Lighting FolderGuid:4C9334684BA61B42C769F799D2576455
 |   |   |- [+] [ 10]
 |   |   |   |- Guid:A2D94D8942D0AC2AF7A242A812020FC2 BaseClass:/Game/Content/BP_Tileblack.BP_Tileblack_C NativeClass:/Script/Engine.Actor Name:BP_Tileblack_C_UAID_581122D4945670B401_2013656006 Label:BP_Tileblack13 SpatiallyLoaded:1 Bounds:IsValid=true, Min=(X=-582.211 Y=1468.195 Z=-100.050), Max=(X=-317.046 Y=1733.360 Z=32.000) RuntimeGrid:None EditorOnly:0 RuntimeOnly:0 HLODRelevant:0
 |   |   |- [+] [ 11]
 |   |   |   |- Guid:D24D61B944EF71BE7BC469B7EB239299 BaseClass: NativeClass:/Script/Engine.ExponentialHeightFog Name:ExponentialHeightFog_1 Label:ExponentialHeightFog SpatiallyLoaded:0 Bounds:IsValid=true, Min=(X=-5600.000 Y=-50.000 Z=-6850.000), Max=(X=-5600.000 Y=-50.000 Z=-6850.000) RuntimeGrid:None EditorOnly:0 RuntimeOnly:0 HLODRelevant:0 FolderPath:Lighting FolderGuid:4C9334684BA61B42C769F799D2576455
 |   |   |- [+] [ 12]
 |   |   |   |- Guid:77F893B3468595EE782136AD620D7EF4 BaseClass: NativeClass:/Script/Engine.VolumetricCloud Name:VolumetricCloud_0 Label:VolumetricCloud SpatiallyLoaded:0 Bounds:IsValid=true, Min=(X=0.000 Y=0.000 Z=820.000), Max=(X=0.000 Y=0.000 Z=820.000) RuntimeGrid:None EditorOnly:0 RuntimeOnly:0 HLODRelevant:0 FolderPath:Lighting FolderGuid:4C9334684BA61B42C769F799D2576455
 |   |   |- [+] [ 13]
 |   |   |   |- Guid:F33CC5014C49925B3A9D52A063AF483F BaseClass: NativeClass:/Script/Engine.PlayerStart Name:PlayerStart_0 Label:PlayerStart SpatiallyLoaded:0 Bounds:IsValid=true, Min=(X=-680.000 Y=1815.554 Z=114.389), Max=(X=-600.000 Y=1885.554 Z=298.389) RuntimeGrid:None EditorOnly:0 RuntimeOnly:0 HLODRelevant:0
 |   |   |- [+] [ 14]
 |   |   |   |- Guid:000D2EDF44A3768DB61A41A76401A8BB BaseClass:/Game/Content/BP_Tileblack.BP_Tileblack_C NativeClass:/Script/Engine.Actor Name:BP_Tileblack_C_UAID_581122D4945670B401_2013651002 Label:BP_Tileblack11 SpatiallyLoaded:1 Bounds:IsValid=true, Min=(X=-1111.862 Y=937.134 Z=-100.050), Max=(X=-846.697 Y=1202.299 Z=32.000) RuntimeGrid:None EditorOnly:0 RuntimeOnly:0 HLODRelevant:0
 |   |   |- [+] [ 15]
 |   |   |   |- Guid:147C8D134B12D635012D5F8C57D2C96F BaseClass: NativeClass:/Script/Engine.PostProcessVolume Name:PostProcessVolume_1 Label:PostProcessVolume SpatiallyLoaded:0 Bounds:IsValid=true, Min=(X=0.000 Y=0.000 Z=400.000), Max=(X=200.000 Y=200.000 Z=600.000) RuntimeGrid:None EditorOnly:0 RuntimeOnly:0 HLODRelevant:0 FolderPath:Lighting FolderGuid:4C9334684BA61B42C769F799D2576455
 |   |   |- [+] [ 16]
 |   |   |   |- Guid:D1EFBEAB40E28D849011EAAEC32C5FD9 BaseClass:/Game/Content/BP_Tileblack.BP_Tileblack_C NativeClass:/Script/Engine.Actor Name:BP_Tileblack_C_UAID_581122D4945670B401_2013654004 Label:BP_Tileblack12 SpatiallyLoaded:1 Bounds:IsValid=true, Min=(X=-846.697 Y=1202.299 Z=-100.050), Max=(X=-581.531 Y=1467.464 Z=32.000) RuntimeGrid:None EditorOnly:0 RuntimeOnly:0 HLODRelevant:0
 |   |   |- [+] [ 17]
 |   |   |   |- Guid:35EA4DE04C7215F2DA589C837DBA4950 BaseClass:/Game/Content/BP_Tileblack.BP_Tileblack_C NativeClass:/Script/Engine.Actor Name:BP_Tileblack_C_UAID_581122D4945670B401_1834317984 Label:BP_Tileblack2 SpatiallyLoaded:1 Bounds:IsValid=true, Min=(X=-582.203 Y=1202.842 Z=-100.050), Max=(X=-317.038 Y=1468.007 Z=32.000) RuntimeGrid:None EditorOnly:0 RuntimeOnly:0 HLODRelevant:0
 |   |   |- [+] [ 18]
 |   |   |   |- Guid:9F2774D647D90459F82D77A61A1404B8 BaseClass:/Game/Content/BP_Tileblack.BP_Tileblack_C NativeClass:/Script/Engine.Actor Name:BP_Tileblack_C_UAID_581122D4945670B401_1860748987 Label:BP_Tileblack3 SpatiallyLoaded:1 Bounds:IsValid=true, Min=(X=-846.952 Y=672.224 Z=-100.050), Max=(X=-581.787 Y=937.389 Z=32.000) RuntimeGrid:None EditorOnly:0 RuntimeOnly:0 HLODRelevant:0
 |   |   |- [+] [ 19]
 |   |   |   |- Guid:DDB633D440BB3BBC58022C8115E3697C BaseClass:/Game/Content/BP_Tileblack.BP_Tileblack_C NativeClass:/Script/Engine.Actor Name:BP_Tileblack_C_UAID_581122D4945670B401_1992868001 Label:BP_Tileblack10 SpatiallyLoaded:1 Bounds:IsValid=true, Min=(X=-52.044 Y=938.028 Z=-100.050), Max=(X=213.121 Y=1203.193 Z=32.000) RuntimeGrid:None EditorOnly:0 RuntimeOnly:0 HLODRelevant:0
 |   |   |- [+] [ 20]
 |   |   |   |- Guid:96FCF07440AFC4D0410E208CA40E2CE3 BaseClass:/Game/Content/BP_Tileblack.BP_Tileblack_C NativeClass:/Script/Engine.Actor Name:BP_Tileblack_C_UAID_581122D4945670B401_1992858993 Label:BP_Tileblack6 SpatiallyLoaded:1 Bounds:IsValid=true, Min=(X=-581.405 Y=671.713 Z=-100.050), Max=(X=-316.240 Y=936.878 Z=32.000) RuntimeGrid:None EditorOnly:0 RuntimeOnly:0 HLODRelevant:0
 |   |   |- [+] [ 21]
 |   |   |   |- Guid:B6F1E3DB480FEAD23B4F819D6DB61E14 BaseClass:/Game/Content/BP_Tile.BP_Tile_C NativeClass:/Script/Engine.Actor Name:BP_Tile_C_UAID_581122D4945670B401_1860749988 Label:BP_Tile53 SpatiallyLoaded:1 Bounds:IsValid=true, Min=(X=-714.463 Y=804.713 Z=-100.050), Max=(X=-449.298 Y=1069.878 Z=32.000) RuntimeGrid:None EditorOnly:0 RuntimeOnly:0 HLODRelevant:0
 |   |   |- [+] [ 22]
 |   |   |   |- Guid:AECEEEE741E6DE68F6843FA49564A956 BaseClass: NativeClass:/Script/Engine.DirectionalLight Name:DirectionalLight_1 Label:DirectionalLight SpatiallyLoaded:0 Bounds:IsValid=true, Min=(X=-1048576.000 Y=-1048576.000 Z=-1048576.000), Max=(X=1048576.000 Y=1048576.000 Z=1048576.000) RuntimeGrid:None EditorOnly:0 RuntimeOnly:0 HLODRelevant:0 FolderPath:Lighting FolderGuid:4C9334684BA61B42C769F799D2576455
 |   |   |- [+] [ 23]
 |   |   |   |- Guid:ED9A2F9E4BD62BF0D6263B97322740F7 BaseClass:/Game/Content/BP_Tile.BP_Tile_C NativeClass:/Script/Engine.Actor Name:BP_Tile_C_UAID_581122D494566FB401_2143728804 Label:BP_Tile49 SpatiallyLoaded:1 Bounds:IsValid=true, Min=(X=-979.339 Y=804.295 Z=-100.050), Max=(X=-714.174 Y=1069.460 Z=32.000) RuntimeGrid:None EditorOnly:0 RuntimeOnly:0 HLODRelevant:0
 |   |   |- [+] [ 24]
 |   |   |   |- Guid:8C5356BF490AFED1A05A0F934B62BB3D BaseClass:/Game/Content/BP_Tileblack.BP_Tileblack_C NativeClass:/Script/Engine.Actor Name:BP_Tileblack_C_UAID_581122D4945670B401_1992863997 Label:BP_Tileblack8 SpatiallyLoaded:1 Bounds:IsValid=true, Min=(X=-581.694 Y=406.966 Z=-100.050), Max=(X=-316.529 Y=672.131 Z=32.000) RuntimeGrid:None EditorOnly:0 RuntimeOnly:0 HLODRelevant:0
 |   |   |- [+] [ 25]
 |   |   |   |- Guid:2DF0D95440BE0EDA81652F860DC7268E BaseClass: NativeClass:/Script/Engine.WorldDataLayers Name:WorldDataLayers Label:WorldDataLayers SpatiallyLoaded:0 Bounds:IsValid=true, Min=(X=0.000 Y=0.000 Z=0.000), Max=(X=0.000 Y=0.000 Z=0.000) RuntimeGrid:None EditorOnly:0 RuntimeOnly:0 HLODRelevant:0
 |   |   |- [+] [ 26]
 |   |   |   |- Guid:06E66582406FB150B4950EB336045822 BaseClass:/Game/TopDown/Blueprints/BP_Grid.BP_Grid_C NativeClass:/Script/Engine.Actor Name:BP_Grid_C_UAID_581122D49456D9B301_1663855378 Label:BP_Grid SpatiallyLoaded:1 Bounds:IsValid=true, Min=(X=-70.000 Y=-70.000 Z=0.000), Max=(X=-70.000 Y=-70.000 Z=0.000) RuntimeGrid:None EditorOnly:0 RuntimeOnly:0 HLODRelevant:0
 |   |   |- [+] [ 27]
 |   |   |   |- Guid:64EE8C3C4CF01A2E720A37B693EC725F BaseClass:/Game/Content/BP_Tile.BP_Tile_C NativeClass:/Script/Engine.Actor Name:BP_Tile_C_UAID_581122D4945670B401_1854252985 Label:BP_Tile51 SpatiallyLoaded:1 Bounds:IsValid=true, Min=(X=-449.714 Y=1335.331 Z=-100.050), Max=(X=-184.549 Y=1600.496 Z=32.000) RuntimeGrid:None EditorOnly:0 RuntimeOnly:0 HLODRelevant:0
 |   |   |- [+] [ 28]
 |   |   |   |- Guid:4E1F89294AF52339E487B69F87F491A4 BaseClass:/Game/Content/BP_Tileblack.BP_Tileblack_C NativeClass:/Script/Engine.Actor Name:BP_Tileblack_C_UAID_581122D4945670B401_1969253991 Label:BP_Tileblack5 SpatiallyLoaded:1 Bounds:IsValid=true, Min=(X=-317.302 Y=1203.286 Z=-100.050), Max=(X=-52.137 Y=1468.451 Z=32.000) RuntimeGrid:None EditorOnly:0 RuntimeOnly:0 HLODRelevant:0
 |   |   |- [+] [ 29]
 |   |   |   |- Guid:B0F53FD34D1335EEBAF32395966F92F9 BaseClass:/Game/Content/BP_Tileblack.BP_Tileblack_C NativeClass:/Script/Engine.Actor Name:BP_Tileblack_C_UAID_581122D4945670B401_1860750989 Label:BP_Tileblack4 SpatiallyLoaded:1 Bounds:IsValid=true, Min=(X=-581.787 Y=937.389 Z=-100.050), Max=(X=-316.622 Y=1202.554 Z=32.000) RuntimeGrid:None EditorOnly:0 RuntimeOnly:0 HLODRelevant:0
 |   |   |- [+] [ 30]
 |   |   |   |- Guid:66BCBF874D2A22ADC6523B95EE812CA3 BaseClass: NativeClass:/Script/Engine.StaticMeshActor Name:StaticMeshActor_UAID_A4AE111137DC5CFB00_1660657071 Label:SM_SkySphere SpatiallyLoaded:0 Bounds:IsValid=true, Min=(X=-1638400.000 Y=-1638400.000 Z=-1638400.000), Max=(X=1638400.000 Y=1638400.000 Z=1638400.000) RuntimeGrid:None EditorOnly:0 RuntimeOnly:0 HLODRelevant:1 FolderPath:Lighting FolderGuid:4C9334684BA61B42C769F799D2576455
 |   |   |- [+] [ 31]
 |   |   |   |- Guid:688F2159403F950BF682E88B15E3A917 BaseClass:/Game/Content/BP_Tile.BP_Tile_C NativeClass:/Script/Engine.Actor Name:BP_Tile_C_UAID_581122D4945670B401_1992862996 Label:BP_Tile56 SpatiallyLoaded:1 Bounds:IsValid=true, Min=(X=-184.456 Y=1070.073 Z=-100.050), Max=(X=80.709 Y=1335.238 Z=32.000) RuntimeGrid:None EditorOnly:0 RuntimeOnly:0 HLODRelevant:0
 |   |   |- [+] [ 32]
 |   |   |   |- Guid:923C95A9431647BC58B09888F6D93165 BaseClass:/Game/Content/BP_Tile.BP_Tile_C NativeClass:/Script/Engine.Actor Name:BP_Tile_C_UAID_581122D4945670B401_2013653003 Label:BP_Tile59 SpatiallyLoaded:1 Bounds:IsValid=true, Min=(X=-979.372 Y=1069.623 Z=-100.050), Max=(X=-714.207 Y=1334.788 Z=32.000) RuntimeGrid:None EditorOnly:0 RuntimeOnly:0 HLODRelevant:0
 |   |   |- [+] [ 33]
 |   |   |   |- Guid:B7C194764996BD0CE42A27825C790318 BaseClass:/Game/Content/BP_Tile.BP_Tile_C NativeClass:/Script/Engine.Actor Name:BP_Tile_C_UAID_581122D4945670B401_1992864998 Label:BP_Tile57 SpatiallyLoaded:1 Bounds:IsValid=true, Min=(X=-449.205 Y=539.456 Z=-100.050), Max=(X=-184.040 Y=804.621 Z=32.000) RuntimeGrid:None EditorOnly:0 RuntimeOnly:0 HLODRelevant:0
 |   |   |- [+] [ 34]
 |   |   |   |- Guid:43FF9DB846DDE7F0B354CEBDBB0A5675 BaseClass:/Game/Content/BP_Tileblack.BP_Tileblack_C NativeClass:/Script/Engine.Actor Name:BP_Tileblack_C_UAID_581122D4945670B401_1992865999 Label:BP_Tileblack9 SpatiallyLoaded:1 Bounds:IsValid=true, Min=(X=-316.529 Y=672.131 Z=-100.050), Max=(X=-51.364 Y=937.296 Z=32.000) RuntimeGrid:None EditorOnly:0 RuntimeOnly:0 HLODRelevant:0
 |   |   |- [+] [ 35]
 |   |   |   |- Guid:6F154C23460681D32133D9BE20144124 BaseClass:/Game/Content/BP_Tile.BP_Tile_C NativeClass:/Script/Engine.Actor Name:BP_Tile_C_UAID_581122D4945670B401_1860751990 Label:BP_Tile54 SpatiallyLoaded:1 Bounds:IsValid=true, Min=(X=-449.298 Y=1069.878 Z=-100.050), Max=(X=-184.133 Y=1335.043 Z=32.000) RuntimeGrid:None EditorOnly:0 RuntimeOnly:0 HLODRelevant:0
 |   |   |- [+] [ 36]
 |   |   |   |- Guid:1742DF43475F097453197AA79C7473D9 BaseClass: NativeClass:/Script/Engine.SkyLight Name:SkyLight_1 Label:SkyLight SpatiallyLoaded:0 Bounds:IsValid=true, Min=(X=0.000 Y=0.000 Z=690.000), Max=(X=0.000 Y=0.000 Z=690.000) RuntimeGrid:None EditorOnly:0 RuntimeOnly:0 HLODRelevant:0 FolderPath:Lighting FolderGuid:4C9334684BA61B42C769F799D2576455
 |- ContainerInstances:
 |- [+] MainContainer:
 |   |-        ID: 0x0000000000000000
 |   |-    Bounds: IsValid=false, Min=(X=0.000 Y=0.000 Z=0.000), Max=(X=0.000 Y=0.000 Z=0.000)
 |   |- Transform: 0.000000,0.000000,0.000000|0.000000,0.000000,-0.000000|1.000000,1.000000,1.000000
 |   |- Container: /Game/TopDown/Maps/TopDownMap
----------------------------------------------------------------------------------------------------------------
TopDownMap - Persistent Level
----------------------------------------------------------------------------------------------------------------
Always loaded Actor Count: 45 

----------------------------------------------------------------------------------------------------------------
TopDownMap - Runtime Spatial Hash - Streaming Grid - MainGrid
----------------------------------------------------------------------------------------------------------------
            Origin: X=0.000 Y=0.000 Z=0.000
         Cell Size: 12800
      World Bounds: IsValid=false, Min=(X=0.000 Y=0.000 Z=0.000), Max=(X=0.000 Y=0.000 Z=0.000)
     Loading Range: 25600.00
Block Slow Loading: No
 ClientOnlyVisible: No

[+] Grid Levels: 1
 |- Level  0: Cell Count    0 | Cell Size   12800 | Actor Count    0 (0.0%)

[+] Content of Grid Level 0

