[+] Containers:
 |- [+] Container: /Game/TopDown/Maps/TopDownMap
 |   |- [+] ActorDescs:
 |   |   |- Guid:000D2EDF44A3768DB61A41A76401A8BB BaseClass:/Game/Content/BP_Tileblack.BP_Tileblack_C NativeClass:/Script/Engine.Actor Name:BP_Tileblack_C_UAID_581122D4945670B401_2013651002 Label:BP_Tileblack11 SpatiallyLoaded:1 Bounds:IsValid=true, Min=(X=-583.105 Y=2217.448 Z=-100.050), Max=(X=-317.940 Y=2482.613 Z=32.000) RuntimeGrid:None EditorOnly:0 RuntimeOnly:0 HLODRelevant:0
 |   |   |- Guid:03E02BEB468F4A956089D7895C4F3C16 BaseClass:/Game/Content/BP_Tile.BP_Tile_C NativeClass:/Script/Engine.Actor Name:BP_Tile_C_UAID_581122D494562EB401_2086952351 Label:BP_Tile16 SpatiallyLoaded:1 Bounds:IsValid=true, Min=(X=-250.000 Y=250.000 Z=-100.050), Max=(X=-150.000 Y=350.000 Z=32.000) RuntimeGrid:None EditorOnly:0 RuntimeOnly:0 HLODRelevant:0
 |   |   |- Guid:06E66582406FB150B4950EB336045822 BaseClass:/Game/TopDown/Blueprints/BP_Grid.BP_Grid_C NativeClass:/Script/Engine.Actor Name:BP_Grid_C_UAID_581122D49456D9B301_1663855378 Label:BP_Grid SpatiallyLoaded:1 Bounds:IsValid=true, Min=(X=-50.000 Y=-50.000 Z=-100.050), Max=(X=850.000 Y=850.000 Z=0.100) RuntimeGrid:None EditorOnly:0 RuntimeOnly:0 HLODRelevant:0
 |   |   |- Guid:0775F134442E857C35AB5D8F63C741E2 BaseClass:/Game/Content/BP_Tile.BP_Tile_C NativeClass:/Script/Engine.Actor Name:BP_Tile_C_UAID_581122D494562EB401_2069538338 Label:BP_Tile3 SpatiallyLoaded:1 Bounds:IsValid=true, Min=(X=-550.000 Y=450.000 Z=-100.050), Max=(X=-450.000 Y=550.000 Z=32.000) RuntimeGrid:None EditorOnly:0 RuntimeOnly:0 HLODRelevant:0
 |   |   |- Guid:0B237D41447550D9A0F6ED9D9EDFB009 BaseClass:/Game/Content/BP_Tile.BP_Tile_C NativeClass:/Script/Engine.Actor Name:BP_Tile_C_UAID_581122D494562EB401_2080068345 Label:BP_Tile10 SpatiallyLoaded:1 Bounds:IsValid=true, Min=(X=-450.000 Y=650.000 Z=-100.050), Max=(X=-350.000 Y=750.000 Z=32.000) RuntimeGrid:None EditorOnly:0 RuntimeOnly:0 HLODRelevant:0
 |   |   |- Guid:0C88A72140F815991DA363979AFF0570 BaseClass:/Game/TopDown/Blueprints/WorldData.WorldData_C NativeClass:/Script/Engine.Actor Name:WorldData_C_UAID_581122D49456D3B301_1966586319 Label:WorldData SpatiallyLoaded:1 Bounds:IsValid=true, Min=(X=2.000 Y=2.000 Z=18.000), Max=(X=98.000 Y=98.000 Z=82.000) RuntimeGrid:None EditorOnly:0 RuntimeOnly:0 HLODRelevant:0
 |   |   |- Guid:0DB319824B538D10BF93CC948EB553A1 BaseClass:/Game/Content/BP_Tile.BP_Tile_C NativeClass:/Script/Engine.Actor Name:BP_Tile_C_UAID_581122D494562EB401_2071824339 Label:BP_Tile4 SpatiallyLoaded:1 Bounds:IsValid=true, Min=(X=-550.000 Y=550.000 Z=-100.050), Max=(X=-450.000 Y=650.000 Z=32.000) RuntimeGrid:None EditorOnly:0 RuntimeOnly:0 HLODRelevant:0
 |   |   |- Guid:0EDEF9E047C5D5C92DAE768072A15D4E BaseClass:/Game/Content/BP_Tile.BP_Tile_C NativeClass:/Script/Engine.Actor Name:BP_Tile_C_UAID_581122D4945670B401_1834314983 Label:BP_Tile50 SpatiallyLoaded:1 Bounds:IsValid=true, Min=(X=-450.779 Y=1819.760 Z=-100.050), Max=(X=-185.614 Y=2084.925 Z=32.000) RuntimeGrid:None EditorOnly:0 RuntimeOnly:0 HLODRelevant:0
 |   |   |- Guid:1252CB63453A37D28E0B3180E225D5DF BaseClass:/Game/Content/BP_Tile.BP_Tile_C NativeClass:/Script/Engine.Actor Name:BP_Tile_C_UAID_581122D494562EB401_2083948348 Label:BP_Tile13 SpatiallyLoaded:1 Bounds:IsValid=true, Min=(X=-350.000 Y=450.000 Z=-100.050), Max=(X=-250.000 Y=550.000 Z=32.000) RuntimeGrid:None EditorOnly:0 RuntimeOnly:0 HLODRelevant:0
 |   |   |- Guid:147C8D134B12D635012D5F8C57D2C96F BaseClass: NativeClass:/Script/Engine.PostProcessVolume Name:PostProcessVolume_1 Label:PostProcessVolume SpatiallyLoaded:0 Bounds:IsValid=true, Min=(X=0.000 Y=0.000 Z=400.000), Max=(X=200.000 Y=200.000 Z=600.000) RuntimeGrid:None EditorOnly:0 RuntimeOnly:0 HLODRelevant:0 FolderPath:Lighting FolderGuid:4C9334684BA61B42C769F799D2576455
 |   |   |- Guid:1742DF43475F097453197AA79C7473D9 BaseClass: NativeClass:/Script/Engine.SkyLight Name:SkyLight_1 Label:SkyLight SpatiallyLoaded:0 Bounds:IsValid=true, Min=(X=0.000 Y=0.000 Z=690.000), Max=(X=0.000 Y=0.000 Z=690.000) RuntimeGrid:None EditorOnly:0 RuntimeOnly:0 HLODRelevant:0 FolderPath:Lighting FolderGuid:4C9334684BA61B42C769F799D2576455
 |   |   |- Guid:2B5E5DFE444A6A0E158B53A743A99A29 BaseClass:/Game/Content/BP_Tile.BP_Tile_C NativeClass:/Script/Engine.Actor Name:BP_Tile_C_UAID_581122D494562EB401_2086957355 Label:BP_Tile20 SpatiallyLoaded:1 Bounds:IsValid=true, Min=(X=-250.000 Y=650.000 Z=-100.050), Max=(X=-150.000 Y=750.000 Z=32.000) RuntimeGrid:None EditorOnly:0 RuntimeOnly:0 HLODRelevant:0
 |   |   |- Guid:2D3C227E48ECB0B7F5EFB694E667F4A4 BaseClass:/Game/Content/BP_Tile.BP_Tile_C NativeClass:/Script/Engine.Actor Name:BP_Tile_C_UAID_581122D4945670B401_1992867000 Label:BP_Tile58 SpatiallyLoaded:1 Bounds:IsValid=true, Min=(X=-715.618 Y=1289.626 Z=-100.050), Max=(X=-450.453 Y=1554.792 Z=32.000) RuntimeGrid:None EditorOnly:0 RuntimeOnly:0 HLODRelevant:0
 |   |   |- Guid:2DF0D95440BE0EDA81652F860DC7268E BaseClass: NativeClass:/Script/Engine.WorldDataLayers Name:WorldDataLayers Label:WorldDataLayers SpatiallyLoaded:0 Bounds:IsValid=true, Min=(X=0.000 Y=0.000 Z=0.000), Max=(X=0.000 Y=0.000 Z=0.000) RuntimeGrid:None EditorOnly:0 RuntimeOnly:0 HLODRelevant:0
 |   |   |- Guid:333A3DEE4056C651B9605F88EE5F8C81 BaseClass:/Game/Content/BP_Tile.BP_Tile_C NativeClass:/Script/Engine.Actor Name:BP_Tile_C_UAID_581122D4945670B401_1992860994 Label:BP_Tile55 SpatiallyLoaded:1 Bounds:IsValid=true, Min=(X=-716.036 Y=1554.502 Z=-100.050), Max=(X=-450.871 Y=1819.668 Z=32.000) RuntimeGrid:None EditorOnly:0 RuntimeOnly:0 HLODRelevant:0
 |   |   |- Guid:35EA4DE04C7215F2DA589C837DBA4950 BaseClass:/Game/Content/BP_Tileblack.BP_Tileblack_C NativeClass:/Script/Engine.Actor Name:BP_Tileblack_C_UAID_581122D4945670B401_1834317984 Label:BP_Tileblack2 SpatiallyLoaded:1 Bounds:IsValid=true, Min=(X=-317.397 Y=1687.790 Z=-100.050), Max=(X=-52.232 Y=1952.955 Z=32.000) RuntimeGrid:None EditorOnly:0 RuntimeOnly:0 HLODRelevant:0
 |   |   |- Guid:370DEEB143D8AD8BBBC86B984FE61C03 BaseClass:/Game/Content/BP_Tile.BP_Tile_C NativeClass:/Script/Engine.Actor Name:BP_Tile_C_UAID_581122D494562EB401_2086956354 Label:BP_Tile19 SpatiallyLoaded:1 Bounds:IsValid=true, Min=(X=-250.000 Y=550.000 Z=-100.050), Max=(X=-150.000 Y=650.000 Z=32.000) RuntimeGrid:None EditorOnly:0 RuntimeOnly:0 HLODRelevant:0
 |   |   |- Guid:37DB5EBE4E2D8A354E6A90940281E536 BaseClass:/Game/Content/BP_Tile.BP_Tile_C NativeClass:/Script/Engine.Actor Name:BP_Tile_C_UAID_581122D494562EB401_2080066343 Label:BP_Tile8 SpatiallyLoaded:1 Bounds:IsValid=true, Min=(X=-450.000 Y=450.000 Z=-100.050), Max=(X=-350.000 Y=550.000 Z=32.000) RuntimeGrid:None EditorOnly:0 RuntimeOnly:0 HLODRelevant:0
 |   |   |- Guid:38A22FEF47BD808E2F86658AD4D7E28F BaseClass:/Game/Content/BP_Tile.BP_Tile_C NativeClass:/Script/Engine.Actor Name:BP_Tile_C_UAID_581122D494562EB401_2080063341 Label:BP_Tile6 SpatiallyLoaded:1 Bounds:IsValid=true, Min=(X=-450.000 Y=250.000 Z=-100.050), Max=(X=-350.000 Y=350.000 Z=32.000) RuntimeGrid:None EditorOnly:0 RuntimeOnly:0 HLODRelevant:0
 |   |   |- Guid:43FF9DB846DDE7F0B354CEBDBB0A5675 BaseClass:/Game/Content/BP_Tileblack.BP_Tileblack_C NativeClass:/Script/Engine.Actor Name:BP_Tileblack_C_UAID_581122D4945670B401_1992865999 Label:BP_Tileblack9 SpatiallyLoaded:1 Bounds:IsValid=true, Min=(X=-848.108 Y=1422.116 Z=-100.050), Max=(X=-582.942 Y=1687.281 Z=32.000) RuntimeGrid:None EditorOnly:0 RuntimeOnly:0 HLODRelevant:0
 |   |   |- Guid:46547124439FC4E77DBD00A81077F055 BaseClass:/Game/Content/BP_Tile.BP_Tile_C NativeClass:/Script/Engine.Actor Name:BP_Tile_C_UAID_581122D494566FB401_1905309775 Label:BP_Tile21 SpatiallyLoaded:1 Bounds:IsValid=true, Min=(X=-650.000 Y=550.000 Z=-100.050), Max=(X=-550.000 Y=650.000 Z=32.000) RuntimeGrid:None EditorOnly:0 RuntimeOnly:0 HLODRelevant:0
 |   |   |- Guid:48DFAEC84C8170F8300E1FA050D8EA8B BaseClass:/Game/Content/BP_Tile.BP_Tile_C NativeClass:/Script/Engine.Actor Name:BP_Tile_C_UAID_581122D494562EB401_2083947347 Label:BP_Tile12 SpatiallyLoaded:1 Bounds:IsValid=true, Min=(X=-350.000 Y=350.000 Z=-100.050), Max=(X=-250.000 Y=450.000 Z=32.000) RuntimeGrid:None EditorOnly:0 RuntimeOnly:0 HLODRelevant:0
 |   |   |- Guid:4E1F89294AF52339E487B69F87F491A4 BaseClass:/Game/Content/BP_Tileblack.BP_Tileblack_C NativeClass:/Script/Engine.Actor Name:BP_Tileblack_C_UAID_581122D4945670B401_1969253991 Label:BP_Tileblack5 SpatiallyLoaded:1 Bounds:IsValid=true, Min=(X=-316.953 Y=1422.888 Z=-100.050), Max=(X=-51.788 Y=1688.053 Z=32.000) RuntimeGrid:None EditorOnly:0 RuntimeOnly:0 HLODRelevant:0
 |   |   |- Guid:52EDCE6B4F55AC12DB6846BBDF9CE3D7 BaseClass:/Game/Content/BP_Tile.BP_Tile_C NativeClass:/Script/Engine.Actor Name:BP_Tile_C_UAID_581122D494562EB401_2065475337 Label:BP_Tile2 SpatiallyLoaded:1 Bounds:IsValid=true, Min=(X=-550.000 Y=350.000 Z=-100.050), Max=(X=-450.000 Y=450.000 Z=32.000) RuntimeGrid:None EditorOnly:0 RuntimeOnly:0 HLODRelevant:0
 |   |   |- Guid:5EAC66B9423EA445775028BB6DFADA77 BaseClass:/Game/Content/BP_Tileblack.BP_Tileblack_C NativeClass:/Script/Engine.Actor Name:BP_Tileblack_C_UAID_581122D4945670B401_1558212982 Label:BP_Tileblack SpatiallyLoaded:1 Bounds:IsValid=true, Min=(X=-583.268 Y=1952.249 Z=-100.050), Max=(X=-318.103 Y=2217.415 Z=32.000) RuntimeGrid:None EditorOnly:0 RuntimeOnly:0 HLODRelevant:0
 |   |   |- Guid:6252C7D64ACF162A73EE65B11FE214D1 BaseClass: NativeClass:/Script/Engine.SkyAtmosphere Name:SkyAtmosphere_1 Label:SkyAtmosphere SpatiallyLoaded:0 Bounds:IsValid=true, Min=(X=0.000 Y=0.000 Z=1020.000), Max=(X=0.000 Y=0.000 Z=1020.000) RuntimeGrid:None EditorOnly:0 RuntimeOnly:0 HLODRelevant:0 FolderPath:Lighting FolderGuid:4C9334684BA61B42C769F799D2576455
 |   |   |- Guid:64EE8C3C4CF01A2E720A37B693EC725F BaseClass:/Game/Content/BP_Tile.BP_Tile_C NativeClass:/Script/Engine.Actor Name:BP_Tile_C_UAID_581122D4945670B401_1854252985 Label:BP_Tile51 SpatiallyLoaded:1 Bounds:IsValid=true, Min=(X=-184.908 Y=1555.301 Z=-100.050), Max=(X=80.257 Y=1820.466 Z=32.000) RuntimeGrid:None EditorOnly:0 RuntimeOnly:0 HLODRelevant:0
 |   |   |- Guid:66BCBF874D2A22ADC6523B95EE812CA3 BaseClass: NativeClass:/Script/Engine.StaticMeshActor Name:StaticMeshActor_UAID_A4AE111137DC5CFB00_1660657071 Label:SM_SkySphere SpatiallyLoaded:0 Bounds:IsValid=true, Min=(X=-1638400.000 Y=-1638400.000 Z=-1638400.000), Max=(X=1638400.000 Y=1638400.000 Z=1638400.000) RuntimeGrid:None EditorOnly:0 RuntimeOnly:0 HLODRelevant:1 FolderPath:Lighting FolderGuid:4C9334684BA61B42C769F799D2576455
 |   |   |- Guid:688F2159403F950BF682E88B15E3A917 BaseClass:/Game/Content/BP_Tile.BP_Tile_C NativeClass:/Script/Engine.Actor Name:BP_Tile_C_UAID_581122D4945670B401_1992862996 Label:BP_Tile56 SpatiallyLoaded:1 Bounds:IsValid=true, Min=(X=-450.166 Y=1290.043 Z=-100.050), Max=(X=-185.001 Y=1555.208 Z=32.000) RuntimeGrid:None EditorOnly:0 RuntimeOnly:0 HLODRelevant:0
 |   |   |- Guid:6F154C23460681D32133D9BE20144124 BaseClass:/Game/Content/BP_Tile.BP_Tile_C NativeClass:/Script/Engine.Actor Name:BP_Tile_C_UAID_581122D4945670B401_1860751990 Label:BP_Tile54 SpatiallyLoaded:1 Bounds:IsValid=true, Min=(X=-450.361 Y=1554.884 Z=-100.050), Max=(X=-185.196 Y=1820.049 Z=32.000) RuntimeGrid:None EditorOnly:0 RuntimeOnly:0 HLODRelevant:0
 |   |   |- Guid:6FBDDC8D4C3CD8D012C9F7810227D65B BaseClass:/Game/Content/BP_Tile.BP_Tile_C NativeClass:/Script/Engine.Actor Name:BP_Tile_C_UAID_581122D494562EB401_2083946346 Label:BP_Tile11 SpatiallyLoaded:1 Bounds:IsValid=true, Min=(X=-350.000 Y=250.000 Z=-100.050), Max=(X=-250.000 Y=350.000 Z=32.000) RuntimeGrid:None EditorOnly:0 RuntimeOnly:0 HLODRelevant:0
 |   |   |- Guid:767FD2694EBE7F0471C270AA072E88B4 BaseClass:/Game/Content/BP_Tile.BP_Tile_C NativeClass:/Script/Engine.Actor Name:BP_Tile_C_UAID_581122D4945670B401_2013655005 Label:BP_Tile60 SpatiallyLoaded:1 Bounds:IsValid=true, Min=(X=-184.746 Y=1820.499 Z=-100.050), Max=(X=80.419 Y=2085.664 Z=32.000) RuntimeGrid:None EditorOnly:0 RuntimeOnly:0 HLODRelevant:0
 |   |   |- Guid:77F893B3468595EE782136AD620D7EF4 BaseClass: NativeClass:/Script/Engine.VolumetricCloud Name:VolumetricCloud_0 Label:VolumetricCloud SpatiallyLoaded:0 Bounds:IsValid=true, Min=(X=0.000 Y=0.000 Z=820.000), Max=(X=0.000 Y=0.000 Z=820.000) RuntimeGrid:None EditorOnly:0 RuntimeOnly:0 HLODRelevant:0 FolderPath:Lighting FolderGuid:4C9334684BA61B42C769F799D2576455
 |   |   |- Guid:83F629A34710EEF24F49D4AC2A2D5671 BaseClass:/Game/Content/BP_Tile.BP_Tile_C NativeClass:/Script/Engine.Actor Name:BP_Tile_C_UAID_581122D494562EB401_2086955353 Label:BP_Tile18 SpatiallyLoaded:1 Bounds:IsValid=true, Min=(X=-250.000 Y=450.000 Z=-100.050), Max=(X=-150.000 Y=550.000 Z=32.000) RuntimeGrid:None EditorOnly:0 RuntimeOnly:0 HLODRelevant:0
 |   |   |- Guid:8C52BC684F6F8371AB0B04A6CAC2DDF2 BaseClass:/Game/Content/BP_Tileblack.BP_Tileblack_C NativeClass:/Script/Engine.Actor Name:BP_Tileblack_C_UAID_581122D4945670B401_1992861995 Label:BP_Tileblack7 SpatiallyLoaded:1 Bounds:IsValid=true, Min=(X=-583.361 Y=1421.827 Z=-100.050), Max=(X=-318.195 Y=1686.992 Z=32.000) RuntimeGrid:None EditorOnly:0 RuntimeOnly:0 HLODRelevant:0
 |   |   |- Guid:8C5356BF490AFED1A05A0F934B62BB3D BaseClass:/Game/Content/BP_Tileblack.BP_Tileblack_C NativeClass:/Script/Engine.Actor Name:BP_Tileblack_C_UAID_581122D4945670B401_1992863997 Label:BP_Tileblack8 SpatiallyLoaded:1 Bounds:IsValid=true, Min=(X=-1113.273 Y=1687.281 Z=-100.050), Max=(X=-848.108 Y=1952.446 Z=32.000) RuntimeGrid:None EditorOnly:0 RuntimeOnly:0 HLODRelevant:0
 |   |   |- Guid:91E19F354BE3F4B5BB061CA90E65D9F9 BaseClass:/Game/Content/BP_Tile.BP_Tile_C NativeClass:/Script/Engine.Actor Name:BP_Tile_C_UAID_581122D494566FB401_1905316779 Label:BP_Tile25 SpatiallyLoaded:1 Bounds:IsValid=true, Min=(X=-650.000 Y=350.000 Z=-100.050), Max=(X=-550.000 Y=450.000 Z=32.000) RuntimeGrid:None EditorOnly:0 RuntimeOnly:0 HLODRelevant:0
 |   |   |- Guid:923C95A9431647BC58B09888F6D93165 BaseClass:/Game/Content/BP_Tile.BP_Tile_C NativeClass:/Script/Engine.Actor Name:BP_Tile_C_UAID_581122D4945670B401_2013653003 Label:BP_Tile59 SpatiallyLoaded:1 Bounds:IsValid=true, Min=(X=-450.616 Y=2084.959 Z=-100.050), Max=(X=-185.451 Y=2350.124 Z=32.000) RuntimeGrid:None EditorOnly:0 RuntimeOnly:0 HLODRelevant:0
 |   |   |- Guid:96FCF07440AFC4D0410E208CA40E2CE3 BaseClass:/Game/Content/BP_Tileblack.BP_Tileblack_C NativeClass:/Script/Engine.Actor Name:BP_Tileblack_C_UAID_581122D4945670B401_1992858993 Label:BP_Tileblack6 SpatiallyLoaded:1 Bounds:IsValid=true, Min=(X=-848.526 Y=1686.992 Z=-100.050), Max=(X=-583.361 Y=1952.157 Z=32.000) RuntimeGrid:None EditorOnly:0 RuntimeOnly:0 HLODRelevant:0
 |   |   |- Guid:99A002634DA368C31F253EA4C5100EFF BaseClass:/Game/Content/BP_Tile.BP_Tile_C NativeClass:/Script/Engine.Actor Name:BP_Tile_C_UAID_581122D494562EB401_2086953352 Label:BP_Tile17 SpatiallyLoaded:1 Bounds:IsValid=true, Min=(X=-250.000 Y=350.000 Z=-100.050), Max=(X=-150.000 Y=450.000 Z=32.000) RuntimeGrid:None EditorOnly:0 RuntimeOnly:0 HLODRelevant:0
 |   |   |- Guid:9F2774D647D90459F82D77A61A1404B8 BaseClass:/Game/Content/BP_Tileblack.BP_Tileblack_C NativeClass:/Script/Engine.Actor Name:BP_Tileblack_C_UAID_581122D4945670B401_1860748987 Label:BP_Tileblack3 SpatiallyLoaded:1 Bounds:IsValid=true, Min=(X=-848.015 Y=1952.539 Z=-100.050), Max=(X=-582.850 Y=2217.704 Z=32.000) RuntimeGrid:None EditorOnly:0 RuntimeOnly:0 HLODRelevant:0
 |   |   |- Guid:A26D9A42483BB0DC13B22E97A2839EB6 BaseClass:/Game/Content/BP_Tile.BP_Tile_C NativeClass:/Script/Engine.Actor Name:BP_Tile_C_UAID_581122D4945670B401_1992856992 Label:BP_Tile52 SpatiallyLoaded:1 Bounds:IsValid=true, Min=(X=-981.201 Y=1819.668 Z=-100.050), Max=(X=-716.036 Y=2084.833 Z=32.000) RuntimeGrid:None EditorOnly:0 RuntimeOnly:0 HLODRelevant:0
 |   |   |- Guid:A2D94D8942D0AC2AF7A242A812020FC2 BaseClass:/Game/Content/BP_Tileblack.BP_Tileblack_C NativeClass:/Script/Engine.Actor Name:BP_Tileblack_C_UAID_581122D4945670B401_2013656006 Label:BP_Tileblack13 SpatiallyLoaded:1 Bounds:IsValid=true, Min=(X=-52.044 Y=1687.798 Z=-100.050), Max=(X=213.121 Y=1952.963 Z=32.000) RuntimeGrid:None EditorOnly:0 RuntimeOnly:0 HLODRelevant:0
 |   |   |- Guid:AB5B22EA4536A8D8CB5D3085FE8E6E09 BaseClass:/Game/Content/BP_Tile.BP_Tile_C NativeClass:/Script/Engine.Actor Name:BP_Tile_C_UAID_581122D494562EB401_2080067344 Label:BP_Tile9 SpatiallyLoaded:1 Bounds:IsValid=true, Min=(X=-450.000 Y=550.000 Z=-100.050), Max=(X=-350.000 Y=650.000 Z=32.000) RuntimeGrid:None EditorOnly:0 RuntimeOnly:0 HLODRelevant:0
 |   |   |- Guid:AD2AC9794B7F9211042F1583770CB6D0 BaseClass:/Game/Content/BP_Tile.BP_Tile_C NativeClass:/Script/Engine.Actor Name:BP_Tile_C_UAID_581122D494562EB401_2074068340 Label:BP_Tile5 SpatiallyLoaded:1 Bounds:IsValid=true, Min=(X=-550.000 Y=650.000 Z=-100.050), Max=(X=-450.000 Y=750.000 Z=32.000) RuntimeGrid:None EditorOnly:0 RuntimeOnly:0 HLODRelevant:0
 |   |   |- Guid:AECEEEE741E6DE68F6843FA49564A956 BaseClass: NativeClass:/Script/Engine.DirectionalLight Name:DirectionalLight_1 Label:DirectionalLight SpatiallyLoaded:0 Bounds:IsValid=true, Min=(X=-1048576.000 Y=-1048576.000 Z=-1048576.000), Max=(X=1048576.000 Y=1048576.000 Z=1048576.000) RuntimeGrid:None EditorOnly:0 RuntimeOnly:0 HLODRelevant:0 FolderPath:Lighting FolderGuid:4C9334684BA61B42C769F799D2576455
 |   |   |- Guid:B0F53FD34D1335EEBAF32395966F92F9 BaseClass:/Game/Content/BP_Tileblack.BP_Tileblack_C NativeClass:/Script/Engine.Actor Name:BP_Tileblack_C_UAID_581122D4945670B401_1860750989 Label:BP_Tileblack4 SpatiallyLoaded:1 Bounds:IsValid=true, Min=(X=-582.850 Y=1687.374 Z=-100.050), Max=(X=-317.685 Y=1952.539 Z=32.000) RuntimeGrid:None EditorOnly:0 RuntimeOnly:0 HLODRelevant:0
 |   |   |- Guid:B6F1E3DB480FEAD23B4F819D6DB61E14 BaseClass:/Game/Content/BP_Tile.BP_Tile_C NativeClass:/Script/Engine.Actor Name:BP_Tile_C_UAID_581122D4945670B401_1860749988 Label:BP_Tile53 SpatiallyLoaded:1 Bounds:IsValid=true, Min=(X=-715.526 Y=1820.049 Z=-100.050), Max=(X=-450.361 Y=2085.214 Z=32.000) RuntimeGrid:None EditorOnly:0 RuntimeOnly:0 HLODRelevant:0
 |   |   |- Guid:B7C194764996BD0CE42A27825C790318 BaseClass:/Game/Content/BP_Tile.BP_Tile_C NativeClass:/Script/Engine.Actor Name:BP_Tile_C_UAID_581122D4945670B401_1992864998 Label:BP_Tile57 SpatiallyLoaded:1 Bounds:IsValid=true, Min=(X=-980.783 Y=1554.792 Z=-100.050), Max=(X=-715.618 Y=1819.957 Z=32.000) RuntimeGrid:None EditorOnly:0 RuntimeOnly:0 HLODRelevant:0
 |   |   |- Guid:B876E63647DBCCB6DB183F8544FFCB39 BaseClass:/Game/Content/BP_Tile.BP_Tile_C NativeClass:/Script/Engine.Actor Name:BP_Tile_C_UAID_581122D494562EB401_2083950350 Label:BP_Tile15 SpatiallyLoaded:1 Bounds:IsValid=true, Min=(X=-350.000 Y=650.000 Z=-100.050), Max=(X=-250.000 Y=750.000 Z=32.000) RuntimeGrid:None EditorOnly:0 RuntimeOnly:0 HLODRelevant:0
 |   |   |- Guid:CBEF3CE645394969E66A25B4361CFCE4 BaseClass:/Game/Content/BP_Tile.BP_Tile_C NativeClass:/Script/Engine.Actor Name:BP_Tile_C_UAID_581122D494562EB401_2083950349 Label:BP_Tile14 SpatiallyLoaded:1 Bounds:IsValid=true, Min=(X=-350.000 Y=550.000 Z=-100.050), Max=(X=-250.000 Y=650.000 Z=32.000) RuntimeGrid:None EditorOnly:0 RuntimeOnly:0 HLODRelevant:0
 |   |   |- Guid:CCDD89584E0A9025F52AEDA51D60CA54 BaseClass: NativeClass:/Script/NavigationSystem.NavMeshBoundsVolume Name:NavMeshBoundsVolume_1 Label:NavMeshBoundsVolume SpatiallyLoaded:0 Bounds:IsValid=true, Min=(X=-1060.000 Y=-430.000 Z=-230.000), Max=(X=2140.000 Y=3270.000 Z=270.000) RuntimeGrid:None EditorOnly:0 RuntimeOnly:0 HLODRelevant:0 FolderPath:Navigation FolderGuid:AE45D61F453CC144CF8289862C276E89
 |   |   |- Guid:D1EFBEAB40E28D849011EAAEC32C5FD9 BaseClass:/Game/Content/BP_Tileblack.BP_Tileblack_C NativeClass:/Script/Engine.Actor Name:BP_Tileblack_C_UAID_581122D4945670B401_2013654004 Label:BP_Tileblack12 SpatiallyLoaded:1 Bounds:IsValid=true, Min=(X=-317.940 Y=1952.283 Z=-100.050), Max=(X=-52.775 Y=2217.448 Z=32.000) RuntimeGrid:None EditorOnly:0 RuntimeOnly:0 HLODRelevant:0
 |   |   |- Guid:D24D61B944EF71BE7BC469B7EB239299 BaseClass: NativeClass:/Script/Engine.ExponentialHeightFog Name:ExponentialHeightFog_1 Label:ExponentialHeightFog SpatiallyLoaded:0 Bounds:IsValid=true, Min=(X=-5600.000 Y=-50.000 Z=-6850.000), Max=(X=-5600.000 Y=-50.000 Z=-6850.000) RuntimeGrid:None EditorOnly:0 RuntimeOnly:0 HLODRelevant:0 FolderPath:Lighting FolderGuid:4C9334684BA61B42C769F799D2576455
 |   |   |- Guid:D72A555A49A86F0E4A754D9F04823F8A BaseClass:/Game/Content/BP_Tile.BP_Tile_C NativeClass:/Script/Engine.Actor Name:BP_Tile_C_UAID_581122D494566FB401_1905315778 Label:BP_Tile24 SpatiallyLoaded:1 Bounds:IsValid=true, Min=(X=-650.000 Y=450.000 Z=-100.050), Max=(X=-550.000 Y=550.000 Z=32.000) RuntimeGrid:None EditorOnly:0 RuntimeOnly:0 HLODRelevant:0
 |   |   |- Guid:DDB633D440BB3BBC58022C8115E3697C BaseClass:/Game/Content/BP_Tileblack.BP_Tileblack_C NativeClass:/Script/Engine.Actor Name:BP_Tileblack_C_UAID_581122D4945670B401_1992868001 Label:BP_Tileblack10 SpatiallyLoaded:1 Bounds:IsValid=true, Min=(X=-582.211 Y=1157.630 Z=-100.050), Max=(X=-317.046 Y=1422.795 Z=32.000) RuntimeGrid:None EditorOnly:0 RuntimeOnly:0 HLODRelevant:0
 |   |   |- Guid:ED9A2F9E4BD62BF0D6263B97322740F7 BaseClass:/Game/Content/BP_Tile.BP_Tile_C NativeClass:/Script/Engine.Actor Name:BP_Tile_C_UAID_581122D494566FB401_2143728804 Label:BP_Tile49 SpatiallyLoaded:1 Bounds:IsValid=true, Min=(X=-715.944 Y=2084.925 Z=-100.050), Max=(X=-450.779 Y=2350.090 Z=32.000) RuntimeGrid:None EditorOnly:0 RuntimeOnly:0 HLODRelevant:0
 |   |   |- Guid:EEC78DB14AF10C99E1E16C90552BA1D5 BaseClass:/Game/Content/BP_Tile.BP_Tile_C NativeClass:/Script/Engine.Actor Name:BP_Tile_C_UAID_581122D494562EB401_2032104336 Label:BP_Tile SpatiallyLoaded:1 Bounds:IsValid=true, Min=(X=-550.000 Y=250.000 Z=-100.050), Max=(X=-450.000 Y=350.000 Z=32.000) RuntimeGrid:None EditorOnly:0 RuntimeOnly:0 HLODRelevant:0
 |   |   |- Guid:F33CC5014C49925B3A9D52A063AF483F BaseClass: NativeClass:/Script/Engine.PlayerStart Name:PlayerStart_0 Label:PlayerStart SpatiallyLoaded:0 Bounds:IsValid=true, Min=(X=-680.000 Y=1815.554 Z=114.389), Max=(X=-600.000 Y=1885.554 Z=298.389) RuntimeGrid:None EditorOnly:0 RuntimeOnly:0 HLODRelevant:0
 |   |   |- Guid:FDA21BC3495345C479567A8938A73A71 BaseClass:/Game/Content/BP_Tile.BP_Tile_C NativeClass:/Script/Engine.Actor Name:BP_Tile_C_UAID_581122D494562EB401_2080065342 Label:BP_Tile7 SpatiallyLoaded:1 Bounds:IsValid=true, Min=(X=-450.000 Y=350.000 Z=-100.050), Max=(X=-350.000 Y=450.000 Z=32.000) RuntimeGrid:None EditorOnly:0 RuntimeOnly:0 HLODRelevant:0
 |   |   |- Guid:FE7BD0A543114D9FF64A5DA5F27DDD66 BaseClass:/Game/Content/BP_Tile.BP_Tile_C NativeClass:/Script/Engine.Actor Name:BP_Tile_C_UAID_581122D494566FB401_1905313776 Label:BP_Tile22 SpatiallyLoaded:1 Bounds:IsValid=true, Min=(X=-650.000 Y=250.000 Z=-100.050), Max=(X=-550.000 Y=350.000 Z=32.000) RuntimeGrid:None EditorOnly:0 RuntimeOnly:0 HLODRelevant:0
 |   |- [+] Clusters:
 |   |   |- [+] [  0]
 |   |   |   |- Guid:AB5B22EA4536A8D8CB5D3085FE8E6E09 BaseClass:/Game/Content/BP_Tile.BP_Tile_C NativeClass:/Script/Engine.Actor Name:BP_Tile_C_UAID_581122D494562EB401_2080067344 Label:BP_Tile9 SpatiallyLoaded:1 Bounds:IsValid=true, Min=(X=-450.000 Y=550.000 Z=-100.050), Max=(X=-350.000 Y=650.000 Z=32.000) RuntimeGrid:None EditorOnly:0 RuntimeOnly:0 HLODRelevant:0
 |   |   |- [+] [  1]
 |   |   |   |- Guid:CBEF3CE645394969E66A25B4361CFCE4 BaseClass:/Game/Content/BP_Tile.BP_Tile_C NativeClass:/Script/Engine.Actor Name:BP_Tile_C_UAID_581122D494562EB401_2083950349 Label:BP_Tile14 SpatiallyLoaded:1 Bounds:IsValid=true, Min=(X=-350.000 Y=550.000 Z=-100.050), Max=(X=-250.000 Y=650.000 Z=32.000) RuntimeGrid:None EditorOnly:0 RuntimeOnly:0 HLODRelevant:0
 |   |   |- [+] [  2]
 |   |   |   |- Guid:CCDD89584E0A9025F52AEDA51D60CA54 BaseClass: NativeClass:/Script/NavigationSystem.NavMeshBoundsVolume Name:NavMeshBoundsVolume_1 Label:NavMeshBoundsVolume SpatiallyLoaded:0 Bounds:IsValid=true, Min=(X=-1060.000 Y=-430.000 Z=-230.000), Max=(X=2140.000 Y=3270.000 Z=270.000) RuntimeGrid:None EditorOnly:0 RuntimeOnly:0 HLODRelevant:0 FolderPath:Navigation FolderGuid:AE45D61F453CC144CF8289862C276E89
 |   |   |- [+] [  3]
 |   |   |   |- Guid:0DB319824B538D10BF93CC948EB553A1 BaseClass:/Game/Content/BP_Tile.BP_Tile_C NativeClass:/Script/Engine.Actor Name:BP_Tile_C_UAID_581122D494562EB401_2071824339 Label:BP_Tile4 SpatiallyLoaded:1 Bounds:IsValid=true, Min=(X=-550.000 Y=550.000 Z=-100.050), Max=(X=-450.000 Y=650.000 Z=32.000) RuntimeGrid:None EditorOnly:0 RuntimeOnly:0 HLODRelevant:0
 |   |   |- [+] [  4]
 |   |   |   |- Guid:0B237D41447550D9A0F6ED9D9EDFB009 BaseClass:/Game/Content/BP_Tile.BP_Tile_C NativeClass:/Script/Engine.Actor Name:BP_Tile_C_UAID_581122D494562EB401_2080068345 Label:BP_Tile10 SpatiallyLoaded:1 Bounds:IsValid=true, Min=(X=-450.000 Y=650.000 Z=-100.050), Max=(X=-350.000 Y=750.000 Z=32.000) RuntimeGrid:None EditorOnly:0 RuntimeOnly:0 HLODRelevant:0
 |   |   |- [+] [  5]
 |   |   |   |- Guid:EEC78DB14AF10C99E1E16C90552BA1D5 BaseClass:/Game/Content/BP_Tile.BP_Tile_C NativeClass:/Script/Engine.Actor Name:BP_Tile_C_UAID_581122D494562EB401_2032104336 Label:BP_Tile SpatiallyLoaded:1 Bounds:IsValid=true, Min=(X=-550.000 Y=250.000 Z=-100.050), Max=(X=-450.000 Y=350.000 Z=32.000) RuntimeGrid:None EditorOnly:0 RuntimeOnly:0 HLODRelevant:0
 |   |   |- [+] [  6]
 |   |   |   |- Guid:0C88A72140F815991DA363979AFF0570 BaseClass:/Game/TopDown/Blueprints/WorldData.WorldData_C NativeClass:/Script/Engine.Actor Name:WorldData_C_UAID_581122D49456D3B301_1966586319 Label:WorldData SpatiallyLoaded:1 Bounds:IsValid=true, Min=(X=2.000 Y=2.000 Z=18.000), Max=(X=98.000 Y=98.000 Z=82.000) RuntimeGrid:None EditorOnly:0 RuntimeOnly:0 HLODRelevant:0
 |   |   |- [+] [  7]
 |   |   |   |- Guid:83F629A34710EEF24F49D4AC2A2D5671 BaseClass:/Game/Content/BP_Tile.BP_Tile_C NativeClass:/Script/Engine.Actor Name:BP_Tile_C_UAID_581122D494562EB401_2086955353 Label:BP_Tile18 SpatiallyLoaded:1 Bounds:IsValid=true, Min=(X=-250.000 Y=450.000 Z=-100.050), Max=(X=-150.000 Y=550.000 Z=32.000) RuntimeGrid:None EditorOnly:0 RuntimeOnly:0 HLODRelevant:0
 |   |   |- [+] [  8]
 |   |   |   |- Guid:B876E63647DBCCB6DB183F8544FFCB39 BaseClass:/Game/Content/BP_Tile.BP_Tile_C NativeClass:/Script/Engine.Actor Name:BP_Tile_C_UAID_581122D494562EB401_2083950350 Label:BP_Tile15 SpatiallyLoaded:1 Bounds:IsValid=true, Min=(X=-350.000 Y=650.000 Z=-100.050), Max=(X=-250.000 Y=750.000 Z=32.000) RuntimeGrid:None EditorOnly:0 RuntimeOnly:0 HLODRelevant:0
 |   |   |- [+] [  9]
 |   |   |   |- Guid:6252C7D64ACF162A73EE65B11FE214D1 BaseClass: NativeClass:/Script/Engine.SkyAtmosphere Name:SkyAtmosphere_1 Label:SkyAtmosphere SpatiallyLoaded:0 Bounds:IsValid=true, Min=(X=0.000 Y=0.000 Z=1020.000), Max=(X=0.000 Y=0.000 Z=1020.000) RuntimeGrid:None EditorOnly:0 RuntimeOnly:0 HLODRelevant:0 FolderPath:Lighting FolderGuid:4C9334684BA61B42C769F799D2576455
 |   |   |- [+] [ 10]
 |   |   |   |- Guid:37DB5EBE4E2D8A354E6A90940281E536 BaseClass:/Game/Content/BP_Tile.BP_Tile_C NativeClass:/Script/Engine.Actor Name:BP_Tile_C_UAID_581122D494562EB401_2080066343 Label:BP_Tile8 SpatiallyLoaded:1 Bounds:IsValid=true, Min=(X=-450.000 Y=450.000 Z=-100.050), Max=(X=-350.000 Y=550.000 Z=32.000) RuntimeGrid:None EditorOnly:0 RuntimeOnly:0 HLODRelevant:0
 |   |   |- [+] [ 11]
 |   |   |   |- Guid:D24D61B944EF71BE7BC469B7EB239299 BaseClass: NativeClass:/Script/Engine.ExponentialHeightFog Name:ExponentialHeightFog_1 Label:ExponentialHeightFog SpatiallyLoaded:0 Bounds:IsValid=true, Min=(X=-5600.000 Y=-50.000 Z=-6850.000), Max=(X=-5600.000 Y=-50.000 Z=-6850.000) RuntimeGrid:None EditorOnly:0 RuntimeOnly:0 HLODRelevant:0 FolderPath:Lighting FolderGuid:4C9334684BA61B42C769F799D2576455
 |   |   |- [+] [ 12]
 |   |   |   |- Guid:AD2AC9794B7F9211042F1583770CB6D0 BaseClass:/Game/Content/BP_Tile.BP_Tile_C NativeClass:/Script/Engine.Actor Name:BP_Tile_C_UAID_581122D494562EB401_2074068340 Label:BP_Tile5 SpatiallyLoaded:1 Bounds:IsValid=true, Min=(X=-550.000 Y=650.000 Z=-100.050), Max=(X=-450.000 Y=750.000 Z=32.000) RuntimeGrid:None EditorOnly:0 RuntimeOnly:0 HLODRelevant:0
 |   |   |- [+] [ 13]
 |   |   |   |- Guid:77F893B3468595EE782136AD620D7EF4 BaseClass: NativeClass:/Script/Engine.VolumetricCloud Name:VolumetricCloud_0 Label:VolumetricCloud SpatiallyLoaded:0 Bounds:IsValid=true, Min=(X=0.000 Y=0.000 Z=820.000), Max=(X=0.000 Y=0.000 Z=820.000) RuntimeGrid:None EditorOnly:0 RuntimeOnly:0 HLODRelevant:0 FolderPath:Lighting FolderGuid:4C9334684BA61B42C769F799D2576455
 |   |   |- [+] [ 14]
 |   |   |   |- Guid:F33CC5014C49925B3A9D52A063AF483F BaseClass: NativeClass:/Script/Engine.PlayerStart Name:PlayerStart_0 Label:PlayerStart SpatiallyLoaded:0 Bounds:IsValid=true, Min=(X=-680.000 Y=1815.554 Z=114.389), Max=(X=-600.000 Y=1885.554 Z=298.389) RuntimeGrid:None EditorOnly:0 RuntimeOnly:0 HLODRelevant:0
 |   |   |- [+] [ 15]
 |   |   |   |- Guid:147C8D134B12D635012D5F8C57D2C96F BaseClass: NativeClass:/Script/Engine.PostProcessVolume Name:PostProcessVolume_1 Label:PostProcessVolume SpatiallyLoaded:0 Bounds:IsValid=true, Min=(X=0.000 Y=0.000 Z=400.000), Max=(X=200.000 Y=200.000 Z=600.000) RuntimeGrid:None EditorOnly:0 RuntimeOnly:0 HLODRelevant:0 FolderPath:Lighting FolderGuid:4C9334684BA61B42C769F799D2576455
 |   |   |- [+] [ 16]
 |   |   |   |- Guid:0775F134442E857C35AB5D8F63C741E2 BaseClass:/Game/Content/BP_Tile.BP_Tile_C NativeClass:/Script/Engine.Actor Name:BP_Tile_C_UAID_581122D494562EB401_2069538338 Label:BP_Tile3 SpatiallyLoaded:1 Bounds:IsValid=true, Min=(X=-550.000 Y=450.000 Z=-100.050), Max=(X=-450.000 Y=550.000 Z=32.000) RuntimeGrid:None EditorOnly:0 RuntimeOnly:0 HLODRelevant:0
 |   |   |- [+] [ 17]
 |   |   |   |- Guid:38A22FEF47BD808E2F86658AD4D7E28F BaseClass:/Game/Content/BP_Tile.BP_Tile_C NativeClass:/Script/Engine.Actor Name:BP_Tile_C_UAID_581122D494562EB401_2080063341 Label:BP_Tile6 SpatiallyLoaded:1 Bounds:IsValid=true, Min=(X=-450.000 Y=250.000 Z=-100.050), Max=(X=-350.000 Y=350.000 Z=32.000) RuntimeGrid:None EditorOnly:0 RuntimeOnly:0 HLODRelevant:0
 |   |   |- [+] [ 18]
 |   |   |   |- Guid:FDA21BC3495345C479567A8938A73A71 BaseClass:/Game/Content/BP_Tile.BP_Tile_C NativeClass:/Script/Engine.Actor Name:BP_Tile_C_UAID_581122D494562EB401_2080065342 Label:BP_Tile7 SpatiallyLoaded:1 Bounds:IsValid=true, Min=(X=-450.000 Y=350.000 Z=-100.050), Max=(X=-350.000 Y=450.000 Z=32.000) RuntimeGrid:None EditorOnly:0 RuntimeOnly:0 HLODRelevant:0
 |   |   |- [+] [ 19]
 |   |   |   |- Guid:370DEEB143D8AD8BBBC86B984FE61C03 BaseClass:/Game/Content/BP_Tile.BP_Tile_C NativeClass:/Script/Engine.Actor Name:BP_Tile_C_UAID_581122D494562EB401_2086956354 Label:BP_Tile19 SpatiallyLoaded:1 Bounds:IsValid=true, Min=(X=-250.000 Y=550.000 Z=-100.050), Max=(X=-150.000 Y=650.000 Z=32.000) RuntimeGrid:None EditorOnly:0 RuntimeOnly:0 HLODRelevant:0
 |   |   |- [+] [ 20]
 |   |   |   |- Guid:1252CB63453A37D28E0B3180E225D5DF BaseClass:/Game/Content/BP_Tile.BP_Tile_C NativeClass:/Script/Engine.Actor Name:BP_Tile_C_UAID_581122D494562EB401_2083948348 Label:BP_Tile13 SpatiallyLoaded:1 Bounds:IsValid=true, Min=(X=-350.000 Y=450.000 Z=-100.050), Max=(X=-250.000 Y=550.000 Z=32.000) RuntimeGrid:None EditorOnly:0 RuntimeOnly:0 HLODRelevant:0
 |   |   |- [+] [ 21]
 |   |   |   |- Guid:52EDCE6B4F55AC12DB6846BBDF9CE3D7 BaseClass:/Game/Content/BP_Tile.BP_Tile_C NativeClass:/Script/Engine.Actor Name:BP_Tile_C_UAID_581122D494562EB401_2065475337 Label:BP_Tile2 SpatiallyLoaded:1 Bounds:IsValid=true, Min=(X=-550.000 Y=350.000 Z=-100.050), Max=(X=-450.000 Y=450.000 Z=32.000) RuntimeGrid:None EditorOnly:0 RuntimeOnly:0 HLODRelevant:0
 |   |   |- [+] [ 22]
 |   |   |   |- Guid:2B5E5DFE444A6A0E158B53A743A99A29 BaseClass:/Game/Content/BP_Tile.BP_Tile_C NativeClass:/Script/Engine.Actor Name:BP_Tile_C_UAID_581122D494562EB401_2086957355 Label:BP_Tile20 SpatiallyLoaded:1 Bounds:IsValid=true, Min=(X=-250.000 Y=650.000 Z=-100.050), Max=(X=-150.000 Y=750.000 Z=32.000) RuntimeGrid:None EditorOnly:0 RuntimeOnly:0 HLODRelevant:0
 |   |   |- [+] [ 23]
 |   |   |   |- Guid:AECEEEE741E6DE68F6843FA49564A956 BaseClass: NativeClass:/Script/Engine.DirectionalLight Name:DirectionalLight_1 Label:DirectionalLight SpatiallyLoaded:0 Bounds:IsValid=true, Min=(X=-1048576.000 Y=-1048576.000 Z=-1048576.000), Max=(X=1048576.000 Y=1048576.000 Z=1048576.000) RuntimeGrid:None EditorOnly:0 RuntimeOnly:0 HLODRelevant:0 FolderPath:Lighting FolderGuid:4C9334684BA61B42C769F799D2576455
 |   |   |- [+] [ 24]
 |   |   |   |- Guid:2DF0D95440BE0EDA81652F860DC7268E BaseClass: NativeClass:/Script/Engine.WorldDataLayers Name:WorldDataLayers Label:WorldDataLayers SpatiallyLoaded:0 Bounds:IsValid=true, Min=(X=0.000 Y=0.000 Z=0.000), Max=(X=0.000 Y=0.000 Z=0.000) RuntimeGrid:None EditorOnly:0 RuntimeOnly:0 HLODRelevant:0
 |   |   |- [+] [ 25]
 |   |   |   |- Guid:06E66582406FB150B4950EB336045822 BaseClass:/Game/TopDown/Blueprints/BP_Grid.BP_Grid_C NativeClass:/Script/Engine.Actor Name:BP_Grid_C_UAID_581122D49456D9B301_1663855378 Label:BP_Grid SpatiallyLoaded:1 Bounds:IsValid=true, Min=(X=-50.000 Y=-50.000 Z=-100.050), Max=(X=850.000 Y=850.000 Z=0.100) RuntimeGrid:None EditorOnly:0 RuntimeOnly:0 HLODRelevant:0
 |   |   |- [+] [ 26]
 |   |   |   |- Guid:03E02BEB468F4A956089D7895C4F3C16 BaseClass:/Game/Content/BP_Tile.BP_Tile_C NativeClass:/Script/Engine.Actor Name:BP_Tile_C_UAID_581122D494562EB401_2086952351 Label:BP_Tile16 SpatiallyLoaded:1 Bounds:IsValid=true, Min=(X=-250.000 Y=250.000 Z=-100.050), Max=(X=-150.000 Y=350.000 Z=32.000) RuntimeGrid:None EditorOnly:0 RuntimeOnly:0 HLODRelevant:0
 |   |   |- [+] [ 27]
 |   |   |   |- Guid:66BCBF874D2A22ADC6523B95EE812CA3 BaseClass: NativeClass:/Script/Engine.StaticMeshActor Name:StaticMeshActor_UAID_A4AE111137DC5CFB00_1660657071 Label:SM_SkySphere SpatiallyLoaded:0 Bounds:IsValid=true, Min=(X=-1638400.000 Y=-1638400.000 Z=-1638400.000), Max=(X=1638400.000 Y=1638400.000 Z=1638400.000) RuntimeGrid:None EditorOnly:0 RuntimeOnly:0 HLODRelevant:1 FolderPath:Lighting FolderGuid:4C9334684BA61B42C769F799D2576455
 |   |   |- [+] [ 28]
 |   |   |   |- Guid:99A002634DA368C31F253EA4C5100EFF BaseClass:/Game/Content/BP_Tile.BP_Tile_C NativeClass:/Script/Engine.Actor Name:BP_Tile_C_UAID_581122D494562EB401_2086953352 Label:BP_Tile17 SpatiallyLoaded:1 Bounds:IsValid=true, Min=(X=-250.000 Y=350.000 Z=-100.050), Max=(X=-150.000 Y=450.000 Z=32.000) RuntimeGrid:None EditorOnly:0 RuntimeOnly:0 HLODRelevant:0
 |   |   |- [+] [ 29]
 |   |   |   |- Guid:6FBDDC8D4C3CD8D012C9F7810227D65B BaseClass:/Game/Content/BP_Tile.BP_Tile_C NativeClass:/Script/Engine.Actor Name:BP_Tile_C_UAID_581122D494562EB401_2083946346 Label:BP_Tile11 SpatiallyLoaded:1 Bounds:IsValid=true, Min=(X=-350.000 Y=250.000 Z=-100.050), Max=(X=-250.000 Y=350.000 Z=32.000) RuntimeGrid:None EditorOnly:0 RuntimeOnly:0 HLODRelevant:0
 |   |   |- [+] [ 30]
 |   |   |   |- Guid:48DFAEC84C8170F8300E1FA050D8EA8B BaseClass:/Game/Content/BP_Tile.BP_Tile_C NativeClass:/Script/Engine.Actor Name:BP_Tile_C_UAID_581122D494562EB401_2083947347 Label:BP_Tile12 SpatiallyLoaded:1 Bounds:IsValid=true, Min=(X=-350.000 Y=350.000 Z=-100.050), Max=(X=-250.000 Y=450.000 Z=32.000) RuntimeGrid:None EditorOnly:0 RuntimeOnly:0 HLODRelevant:0
 |   |   |- [+] [ 31]
 |   |   |   |- Guid:1742DF43475F097453197AA79C7473D9 BaseClass: NativeClass:/Script/Engine.SkyLight Name:SkyLight_1 Label:SkyLight SpatiallyLoaded:0 Bounds:IsValid=true, Min=(X=0.000 Y=0.000 Z=690.000), Max=(X=0.000 Y=0.000 Z=690.000) RuntimeGrid:None EditorOnly:0 RuntimeOnly:0 HLODRelevant:0 FolderPath:Lighting FolderGuid:4C9334684BA61B42C769F799D2576455
 |   |   |- [+] [ 32]
 |   |   |   |- Guid:46547124439FC4E77DBD00A81077F055 BaseClass:/Game/Content/BP_Tile.BP_Tile_C NativeClass:/Script/Engine.Actor Name:BP_Tile_C_UAID_581122D494566FB401_1905309775 Label:BP_Tile21 SpatiallyLoaded:1 Bounds:IsValid=true, Min=(X=-650.000 Y=550.000 Z=-100.050), Max=(X=-550.000 Y=650.000 Z=32.000) RuntimeGrid:None EditorOnly:0 RuntimeOnly:0 HLODRelevant:0
 |   |   |- [+] [ 33]
 |   |   |   |- Guid:FE7BD0A543114D9FF64A5DA5F27DDD66 BaseClass:/Game/Content/BP_Tile.BP_Tile_C NativeClass:/Script/Engine.Actor Name:BP_Tile_C_UAID_581122D494566FB401_1905313776 Label:BP_Tile22 SpatiallyLoaded:1 Bounds:IsValid=true, Min=(X=-650.000 Y=250.000 Z=-100.050), Max=(X=-550.000 Y=350.000 Z=32.000) RuntimeGrid:None EditorOnly:0 RuntimeOnly:0 HLODRelevant:0
 |   |   |- [+] [ 34]
 |   |   |   |- Guid:D72A555A49A86F0E4A754D9F04823F8A BaseClass:/Game/Content/BP_Tile.BP_Tile_C NativeClass:/Script/Engine.Actor Name:BP_Tile_C_UAID_581122D494566FB401_1905315778 Label:BP_Tile24 SpatiallyLoaded:1 Bounds:IsValid=true, Min=(X=-650.000 Y=450.000 Z=-100.050), Max=(X=-550.000 Y=550.000 Z=32.000) RuntimeGrid:None EditorOnly:0 RuntimeOnly:0 HLODRelevant:0
 |   |   |- [+] [ 35]
 |   |   |   |- Guid:91E19F354BE3F4B5BB061CA90E65D9F9 BaseClass:/Game/Content/BP_Tile.BP_Tile_C NativeClass:/Script/Engine.Actor Name:BP_Tile_C_UAID_581122D494566FB401_1905316779 Label:BP_Tile25 SpatiallyLoaded:1 Bounds:IsValid=true, Min=(X=-650.000 Y=350.000 Z=-100.050), Max=(X=-550.000 Y=450.000 Z=32.000) RuntimeGrid:None EditorOnly:0 RuntimeOnly:0 HLODRelevant:0
 |   |   |- [+] [ 36]
 |   |   |   |- Guid:ED9A2F9E4BD62BF0D6263B97322740F7 BaseClass:/Game/Content/BP_Tile.BP_Tile_C NativeClass:/Script/Engine.Actor Name:BP_Tile_C_UAID_581122D494566FB401_2143728804 Label:BP_Tile49 SpatiallyLoaded:1 Bounds:IsValid=true, Min=(X=-715.944 Y=2084.925 Z=-100.050), Max=(X=-450.779 Y=2350.090 Z=32.000) RuntimeGrid:None EditorOnly:0 RuntimeOnly:0 HLODRelevant:0
 |   |   |- [+] [ 37]
 |   |   |   |- Guid:5EAC66B9423EA445775028BB6DFADA77 BaseClass:/Game/Content/BP_Tileblack.BP_Tileblack_C NativeClass:/Script/Engine.Actor Name:BP_Tileblack_C_UAID_581122D4945670B401_1558212982 Label:BP_Tileblack SpatiallyLoaded:1 Bounds:IsValid=true, Min=(X=-583.268 Y=1952.249 Z=-100.050), Max=(X=-318.103 Y=2217.415 Z=32.000) RuntimeGrid:None EditorOnly:0 RuntimeOnly:0 HLODRelevant:0
 |   |   |- [+] [ 38]
 |   |   |   |- Guid:0EDEF9E047C5D5C92DAE768072A15D4E BaseClass:/Game/Content/BP_Tile.BP_Tile_C NativeClass:/Script/Engine.Actor Name:BP_Tile_C_UAID_581122D4945670B401_1834314983 Label:BP_Tile50 SpatiallyLoaded:1 Bounds:IsValid=true, Min=(X=-450.779 Y=1819.760 Z=-100.050), Max=(X=-185.614 Y=2084.925 Z=32.000) RuntimeGrid:None EditorOnly:0 RuntimeOnly:0 HLODRelevant:0
 |   |   |- [+] [ 39]
 |   |   |   |- Guid:35EA4DE04C7215F2DA589C837DBA4950 BaseClass:/Game/Content/BP_Tileblack.BP_Tileblack_C NativeClass:/Script/Engine.Actor Name:BP_Tileblack_C_UAID_581122D4945670B401_1834317984 Label:BP_Tileblack2 SpatiallyLoaded:1 Bounds:IsValid=true, Min=(X=-317.397 Y=1687.790 Z=-100.050), Max=(X=-52.232 Y=1952.955 Z=32.000) RuntimeGrid:None EditorOnly:0 RuntimeOnly:0 HLODRelevant:0
 |   |   |- [+] [ 40]
 |   |   |   |- Guid:64EE8C3C4CF01A2E720A37B693EC725F BaseClass:/Game/Content/BP_Tile.BP_Tile_C NativeClass:/Script/Engine.Actor Name:BP_Tile_C_UAID_581122D4945670B401_1854252985 Label:BP_Tile51 SpatiallyLoaded:1 Bounds:IsValid=true, Min=(X=-184.908 Y=1555.301 Z=-100.050), Max=(X=80.257 Y=1820.466 Z=32.000) RuntimeGrid:None EditorOnly:0 RuntimeOnly:0 HLODRelevant:0
 |   |   |- [+] [ 41]
 |   |   |   |- Guid:9F2774D647D90459F82D77A61A1404B8 BaseClass:/Game/Content/BP_Tileblack.BP_Tileblack_C NativeClass:/Script/Engine.Actor Name:BP_Tileblack_C_UAID_581122D4945670B401_1860748987 Label:BP_Tileblack3 SpatiallyLoaded:1 Bounds:IsValid=true, Min=(X=-848.015 Y=1952.539 Z=-100.050), Max=(X=-582.850 Y=2217.704 Z=32.000) RuntimeGrid:None EditorOnly:0 RuntimeOnly:0 HLODRelevant:0
 |   |   |- [+] [ 42]
 |   |   |   |- Guid:B6F1E3DB480FEAD23B4F819D6DB61E14 BaseClass:/Game/Content/BP_Tile.BP_Tile_C NativeClass:/Script/Engine.Actor Name:BP_Tile_C_UAID_581122D4945670B401_1860749988 Label:BP_Tile53 SpatiallyLoaded:1 Bounds:IsValid=true, Min=(X=-715.526 Y=1820.049 Z=-100.050), Max=(X=-450.361 Y=2085.214 Z=32.000) RuntimeGrid:None EditorOnly:0 RuntimeOnly:0 HLODRelevant:0
 |   |   |- [+] [ 43]
 |   |   |   |- Guid:B0F53FD34D1335EEBAF32395966F92F9 BaseClass:/Game/Content/BP_Tileblack.BP_Tileblack_C NativeClass:/Script/Engine.Actor Name:BP_Tileblack_C_UAID_581122D4945670B401_1860750989 Label:BP_Tileblack4 SpatiallyLoaded:1 Bounds:IsValid=true, Min=(X=-582.850 Y=1687.374 Z=-100.050), Max=(X=-317.685 Y=1952.539 Z=32.000) RuntimeGrid:None EditorOnly:0 RuntimeOnly:0 HLODRelevant:0
 |   |   |- [+] [ 44]
 |   |   |   |- Guid:6F154C23460681D32133D9BE20144124 BaseClass:/Game/Content/BP_Tile.BP_Tile_C NativeClass:/Script/Engine.Actor Name:BP_Tile_C_UAID_581122D4945670B401_1860751990 Label:BP_Tile54 SpatiallyLoaded:1 Bounds:IsValid=true, Min=(X=-450.361 Y=1554.884 Z=-100.050), Max=(X=-185.196 Y=1820.049 Z=32.000) RuntimeGrid:None EditorOnly:0 RuntimeOnly:0 HLODRelevant:0
 |   |   |- [+] [ 45]
 |   |   |   |- Guid:4E1F89294AF52339E487B69F87F491A4 BaseClass:/Game/Content/BP_Tileblack.BP_Tileblack_C NativeClass:/Script/Engine.Actor Name:BP_Tileblack_C_UAID_581122D4945670B401_1969253991 Label:BP_Tileblack5 SpatiallyLoaded:1 Bounds:IsValid=true, Min=(X=-316.953 Y=1422.888 Z=-100.050), Max=(X=-51.788 Y=1688.053 Z=32.000) RuntimeGrid:None EditorOnly:0 RuntimeOnly:0 HLODRelevant:0
 |   |   |- [+] [ 46]
 |   |   |   |- Guid:A26D9A42483BB0DC13B22E97A2839EB6 BaseClass:/Game/Content/BP_Tile.BP_Tile_C NativeClass:/Script/Engine.Actor Name:BP_Tile_C_UAID_581122D4945670B401_1992856992 Label:BP_Tile52 SpatiallyLoaded:1 Bounds:IsValid=true, Min=(X=-981.201 Y=1819.668 Z=-100.050), Max=(X=-716.036 Y=2084.833 Z=32.000) RuntimeGrid:None EditorOnly:0 RuntimeOnly:0 HLODRelevant:0
 |   |   |- [+] [ 47]
 |   |   |   |- Guid:96FCF07440AFC4D0410E208CA40E2CE3 BaseClass:/Game/Content/BP_Tileblack.BP_Tileblack_C NativeClass:/Script/Engine.Actor Name:BP_Tileblack_C_UAID_581122D4945670B401_1992858993 Label:BP_Tileblack6 SpatiallyLoaded:1 Bounds:IsValid=true, Min=(X=-848.526 Y=1686.992 Z=-100.050), Max=(X=-583.361 Y=1952.157 Z=32.000) RuntimeGrid:None EditorOnly:0 RuntimeOnly:0 HLODRelevant:0
 |   |   |- [+] [ 48]
 |   |   |   |- Guid:333A3DEE4056C651B9605F88EE5F8C81 BaseClass:/Game/Content/BP_Tile.BP_Tile_C NativeClass:/Script/Engine.Actor Name:BP_Tile_C_UAID_581122D4945670B401_1992860994 Label:BP_Tile55 SpatiallyLoaded:1 Bounds:IsValid=true, Min=(X=-716.036 Y=1554.502 Z=-100.050), Max=(X=-450.871 Y=1819.668 Z=32.000) RuntimeGrid:None EditorOnly:0 RuntimeOnly:0 HLODRelevant:0
 |   |   |- [+] [ 49]
 |   |   |   |- Guid:8C52BC684F6F8371AB0B04A6CAC2DDF2 BaseClass:/Game/Content/BP_Tileblack.BP_Tileblack_C NativeClass:/Script/Engine.Actor Name:BP_Tileblack_C_UAID_581122D4945670B401_1992861995 Label:BP_Tileblack7 SpatiallyLoaded:1 Bounds:IsValid=true, Min=(X=-583.361 Y=1421.827 Z=-100.050), Max=(X=-318.195 Y=1686.992 Z=32.000) RuntimeGrid:None EditorOnly:0 RuntimeOnly:0 HLODRelevant:0
 |   |   |- [+] [ 50]
 |   |   |   |- Guid:688F2159403F950BF682E88B15E3A917 BaseClass:/Game/Content/BP_Tile.BP_Tile_C NativeClass:/Script/Engine.Actor Name:BP_Tile_C_UAID_581122D4945670B401_1992862996 Label:BP_Tile56 SpatiallyLoaded:1 Bounds:IsValid=true, Min=(X=-450.166 Y=1290.043 Z=-100.050), Max=(X=-185.001 Y=1555.208 Z=32.000) RuntimeGrid:None EditorOnly:0 RuntimeOnly:0 HLODRelevant:0
 |   |   |- [+] [ 51]
 |   |   |   |- Guid:8C5356BF490AFED1A05A0F934B62BB3D BaseClass:/Game/Content/BP_Tileblack.BP_Tileblack_C NativeClass:/Script/Engine.Actor Name:BP_Tileblack_C_UAID_581122D4945670B401_1992863997 Label:BP_Tileblack8 SpatiallyLoaded:1 Bounds:IsValid=true, Min=(X=-1113.273 Y=1687.281 Z=-100.050), Max=(X=-848.108 Y=1952.446 Z=32.000) RuntimeGrid:None EditorOnly:0 RuntimeOnly:0 HLODRelevant:0
 |   |   |- [+] [ 52]
 |   |   |   |- Guid:B7C194764996BD0CE42A27825C790318 BaseClass:/Game/Content/BP_Tile.BP_Tile_C NativeClass:/Script/Engine.Actor Name:BP_Tile_C_UAID_581122D4945670B401_1992864998 Label:BP_Tile57 SpatiallyLoaded:1 Bounds:IsValid=true, Min=(X=-980.783 Y=1554.792 Z=-100.050), Max=(X=-715.618 Y=1819.957 Z=32.000) RuntimeGrid:None EditorOnly:0 RuntimeOnly:0 HLODRelevant:0
 |   |   |- [+] [ 53]
 |   |   |   |- Guid:43FF9DB846DDE7F0B354CEBDBB0A5675 BaseClass:/Game/Content/BP_Tileblack.BP_Tileblack_C NativeClass:/Script/Engine.Actor Name:BP_Tileblack_C_UAID_581122D4945670B401_1992865999 Label:BP_Tileblack9 SpatiallyLoaded:1 Bounds:IsValid=true, Min=(X=-848.108 Y=1422.116 Z=-100.050), Max=(X=-582.942 Y=1687.281 Z=32.000) RuntimeGrid:None EditorOnly:0 RuntimeOnly:0 HLODRelevant:0
 |   |   |- [+] [ 54]
 |   |   |   |- Guid:2D3C227E48ECB0B7F5EFB694E667F4A4 BaseClass:/Game/Content/BP_Tile.BP_Tile_C NativeClass:/Script/Engine.Actor Name:BP_Tile_C_UAID_581122D4945670B401_1992867000 Label:BP_Tile58 SpatiallyLoaded:1 Bounds:IsValid=true, Min=(X=-715.618 Y=1289.626 Z=-100.050), Max=(X=-450.453 Y=1554.792 Z=32.000) RuntimeGrid:None EditorOnly:0 RuntimeOnly:0 HLODRelevant:0
 |   |   |- [+] [ 55]
 |   |   |   |- Guid:DDB633D440BB3BBC58022C8115E3697C BaseClass:/Game/Content/BP_Tileblack.BP_Tileblack_C NativeClass:/Script/Engine.Actor Name:BP_Tileblack_C_UAID_581122D4945670B401_1992868001 Label:BP_Tileblack10 SpatiallyLoaded:1 Bounds:IsValid=true, Min=(X=-582.211 Y=1157.630 Z=-100.050), Max=(X=-317.046 Y=1422.795 Z=32.000) RuntimeGrid:None EditorOnly:0 RuntimeOnly:0 HLODRelevant:0
 |   |   |- [+] [ 56]
 |   |   |   |- Guid:000D2EDF44A3768DB61A41A76401A8BB BaseClass:/Game/Content/BP_Tileblack.BP_Tileblack_C NativeClass:/Script/Engine.Actor Name:BP_Tileblack_C_UAID_581122D4945670B401_2013651002 Label:BP_Tileblack11 SpatiallyLoaded:1 Bounds:IsValid=true, Min=(X=-583.105 Y=2217.448 Z=-100.050), Max=(X=-317.940 Y=2482.613 Z=32.000) RuntimeGrid:None EditorOnly:0 RuntimeOnly:0 HLODRelevant:0
 |   |   |- [+] [ 57]
 |   |   |   |- Guid:923C95A9431647BC58B09888F6D93165 BaseClass:/Game/Content/BP_Tile.BP_Tile_C NativeClass:/Script/Engine.Actor Name:BP_Tile_C_UAID_581122D4945670B401_2013653003 Label:BP_Tile59 SpatiallyLoaded:1 Bounds:IsValid=true, Min=(X=-450.616 Y=2084.959 Z=-100.050), Max=(X=-185.451 Y=2350.124 Z=32.000) RuntimeGrid:None EditorOnly:0 RuntimeOnly:0 HLODRelevant:0
 |   |   |- [+] [ 58]
 |   |   |   |- Guid:D1EFBEAB40E28D849011EAAEC32C5FD9 BaseClass:/Game/Content/BP_Tileblack.BP_Tileblack_C NativeClass:/Script/Engine.Actor Name:BP_Tileblack_C_UAID_581122D4945670B401_2013654004 Label:BP_Tileblack12 SpatiallyLoaded:1 Bounds:IsValid=true, Min=(X=-317.940 Y=1952.283 Z=-100.050), Max=(X=-52.775 Y=2217.448 Z=32.000) RuntimeGrid:None EditorOnly:0 RuntimeOnly:0 HLODRelevant:0
 |   |   |- [+] [ 59]
 |   |   |   |- Guid:767FD2694EBE7F0471C270AA072E88B4 BaseClass:/Game/Content/BP_Tile.BP_Tile_C NativeClass:/Script/Engine.Actor Name:BP_Tile_C_UAID_581122D4945670B401_2013655005 Label:BP_Tile60 SpatiallyLoaded:1 Bounds:IsValid=true, Min=(X=-184.746 Y=1820.499 Z=-100.050), Max=(X=80.419 Y=2085.664 Z=32.000) RuntimeGrid:None EditorOnly:0 RuntimeOnly:0 HLODRelevant:0
 |   |   |- [+] [ 60]
 |   |   |   |- Guid:A2D94D8942D0AC2AF7A242A812020FC2 BaseClass:/Game/Content/BP_Tileblack.BP_Tileblack_C NativeClass:/Script/Engine.Actor Name:BP_Tileblack_C_UAID_581122D4945670B401_2013656006 Label:BP_Tileblack13 SpatiallyLoaded:1 Bounds:IsValid=true, Min=(X=-52.044 Y=1687.798 Z=-100.050), Max=(X=213.121 Y=1952.963 Z=32.000) RuntimeGrid:None EditorOnly:0 RuntimeOnly:0 HLODRelevant:0
 |- ContainerInstances:
 |- [+] MainContainer:
 |   |-        ID: 0x0000000000000000
 |   |-    Bounds: IsValid=false, Min=(X=0.000 Y=0.000 Z=0.000), Max=(X=0.000 Y=0.000 Z=0.000)
 |   |- Transform: 0.000000,0.000000,0.000000|0.000000,0.000000,-0.000000|1.000000,1.000000,1.000000
 |   |- Container: /Game/TopDown/Maps/TopDownMap
----------------------------------------------------------------------------------------------------------------
TopDownMap - Persistent Level
----------------------------------------------------------------------------------------------------------------
Always loaded Actor Count: 93 

----------------------------------------------------------------------------------------------------------------
TopDownMap - Runtime Spatial Hash - Streaming Grid - MainGrid
----------------------------------------------------------------------------------------------------------------
            Origin: X=0.000 Y=0.000 Z=0.000
         Cell Size: 12800
      World Bounds: IsValid=false, Min=(X=0.000 Y=0.000 Z=0.000), Max=(X=0.000 Y=0.000 Z=0.000)
     Loading Range: 25600.00
Block Slow Loading: No
 ClientOnlyVisible: No

[+] Grid Levels: 1
 |- Level  0: Cell Count    0 | Cell Size   12800 | Actor Count    0 (0.0%)

[+] Content of Grid Level 0

